2020-05-28 09:20:52  [ main:14 ] - [ INFO ]  Refreshing org.springframework.context.support.ClassPathXmlApplicationContext@606d8acf: startup date [Thu May 28 09:20:52 CST 2020]; root of context hierarchy
2020-05-28 09:20:52  [ main:99 ] - [ INFO ]  Loading XML bean definitions from class path resource [applicationContext01.xml]
2020-05-28 09:20:52  [ main:427 ] - [ INFO ]  Using default implementation for ThreadExecutor
2020-05-28 09:20:52  [ main:438 ] - [ INFO ]  Initialized Scheduler Signaller of type: class org.quartz.core.SchedulerSignalerImpl
2020-05-28 09:20:52  [ main:440 ] - [ INFO ]  Quartz Scheduler v.2.2.1 created.
2020-05-28 09:20:52  [ main:441 ] - [ INFO ]  RAMJobStore initialized.
2020-05-28 09:20:52  [ main:442 ] - [ INFO ]  Scheduler meta-data: Quartz Scheduler (v2.2.1) 'scheduler' with instanceId 'NON_CLUSTERED'
  Scheduler class: 'org.quartz.core.QuartzScheduler' - running locally.
  NOT STARTED.
  Currently in standby mode.
  Number of jobs executed: 0
  Using thread pool 'org.quartz.simpl.SimpleThreadPool' - with 10 threads.
  Using job-store 'org.quartz.simpl.RAMJobStore' - which does not support persistence. and is not clustered.

2020-05-28 09:20:52  [ main:443 ] - [ INFO ]  Quartz scheduler 'scheduler' initialized from an externally provided properties instance.
2020-05-28 09:20:52  [ main:443 ] - [ INFO ]  Quartz scheduler version: 2.2.1
2020-05-28 09:20:52  [ main:444 ] - [ INFO ]  JobFactory set to: org.springframework.scheduling.quartz.AdaptableJobFactory@2f8f5f62
2020-05-28 09:20:52  [ main:449 ] - [ INFO ]  Starting beans in phase 2147483647
2020-05-28 09:20:52  [ main:450 ] - [ INFO ]  Starting Quartz Scheduler now
2020-05-28 09:20:52  [ main:450 ] - [ INFO ]  Scheduler scheduler_$_NON_CLUSTERED started.
2020-05-28 09:27:17  [ nioEventLoopGroup-3-1:13823 ] - [ INFO ]  Reflections took 40 ms to scan 1 urls, producing 1 keys and 1 values 
2020-05-28 09:27:23  [ nioEventLoopGroup-3-1:20119 ] - [ INFO ]  Reflections took 6 ms to scan 1 urls, producing 1 keys and 1 values 
2020-05-28 09:27:24  [ nioEventLoopGroup-3-1:21344 ] - [ INFO ]  Reflections took 4 ms to scan 1 urls, producing 1 keys and 1 values 
2020-05-28 09:27:29  [ nioEventLoopGroup-3-1:26708 ] - [ INFO ]  Reflections took 4 ms to scan 1 urls, producing 1 keys and 1 values 
2020-05-28 09:27:29  [ nioEventLoopGroup-3-1:26709 ] - [ WARN ]  An exceptionCaught() event was fired, and it reached at the tail of the pipeline. It usually means the last handler in the pipeline did not handle the exception.
java.lang.NullPointerException: msg
	at io.netty.util.internal.ObjectUtil.checkNotNull(ObjectUtil.java:33)
	at io.netty.channel.AbstractChannelHandlerContext.write(AbstractChannelHandlerContext.java:772)
	at io.netty.channel.AbstractChannelHandlerContext.writeAndFlush(AbstractChannelHandlerContext.java:758)
	at io.netty.channel.AbstractChannelHandlerContext.writeAndFlush(AbstractChannelHandlerContext.java:808)
	at io.netty.channel.DefaultChannelPipeline.writeAndFlush(DefaultChannelPipeline.java:1025)
	at io.netty.channel.AbstractChannel.writeAndFlush(AbstractChannel.java:294)
	at com.game.netty.server.ServerHandler.channelRead(ServerHandler.java:27)
	at io.netty.channel.AbstractChannelHandlerContext.invokeChannelRead(AbstractChannelHandlerContext.java:379)
	at io.netty.channel.AbstractChannelHandlerContext.invokeChannelRead(AbstractChannelHandlerContext.java:365)
	at io.netty.channel.AbstractChannelHandlerContext.fireChannelRead(AbstractChannelHandlerContext.java:357)
	at io.netty.handler.codec.MessageToMessageDecoder.channelRead(MessageToMessageDecoder.java:103)
	at io.netty.channel.AbstractChannelHandlerContext.invokeChannelRead(AbstractChannelHandlerContext.java:379)
	at io.netty.channel.AbstractChannelHandlerContext.invokeChannelRead(AbstractChannelHandlerContext.java:365)
	at io.netty.channel.AbstractChannelHandlerContext.fireChannelRead(AbstractChannelHandlerContext.java:357)
	at io.netty.channel.DefaultChannelPipeline$HeadContext.channelRead(DefaultChannelPipeline.java:1410)
	at io.netty.channel.AbstractChannelHandlerContext.invokeChannelRead(AbstractChannelHandlerContext.java:379)
	at io.netty.channel.AbstractChannelHandlerContext.invokeChannelRead(AbstractChannelHandlerContext.java:365)
	at io.netty.channel.DefaultChannelPipeline.fireChannelRead(DefaultChannelPipeline.java:919)
	at io.netty.channel.nio.AbstractNioByteChannel$NioByteUnsafe.read(AbstractNioByteChannel.java:163)
	at io.netty.channel.nio.NioEventLoop.processSelectedKey(NioEventLoop.java:714)
	at io.netty.channel.nio.NioEventLoop.processSelectedKeysOptimized(NioEventLoop.java:650)
	at io.netty.channel.nio.NioEventLoop.processSelectedKeys(NioEventLoop.java:576)
	at io.netty.channel.nio.NioEventLoop.run(NioEventLoop.java:493)
	at io.netty.util.concurrent.SingleThreadEventExecutor$4.run(SingleThreadEventExecutor.java:989)
	at io.netty.util.internal.ThreadExecutorMap$2.run(ThreadExecutorMap.java:74)
	at io.netty.util.concurrent.FastThreadLocalRunnable.run(FastThreadLocalRunnable.java:30)
	at java.lang.Thread.run(Thread.java:748)
2020-05-28 09:27:35  [ nioEventLoopGroup-3-1:32190 ] - [ INFO ]  Reflections took 4 ms to scan 1 urls, producing 1 keys and 1 values 
2020-05-28 09:27:41  [ nioEventLoopGroup-3-1:37981 ] - [ INFO ]  Reflections took 4 ms to scan 1 urls, producing 1 keys and 1 values 
2020-05-28 09:27:41  [ nioEventLoopGroup-3-1:38008 ] - [ WARN ]  An exceptionCaught() event was fired, and it reached at the tail of the pipeline. It usually means the last handler in the pipeline did not handle the exception.
java.lang.NullPointerException: msg
	at io.netty.util.internal.ObjectUtil.checkNotNull(ObjectUtil.java:33)
	at io.netty.channel.AbstractChannelHandlerContext.write(AbstractChannelHandlerContext.java:772)
	at io.netty.channel.AbstractChannelHandlerContext.writeAndFlush(AbstractChannelHandlerContext.java:758)
	at io.netty.channel.AbstractChannelHandlerContext.writeAndFlush(AbstractChannelHandlerContext.java:808)
	at io.netty.channel.DefaultChannelPipeline.writeAndFlush(DefaultChannelPipeline.java:1025)
	at io.netty.channel.AbstractChannel.writeAndFlush(AbstractChannel.java:294)
	at com.game.netty.server.ServerHandler.channelRead(ServerHandler.java:27)
	at io.netty.channel.AbstractChannelHandlerContext.invokeChannelRead(AbstractChannelHandlerContext.java:379)
	at io.netty.channel.AbstractChannelHandlerContext.invokeChannelRead(AbstractChannelHandlerContext.java:365)
	at io.netty.channel.AbstractChannelHandlerContext.fireChannelRead(AbstractChannelHandlerContext.java:357)
	at io.netty.handler.codec.MessageToMessageDecoder.channelRead(MessageToMessageDecoder.java:103)
	at io.netty.channel.AbstractChannelHandlerContext.invokeChannelRead(AbstractChannelHandlerContext.java:379)
	at io.netty.channel.AbstractChannelHandlerContext.invokeChannelRead(AbstractChannelHandlerContext.java:365)
	at io.netty.channel.AbstractChannelHandlerContext.fireChannelRead(AbstractChannelHandlerContext.java:357)
	at io.netty.channel.DefaultChannelPipeline$HeadContext.channelRead(DefaultChannelPipeline.java:1410)
	at io.netty.channel.AbstractChannelHandlerContext.invokeChannelRead(AbstractChannelHandlerContext.java:379)
	at io.netty.channel.AbstractChannelHandlerContext.invokeChannelRead(AbstractChannelHandlerContext.java:365)
	at io.netty.channel.DefaultChannelPipeline.fireChannelRead(DefaultChannelPipeline.java:919)
	at io.netty.channel.nio.AbstractNioByteChannel$NioByteUnsafe.read(AbstractNioByteChannel.java:163)
	at io.netty.channel.nio.NioEventLoop.processSelectedKey(NioEventLoop.java:714)
	at io.netty.channel.nio.NioEventLoop.processSelectedKeysOptimized(NioEventLoop.java:650)
	at io.netty.channel.nio.NioEventLoop.processSelectedKeys(NioEventLoop.java:576)
	at io.netty.channel.nio.NioEventLoop.run(NioEventLoop.java:493)
	at io.netty.util.concurrent.SingleThreadEventExecutor$4.run(SingleThreadEventExecutor.java:989)
	at io.netty.util.internal.ThreadExecutorMap$2.run(ThreadExecutorMap.java:74)
	at io.netty.util.concurrent.FastThreadLocalRunnable.run(FastThreadLocalRunnable.java:30)
	at java.lang.Thread.run(Thread.java:748)
2020-05-28 09:27:55  [ nioEventLoopGroup-3-1:52129 ] - [ INFO ]  Reflections took 2 ms to scan 1 urls, producing 1 keys and 1 values 
2020-05-28 09:27:59  [ nioEventLoopGroup-3-1:56318 ] - [ INFO ]  Reflections took 2 ms to scan 1 urls, producing 1 keys and 1 values 
2020-05-28 09:38:39  [ main:5 ] - [ INFO ]  Refreshing org.springframework.context.support.ClassPathXmlApplicationContext@606d8acf: startup date [Thu May 28 09:38:39 CST 2020]; root of context hierarchy
2020-05-28 09:38:39  [ main:45 ] - [ INFO ]  Loading XML bean definitions from class path resource [applicationContext01.xml]
2020-05-28 09:38:39  [ main:252 ] - [ INFO ]  Using default implementation for ThreadExecutor
2020-05-28 09:38:39  [ main:263 ] - [ INFO ]  Initialized Scheduler Signaller of type: class org.quartz.core.SchedulerSignalerImpl
2020-05-28 09:38:39  [ main:264 ] - [ INFO ]  Quartz Scheduler v.2.2.1 created.
2020-05-28 09:38:39  [ main:266 ] - [ INFO ]  RAMJobStore initialized.
2020-05-28 09:38:39  [ main:266 ] - [ INFO ]  Scheduler meta-data: Quartz Scheduler (v2.2.1) 'scheduler' with instanceId 'NON_CLUSTERED'
  Scheduler class: 'org.quartz.core.QuartzScheduler' - running locally.
  NOT STARTED.
  Currently in standby mode.
  Number of jobs executed: 0
  Using thread pool 'org.quartz.simpl.SimpleThreadPool' - with 10 threads.
  Using job-store 'org.quartz.simpl.RAMJobStore' - which does not support persistence. and is not clustered.

2020-05-28 09:38:39  [ main:267 ] - [ INFO ]  Quartz scheduler 'scheduler' initialized from an externally provided properties instance.
2020-05-28 09:38:39  [ main:267 ] - [ INFO ]  Quartz scheduler version: 2.2.1
2020-05-28 09:38:39  [ main:268 ] - [ INFO ]  JobFactory set to: org.springframework.scheduling.quartz.AdaptableJobFactory@1068e947
2020-05-28 09:38:39  [ main:275 ] - [ INFO ]  Starting beans in phase 2147483647
2020-05-28 09:38:39  [ main:275 ] - [ INFO ]  Starting Quartz Scheduler now
2020-05-28 09:38:39  [ main:276 ] - [ INFO ]  Scheduler scheduler_$_NON_CLUSTERED started.
2020-05-28 09:45:50  [ main:6 ] - [ INFO ]  Refreshing org.springframework.context.support.ClassPathXmlApplicationContext@606d8acf: startup date [Thu May 28 09:45:50 CST 2020]; root of context hierarchy
2020-05-28 09:45:50  [ main:46 ] - [ INFO ]  Loading XML bean definitions from class path resource [applicationContext01.xml]
2020-05-28 09:45:50  [ main:249 ] - [ INFO ]  Using default implementation for ThreadExecutor
2020-05-28 09:45:50  [ main:259 ] - [ INFO ]  Initialized Scheduler Signaller of type: class org.quartz.core.SchedulerSignalerImpl
2020-05-28 09:45:50  [ main:259 ] - [ INFO ]  Quartz Scheduler v.2.2.1 created.
2020-05-28 09:45:50  [ main:260 ] - [ INFO ]  RAMJobStore initialized.
2020-05-28 09:45:50  [ main:261 ] - [ INFO ]  Scheduler meta-data: Quartz Scheduler (v2.2.1) 'scheduler' with instanceId 'NON_CLUSTERED'
  Scheduler class: 'org.quartz.core.QuartzScheduler' - running locally.
  NOT STARTED.
  Currently in standby mode.
  Number of jobs executed: 0
  Using thread pool 'org.quartz.simpl.SimpleThreadPool' - with 10 threads.
  Using job-store 'org.quartz.simpl.RAMJobStore' - which does not support persistence. and is not clustered.

2020-05-28 09:45:50  [ main:261 ] - [ INFO ]  Quartz scheduler 'scheduler' initialized from an externally provided properties instance.
2020-05-28 09:45:50  [ main:261 ] - [ INFO ]  Quartz scheduler version: 2.2.1
2020-05-28 09:45:50  [ main:262 ] - [ INFO ]  JobFactory set to: org.springframework.scheduling.quartz.AdaptableJobFactory@1068e947
2020-05-28 09:45:50  [ main:267 ] - [ INFO ]  Starting beans in phase 2147483647
2020-05-28 09:45:50  [ main:267 ] - [ INFO ]  Starting Quartz Scheduler now
2020-05-28 09:45:50  [ main:267 ] - [ INFO ]  Scheduler scheduler_$_NON_CLUSTERED started.
2020-05-28 10:01:32  [ nioEventLoopGroup-3-1:8135 ] - [ INFO ]  Reflections took 27 ms to scan 1 urls, producing 1 keys and 1 values 
2020-05-28 10:01:35  [ nioEventLoopGroup-3-1:10960 ] - [ INFO ]  Reflections took 6 ms to scan 1 urls, producing 1 keys and 1 values 
2020-05-28 10:01:35  [ nioEventLoopGroup-3-1:10985 ] - [ WARN ]  An exceptionCaught() event was fired, and it reached at the tail of the pipeline. It usually means the last handler in the pipeline did not handle the exception.
java.lang.NullPointerException: msg
	at io.netty.util.internal.ObjectUtil.checkNotNull(ObjectUtil.java:33)
	at io.netty.channel.AbstractChannelHandlerContext.write(AbstractChannelHandlerContext.java:772)
	at io.netty.channel.AbstractChannelHandlerContext.writeAndFlush(AbstractChannelHandlerContext.java:758)
	at io.netty.channel.AbstractChannelHandlerContext.writeAndFlush(AbstractChannelHandlerContext.java:808)
	at io.netty.channel.DefaultChannelPipeline.writeAndFlush(DefaultChannelPipeline.java:1025)
	at io.netty.channel.AbstractChannel.writeAndFlush(AbstractChannel.java:294)
	at com.game.netty.server.ServerHandler.channelRead(ServerHandler.java:27)
	at io.netty.channel.AbstractChannelHandlerContext.invokeChannelRead(AbstractChannelHandlerContext.java:379)
	at io.netty.channel.AbstractChannelHandlerContext.invokeChannelRead(AbstractChannelHandlerContext.java:365)
	at io.netty.channel.AbstractChannelHandlerContext.fireChannelRead(AbstractChannelHandlerContext.java:357)
	at io.netty.handler.codec.MessageToMessageDecoder.channelRead(MessageToMessageDecoder.java:103)
	at io.netty.channel.AbstractChannelHandlerContext.invokeChannelRead(AbstractChannelHandlerContext.java:379)
	at io.netty.channel.AbstractChannelHandlerContext.invokeChannelRead(AbstractChannelHandlerContext.java:365)
	at io.netty.channel.AbstractChannelHandlerContext.fireChannelRead(AbstractChannelHandlerContext.java:357)
	at io.netty.channel.DefaultChannelPipeline$HeadContext.channelRead(DefaultChannelPipeline.java:1410)
	at io.netty.channel.AbstractChannelHandlerContext.invokeChannelRead(AbstractChannelHandlerContext.java:379)
	at io.netty.channel.AbstractChannelHandlerContext.invokeChannelRead(AbstractChannelHandlerContext.java:365)
	at io.netty.channel.DefaultChannelPipeline.fireChannelRead(DefaultChannelPipeline.java:919)
	at io.netty.channel.nio.AbstractNioByteChannel$NioByteUnsafe.read(AbstractNioByteChannel.java:163)
	at io.netty.channel.nio.NioEventLoop.processSelectedKey(NioEventLoop.java:714)
	at io.netty.channel.nio.NioEventLoop.processSelectedKeysOptimized(NioEventLoop.java:650)
	at io.netty.channel.nio.NioEventLoop.processSelectedKeys(NioEventLoop.java:576)
	at io.netty.channel.nio.NioEventLoop.run(NioEventLoop.java:493)
	at io.netty.util.concurrent.SingleThreadEventExecutor$4.run(SingleThreadEventExecutor.java:989)
	at io.netty.util.internal.ThreadExecutorMap$2.run(ThreadExecutorMap.java:74)
	at io.netty.util.concurrent.FastThreadLocalRunnable.run(FastThreadLocalRunnable.java:30)
	at java.lang.Thread.run(Thread.java:748)
2020-05-28 10:05:20  [ nioEventLoopGroup-3-1:9950 ] - [ INFO ]  Reflections took 27 ms to scan 1 urls, producing 1 keys and 1 values 
2020-05-28 10:05:22  [ nioEventLoopGroup-3-1:12692 ] - [ INFO ]  Reflections took 5 ms to scan 1 urls, producing 1 keys and 1 values 
2020-05-28 10:05:24  [ nioEventLoopGroup-3-1:13837 ] - [ INFO ]  Reflections took 3 ms to scan 1 urls, producing 1 keys and 1 values 
2020-05-28 10:05:32  [ nioEventLoopGroup-3-1:21699 ] - [ INFO ]  Reflections took 3 ms to scan 1 urls, producing 1 keys and 1 values 
2020-05-28 10:05:38  [ nioEventLoopGroup-3-1:27821 ] - [ INFO ]  Reflections took 5 ms to scan 1 urls, producing 1 keys and 1 values 
2020-05-28 10:06:04  [ nioEventLoopGroup-3-1:54180 ] - [ INFO ]  Reflections took 2 ms to scan 1 urls, producing 1 keys and 1 values 
2020-05-28 10:06:04  [ nioEventLoopGroup-3-1:54245 ] - [ WARN ]  An exceptionCaught() event was fired, and it reached at the tail of the pipeline. It usually means the last handler in the pipeline did not handle the exception.
java.lang.NullPointerException: msg
	at io.netty.util.internal.ObjectUtil.checkNotNull(ObjectUtil.java:33)
	at io.netty.channel.AbstractChannelHandlerContext.write(AbstractChannelHandlerContext.java:772)
	at io.netty.channel.AbstractChannelHandlerContext.writeAndFlush(AbstractChannelHandlerContext.java:758)
	at io.netty.channel.AbstractChannelHandlerContext.writeAndFlush(AbstractChannelHandlerContext.java:808)
	at io.netty.channel.DefaultChannelPipeline.writeAndFlush(DefaultChannelPipeline.java:1025)
	at io.netty.channel.AbstractChannel.writeAndFlush(AbstractChannel.java:294)
	at com.game.netty.server.ServerHandler.channelRead(ServerHandler.java:27)
	at io.netty.channel.AbstractChannelHandlerContext.invokeChannelRead(AbstractChannelHandlerContext.java:379)
	at io.netty.channel.AbstractChannelHandlerContext.invokeChannelRead(AbstractChannelHandlerContext.java:365)
	at io.netty.channel.AbstractChannelHandlerContext.fireChannelRead(AbstractChannelHandlerContext.java:357)
	at io.netty.handler.codec.MessageToMessageDecoder.channelRead(MessageToMessageDecoder.java:103)
	at io.netty.channel.AbstractChannelHandlerContext.invokeChannelRead(AbstractChannelHandlerContext.java:379)
	at io.netty.channel.AbstractChannelHandlerContext.invokeChannelRead(AbstractChannelHandlerContext.java:365)
	at io.netty.channel.AbstractChannelHandlerContext.fireChannelRead(AbstractChannelHandlerContext.java:357)
	at io.netty.channel.DefaultChannelPipeline$HeadContext.channelRead(DefaultChannelPipeline.java:1410)
	at io.netty.channel.AbstractChannelHandlerContext.invokeChannelRead(AbstractChannelHandlerContext.java:379)
	at io.netty.channel.AbstractChannelHandlerContext.invokeChannelRead(AbstractChannelHandlerContext.java:365)
	at io.netty.channel.DefaultChannelPipeline.fireChannelRead(DefaultChannelPipeline.java:919)
	at io.netty.channel.nio.AbstractNioByteChannel$NioByteUnsafe.read(AbstractNioByteChannel.java:163)
	at io.netty.channel.nio.NioEventLoop.processSelectedKey(NioEventLoop.java:714)
	at io.netty.channel.nio.NioEventLoop.processSelectedKeysOptimized(NioEventLoop.java:650)
	at io.netty.channel.nio.NioEventLoop.processSelectedKeys(NioEventLoop.java:576)
	at io.netty.channel.nio.NioEventLoop.run(NioEventLoop.java:493)
	at io.netty.util.concurrent.SingleThreadEventExecutor$4.run(SingleThreadEventExecutor.java:989)
	at io.netty.util.internal.ThreadExecutorMap$2.run(ThreadExecutorMap.java:74)
	at io.netty.util.concurrent.FastThreadLocalRunnable.run(FastThreadLocalRunnable.java:30)
	at java.lang.Thread.run(Thread.java:748)
2020-05-28 10:06:15  [ nioEventLoopGroup-3-1:65598 ] - [ INFO ]  Reflections took 3 ms to scan 1 urls, producing 1 keys and 1 values 
2020-05-28 10:06:46  [ nioEventLoopGroup-3-1:96386 ] - [ INFO ]  Reflections took 3 ms to scan 1 urls, producing 1 keys and 1 values 
2020-05-28 11:17:09  [ nioEventLoopGroup-3-1:87145 ] - [ INFO ]  Reflections took 40 ms to scan 1 urls, producing 1 keys and 1 values 
2020-05-28 11:17:14  [ nioEventLoopGroup-3-1:92550 ] - [ INFO ]  Reflections took 5 ms to scan 1 urls, producing 1 keys and 1 values 
2020-05-28 11:17:14  [ nioEventLoopGroup-3-1:92583 ] - [ WARN ]  An exceptionCaught() event was fired, and it reached at the tail of the pipeline. It usually means the last handler in the pipeline did not handle the exception.
java.lang.NullPointerException: msg
	at io.netty.util.internal.ObjectUtil.checkNotNull(ObjectUtil.java:33)
	at io.netty.channel.AbstractChannelHandlerContext.write(AbstractChannelHandlerContext.java:772)
	at io.netty.channel.AbstractChannelHandlerContext.writeAndFlush(AbstractChannelHandlerContext.java:758)
	at io.netty.channel.AbstractChannelHandlerContext.writeAndFlush(AbstractChannelHandlerContext.java:808)
	at io.netty.channel.DefaultChannelPipeline.writeAndFlush(DefaultChannelPipeline.java:1025)
	at io.netty.channel.AbstractChannel.writeAndFlush(AbstractChannel.java:294)
	at com.game.netty.server.ServerHandler.channelRead(ServerHandler.java:27)
	at io.netty.channel.AbstractChannelHandlerContext.invokeChannelRead(AbstractChannelHandlerContext.java:379)
	at io.netty.channel.AbstractChannelHandlerContext.invokeChannelRead(AbstractChannelHandlerContext.java:365)
	at io.netty.channel.AbstractChannelHandlerContext.fireChannelRead(AbstractChannelHandlerContext.java:357)
	at io.netty.handler.codec.MessageToMessageDecoder.channelRead(MessageToMessageDecoder.java:103)
	at io.netty.channel.AbstractChannelHandlerContext.invokeChannelRead(AbstractChannelHandlerContext.java:379)
	at io.netty.channel.AbstractChannelHandlerContext.invokeChannelRead(AbstractChannelHandlerContext.java:365)
	at io.netty.channel.AbstractChannelHandlerContext.fireChannelRead(AbstractChannelHandlerContext.java:357)
	at io.netty.channel.DefaultChannelPipeline$HeadContext.channelRead(DefaultChannelPipeline.java:1410)
	at io.netty.channel.AbstractChannelHandlerContext.invokeChannelRead(AbstractChannelHandlerContext.java:379)
	at io.netty.channel.AbstractChannelHandlerContext.invokeChannelRead(AbstractChannelHandlerContext.java:365)
	at io.netty.channel.DefaultChannelPipeline.fireChannelRead(DefaultChannelPipeline.java:919)
	at io.netty.channel.nio.AbstractNioByteChannel$NioByteUnsafe.read(AbstractNioByteChannel.java:163)
	at io.netty.channel.nio.NioEventLoop.processSelectedKey(NioEventLoop.java:714)
	at io.netty.channel.nio.NioEventLoop.processSelectedKeysOptimized(NioEventLoop.java:650)
	at io.netty.channel.nio.NioEventLoop.processSelectedKeys(NioEventLoop.java:576)
	at io.netty.channel.nio.NioEventLoop.run(NioEventLoop.java:493)
	at io.netty.util.concurrent.SingleThreadEventExecutor$4.run(SingleThreadEventExecutor.java:989)
	at io.netty.util.internal.ThreadExecutorMap$2.run(ThreadExecutorMap.java:74)
	at io.netty.util.concurrent.FastThreadLocalRunnable.run(FastThreadLocalRunnable.java:30)
	at java.lang.Thread.run(Thread.java:748)
2020-05-28 11:19:30  [ nioEventLoopGroup-3-1:6002 ] - [ INFO ]  Reflections took 26 ms to scan 1 urls, producing 1 keys and 1 values 
2020-05-28 11:19:40  [ nioEventLoopGroup-3-1:16116 ] - [ INFO ]  Reflections took 5 ms to scan 1 urls, producing 1 keys and 1 values 
2020-05-28 14:44:03  [ nioEventLoopGroup-3-1:6136 ] - [ INFO ]  Reflections took 38 ms to scan 1 urls, producing 1 keys and 1 values 
2020-05-28 14:44:07  [ nioEventLoopGroup-3-1:9221 ] - [ INFO ]  Reflections took 5 ms to scan 1 urls, producing 1 keys and 1 values 
2020-05-28 14:44:08  [ nioEventLoopGroup-3-1:10621 ] - [ INFO ]  Reflections took 3 ms to scan 1 urls, producing 1 keys and 1 values 
2020-05-28 14:44:37  [ nioEventLoopGroup-3-1:39704 ] - [ INFO ]  Reflections took 3 ms to scan 1 urls, producing 1 keys and 1 values 
2020-05-28 14:51:11  [ nioEventLoopGroup-3-1:5500 ] - [ INFO ]  Reflections took 27 ms to scan 1 urls, producing 1 keys and 1 values 
2020-05-28 14:51:13  [ nioEventLoopGroup-3-1:7928 ] - [ INFO ]  Reflections took 4 ms to scan 1 urls, producing 1 keys and 1 values 
2020-05-28 14:51:15  [ nioEventLoopGroup-3-1:9094 ] - [ INFO ]  Reflections took 2 ms to scan 1 urls, producing 1 keys and 1 values 
2020-05-28 14:51:20  [ nioEventLoopGroup-3-1:14244 ] - [ INFO ]  Reflections took 2 ms to scan 1 urls, producing 1 keys and 1 values 
2020-05-28 14:53:06  [ nioEventLoopGroup-3-1:30088 ] - [ INFO ]  Reflections took 28 ms to scan 1 urls, producing 1 keys and 1 values 
2020-05-28 14:53:09  [ nioEventLoopGroup-3-1:33330 ] - [ INFO ]  Reflections took 7 ms to scan 1 urls, producing 1 keys and 1 values 
2020-05-28 14:53:15  [ nioEventLoopGroup-3-1:38573 ] - [ INFO ]  Reflections took 3 ms to scan 1 urls, producing 1 keys and 1 values 
2020-05-28 14:53:15  [ nioEventLoopGroup-3-1:38592 ] - [ WARN ]  An exceptionCaught() event was fired, and it reached at the tail of the pipeline. It usually means the last handler in the pipeline did not handle the exception.
java.lang.NullPointerException: msg
	at io.netty.util.internal.ObjectUtil.checkNotNull(ObjectUtil.java:33)
	at io.netty.channel.AbstractChannelHandlerContext.write(AbstractChannelHandlerContext.java:772)
	at io.netty.channel.AbstractChannelHandlerContext.writeAndFlush(AbstractChannelHandlerContext.java:758)
	at io.netty.channel.AbstractChannelHandlerContext.writeAndFlush(AbstractChannelHandlerContext.java:808)
	at io.netty.channel.DefaultChannelPipeline.writeAndFlush(DefaultChannelPipeline.java:1025)
	at io.netty.channel.AbstractChannel.writeAndFlush(AbstractChannel.java:294)
	at com.game.netty.server.ServerHandler.channelRead(ServerHandler.java:27)
	at io.netty.channel.AbstractChannelHandlerContext.invokeChannelRead(AbstractChannelHandlerContext.java:379)
	at io.netty.channel.AbstractChannelHandlerContext.invokeChannelRead(AbstractChannelHandlerContext.java:365)
	at io.netty.channel.AbstractChannelHandlerContext.fireChannelRead(AbstractChannelHandlerContext.java:357)
	at io.netty.handler.codec.MessageToMessageDecoder.channelRead(MessageToMessageDecoder.java:103)
	at io.netty.channel.AbstractChannelHandlerContext.invokeChannelRead(AbstractChannelHandlerContext.java:379)
	at io.netty.channel.AbstractChannelHandlerContext.invokeChannelRead(AbstractChannelHandlerContext.java:365)
	at io.netty.channel.AbstractChannelHandlerContext.fireChannelRead(AbstractChannelHandlerContext.java:357)
	at io.netty.channel.DefaultChannelPipeline$HeadContext.channelRead(DefaultChannelPipeline.java:1410)
	at io.netty.channel.AbstractChannelHandlerContext.invokeChannelRead(AbstractChannelHandlerContext.java:379)
	at io.netty.channel.AbstractChannelHandlerContext.invokeChannelRead(AbstractChannelHandlerContext.java:365)
	at io.netty.channel.DefaultChannelPipeline.fireChannelRead(DefaultChannelPipeline.java:919)
	at io.netty.channel.nio.AbstractNioByteChannel$NioByteUnsafe.read(AbstractNioByteChannel.java:163)
	at io.netty.channel.nio.NioEventLoop.processSelectedKey(NioEventLoop.java:714)
	at io.netty.channel.nio.NioEventLoop.processSelectedKeysOptimized(NioEventLoop.java:650)
	at io.netty.channel.nio.NioEventLoop.processSelectedKeys(NioEventLoop.java:576)
	at io.netty.channel.nio.NioEventLoop.run(NioEventLoop.java:493)
	at io.netty.util.concurrent.SingleThreadEventExecutor$4.run(SingleThreadEventExecutor.java:989)
	at io.netty.util.internal.ThreadExecutorMap$2.run(ThreadExecutorMap.java:74)
	at io.netty.util.concurrent.FastThreadLocalRunnable.run(FastThreadLocalRunnable.java:30)
	at java.lang.Thread.run(Thread.java:748)
2020-05-28 14:53:46  [ nioEventLoopGroup-3-1:6717 ] - [ INFO ]  Reflections took 26 ms to scan 1 urls, producing 1 keys and 1 values 
2020-05-28 14:53:48  [ nioEventLoopGroup-3-1:9145 ] - [ INFO ]  Reflections took 6 ms to scan 1 urls, producing 1 keys and 1 values 
2020-05-28 14:53:55  [ nioEventLoopGroup-3-1:16103 ] - [ INFO ]  Reflections took 3 ms to scan 1 urls, producing 1 keys and 1 values 
2020-05-28 14:53:59  [ nioEventLoopGroup-3-1:19649 ] - [ INFO ]  Reflections took 2 ms to scan 1 urls, producing 1 keys and 1 values 
2020-05-28 14:54:05  [ nioEventLoopGroup-3-1:25813 ] - [ INFO ]  Reflections took 2 ms to scan 1 urls, producing 1 keys and 1 values 
2020-05-28 14:54:21  [ nioEventLoopGroup-3-1:42232 ] - [ INFO ]  Reflections took 3 ms to scan 1 urls, producing 1 keys and 1 values 
2020-05-28 14:54:29  [ nioEventLoopGroup-3-1:50113 ] - [ INFO ]  Reflections took 2 ms to scan 1 urls, producing 1 keys and 1 values 
2020-05-28 14:54:35  [ nioEventLoopGroup-3-1:56268 ] - [ INFO ]  Reflections took 2 ms to scan 1 urls, producing 1 keys and 1 values 
2020-05-28 14:54:36  [ nioEventLoopGroup-3-1:56872 ] - [ INFO ]  Reflections took 2 ms to scan 1 urls, producing 1 keys and 1 values 
2020-05-28 14:54:37  [ nioEventLoopGroup-3-1:57390 ] - [ INFO ]  Reflections took 2 ms to scan 1 urls, producing 1 keys and 1 values 
2020-05-28 14:54:59  [ nioEventLoopGroup-3-1:80148 ] - [ INFO ]  Reflections took 3 ms to scan 1 urls, producing 1 keys and 1 values 
2020-05-28 14:57:38  [ nioEventLoopGroup-3-1:15061 ] - [ INFO ]  Reflections took 26 ms to scan 1 urls, producing 1 keys and 1 values 
2020-05-28 14:57:41  [ nioEventLoopGroup-3-1:17843 ] - [ INFO ]  Reflections took 6 ms to scan 1 urls, producing 1 keys and 1 values 
2020-05-28 14:57:45  [ nioEventLoopGroup-3-1:22490 ] - [ INFO ]  Reflections took 3 ms to scan 1 urls, producing 1 keys and 1 values 
2020-05-28 14:58:07  [ nioEventLoopGroup-3-1:44575 ] - [ INFO ]  Reflections took 2 ms to scan 1 urls, producing 1 keys and 1 values 
2020-05-28 14:58:33  [ nioEventLoopGroup-3-1:70099 ] - [ INFO ]  Reflections took 2 ms to scan 1 urls, producing 1 keys and 1 values 
2020-05-28 14:59:02  [ nioEventLoopGroup-3-1:99613 ] - [ INFO ]  Reflections took 3 ms to scan 1 urls, producing 1 keys and 1 values 
2020-05-28 15:03:37  [ nioEventLoopGroup-3-1:8789 ] - [ INFO ]  Reflections took 27 ms to scan 1 urls, producing 1 keys and 1 values 
2020-05-28 15:03:39  [ nioEventLoopGroup-3-1:11429 ] - [ INFO ]  Reflections took 5 ms to scan 1 urls, producing 1 keys and 1 values 
2020-05-28 15:03:41  [ nioEventLoopGroup-3-1:12750 ] - [ INFO ]  Reflections took 3 ms to scan 1 urls, producing 1 keys and 1 values 
2020-05-28 15:03:46  [ nioEventLoopGroup-3-1:17813 ] - [ INFO ]  Reflections took 2 ms to scan 1 urls, producing 1 keys and 1 values 
2020-05-28 15:03:57  [ nioEventLoopGroup-3-1:29470 ] - [ INFO ]  Reflections took 3 ms to scan 1 urls, producing 1 keys and 1 values 
2020-05-28 15:03:57  [ nioEventLoopGroup-3-1:29483 ] - [ WARN ]  An exceptionCaught() event was fired, and it reached at the tail of the pipeline. It usually means the last handler in the pipeline did not handle the exception.
java.lang.NullPointerException: msg
	at io.netty.util.internal.ObjectUtil.checkNotNull(ObjectUtil.java:33)
	at io.netty.channel.AbstractChannelHandlerContext.write(AbstractChannelHandlerContext.java:772)
	at io.netty.channel.AbstractChannelHandlerContext.writeAndFlush(AbstractChannelHandlerContext.java:758)
	at io.netty.channel.AbstractChannelHandlerContext.writeAndFlush(AbstractChannelHandlerContext.java:808)
	at io.netty.channel.DefaultChannelPipeline.writeAndFlush(DefaultChannelPipeline.java:1025)
	at io.netty.channel.AbstractChannel.writeAndFlush(AbstractChannel.java:294)
	at com.game.netty.server.ServerHandler.channelRead(ServerHandler.java:27)
	at io.netty.channel.AbstractChannelHandlerContext.invokeChannelRead(AbstractChannelHandlerContext.java:379)
	at io.netty.channel.AbstractChannelHandlerContext.invokeChannelRead(AbstractChannelHandlerContext.java:365)
	at io.netty.channel.AbstractChannelHandlerContext.fireChannelRead(AbstractChannelHandlerContext.java:357)
	at io.netty.handler.codec.MessageToMessageDecoder.channelRead(MessageToMessageDecoder.java:103)
	at io.netty.channel.AbstractChannelHandlerContext.invokeChannelRead(AbstractChannelHandlerContext.java:379)
	at io.netty.channel.AbstractChannelHandlerContext.invokeChannelRead(AbstractChannelHandlerContext.java:365)
	at io.netty.channel.AbstractChannelHandlerContext.fireChannelRead(AbstractChannelHandlerContext.java:357)
	at io.netty.channel.DefaultChannelPipeline$HeadContext.channelRead(DefaultChannelPipeline.java:1410)
	at io.netty.channel.AbstractChannelHandlerContext.invokeChannelRead(AbstractChannelHandlerContext.java:379)
	at io.netty.channel.AbstractChannelHandlerContext.invokeChannelRead(AbstractChannelHandlerContext.java:365)
	at io.netty.channel.DefaultChannelPipeline.fireChannelRead(DefaultChannelPipeline.java:919)
	at io.netty.channel.nio.AbstractNioByteChannel$NioByteUnsafe.read(AbstractNioByteChannel.java:163)
	at io.netty.channel.nio.NioEventLoop.processSelectedKey(NioEventLoop.java:714)
	at io.netty.channel.nio.NioEventLoop.processSelectedKeysOptimized(NioEventLoop.java:650)
	at io.netty.channel.nio.NioEventLoop.processSelectedKeys(NioEventLoop.java:576)
	at io.netty.channel.nio.NioEventLoop.run(NioEventLoop.java:493)
	at io.netty.util.concurrent.SingleThreadEventExecutor$4.run(SingleThreadEventExecutor.java:989)
	at io.netty.util.internal.ThreadExecutorMap$2.run(ThreadExecutorMap.java:74)
	at io.netty.util.concurrent.FastThreadLocalRunnable.run(FastThreadLocalRunnable.java:30)
	at java.lang.Thread.run(Thread.java:748)
2020-05-28 15:04:47  [ nioEventLoopGroup-3-1:79060 ] - [ INFO ]  Reflections took 4 ms to scan 1 urls, producing 1 keys and 1 values 
2020-05-28 15:04:47  [ nioEventLoopGroup-3-1:79083 ] - [ WARN ]  An exceptionCaught() event was fired, and it reached at the tail of the pipeline. It usually means the last handler in the pipeline did not handle the exception.
java.lang.NullPointerException: msg
	at io.netty.util.internal.ObjectUtil.checkNotNull(ObjectUtil.java:33)
	at io.netty.channel.AbstractChannelHandlerContext.write(AbstractChannelHandlerContext.java:772)
	at io.netty.channel.AbstractChannelHandlerContext.writeAndFlush(AbstractChannelHandlerContext.java:758)
	at io.netty.channel.AbstractChannelHandlerContext.writeAndFlush(AbstractChannelHandlerContext.java:808)
	at io.netty.channel.DefaultChannelPipeline.writeAndFlush(DefaultChannelPipeline.java:1025)
	at io.netty.channel.AbstractChannel.writeAndFlush(AbstractChannel.java:294)
	at com.game.netty.server.ServerHandler.channelRead(ServerHandler.java:27)
	at io.netty.channel.AbstractChannelHandlerContext.invokeChannelRead(AbstractChannelHandlerContext.java:379)
	at io.netty.channel.AbstractChannelHandlerContext.invokeChannelRead(AbstractChannelHandlerContext.java:365)
	at io.netty.channel.AbstractChannelHandlerContext.fireChannelRead(AbstractChannelHandlerContext.java:357)
	at io.netty.handler.codec.MessageToMessageDecoder.channelRead(MessageToMessageDecoder.java:103)
	at io.netty.channel.AbstractChannelHandlerContext.invokeChannelRead(AbstractChannelHandlerContext.java:379)
	at io.netty.channel.AbstractChannelHandlerContext.invokeChannelRead(AbstractChannelHandlerContext.java:365)
	at io.netty.channel.AbstractChannelHandlerContext.fireChannelRead(AbstractChannelHandlerContext.java:357)
	at io.netty.channel.DefaultChannelPipeline$HeadContext.channelRead(DefaultChannelPipeline.java:1410)
	at io.netty.channel.AbstractChannelHandlerContext.invokeChannelRead(AbstractChannelHandlerContext.java:379)
	at io.netty.channel.AbstractChannelHandlerContext.invokeChannelRead(AbstractChannelHandlerContext.java:365)
	at io.netty.channel.DefaultChannelPipeline.fireChannelRead(DefaultChannelPipeline.java:919)
	at io.netty.channel.nio.AbstractNioByteChannel$NioByteUnsafe.read(AbstractNioByteChannel.java:163)
	at io.netty.channel.nio.NioEventLoop.processSelectedKey(NioEventLoop.java:714)
	at io.netty.channel.nio.NioEventLoop.processSelectedKeysOptimized(NioEventLoop.java:650)
	at io.netty.channel.nio.NioEventLoop.processSelectedKeys(NioEventLoop.java:576)
	at io.netty.channel.nio.NioEventLoop.run(NioEventLoop.java:493)
	at io.netty.util.concurrent.SingleThreadEventExecutor$4.run(SingleThreadEventExecutor.java:989)
	at io.netty.util.internal.ThreadExecutorMap$2.run(ThreadExecutorMap.java:74)
	at io.netty.util.concurrent.FastThreadLocalRunnable.run(FastThreadLocalRunnable.java:30)
	at java.lang.Thread.run(Thread.java:748)
2020-05-28 15:04:53  [ nioEventLoopGroup-3-1:85336 ] - [ INFO ]  Reflections took 2 ms to scan 1 urls, producing 1 keys and 1 values 
2020-05-28 15:04:53  [ nioEventLoopGroup-3-1:85357 ] - [ WARN ]  An exceptionCaught() event was fired, and it reached at the tail of the pipeline. It usually means the last handler in the pipeline did not handle the exception.
java.lang.NullPointerException: msg
	at io.netty.util.internal.ObjectUtil.checkNotNull(ObjectUtil.java:33)
	at io.netty.channel.AbstractChannelHandlerContext.write(AbstractChannelHandlerContext.java:772)
	at io.netty.channel.AbstractChannelHandlerContext.writeAndFlush(AbstractChannelHandlerContext.java:758)
	at io.netty.channel.AbstractChannelHandlerContext.writeAndFlush(AbstractChannelHandlerContext.java:808)
	at io.netty.channel.DefaultChannelPipeline.writeAndFlush(DefaultChannelPipeline.java:1025)
	at io.netty.channel.AbstractChannel.writeAndFlush(AbstractChannel.java:294)
	at com.game.netty.server.ServerHandler.channelRead(ServerHandler.java:27)
	at io.netty.channel.AbstractChannelHandlerContext.invokeChannelRead(AbstractChannelHandlerContext.java:379)
	at io.netty.channel.AbstractChannelHandlerContext.invokeChannelRead(AbstractChannelHandlerContext.java:365)
	at io.netty.channel.AbstractChannelHandlerContext.fireChannelRead(AbstractChannelHandlerContext.java:357)
	at io.netty.handler.codec.MessageToMessageDecoder.channelRead(MessageToMessageDecoder.java:103)
	at io.netty.channel.AbstractChannelHandlerContext.invokeChannelRead(AbstractChannelHandlerContext.java:379)
	at io.netty.channel.AbstractChannelHandlerContext.invokeChannelRead(AbstractChannelHandlerContext.java:365)
	at io.netty.channel.AbstractChannelHandlerContext.fireChannelRead(AbstractChannelHandlerContext.java:357)
	at io.netty.channel.DefaultChannelPipeline$HeadContext.channelRead(DefaultChannelPipeline.java:1410)
	at io.netty.channel.AbstractChannelHandlerContext.invokeChannelRead(AbstractChannelHandlerContext.java:379)
	at io.netty.channel.AbstractChannelHandlerContext.invokeChannelRead(AbstractChannelHandlerContext.java:365)
	at io.netty.channel.DefaultChannelPipeline.fireChannelRead(DefaultChannelPipeline.java:919)
	at io.netty.channel.nio.AbstractNioByteChannel$NioByteUnsafe.read(AbstractNioByteChannel.java:163)
	at io.netty.channel.nio.NioEventLoop.processSelectedKey(NioEventLoop.java:714)
	at io.netty.channel.nio.NioEventLoop.processSelectedKeysOptimized(NioEventLoop.java:650)
	at io.netty.channel.nio.NioEventLoop.processSelectedKeys(NioEventLoop.java:576)
	at io.netty.channel.nio.NioEventLoop.run(NioEventLoop.java:493)
	at io.netty.util.concurrent.SingleThreadEventExecutor$4.run(SingleThreadEventExecutor.java:989)
	at io.netty.util.internal.ThreadExecutorMap$2.run(ThreadExecutorMap.java:74)
	at io.netty.util.concurrent.FastThreadLocalRunnable.run(FastThreadLocalRunnable.java:30)
	at java.lang.Thread.run(Thread.java:748)
2020-05-28 15:04:54  [ nioEventLoopGroup-3-1:86085 ] - [ INFO ]  Reflections took 3 ms to scan 1 urls, producing 1 keys and 1 values 
2020-05-28 15:05:00  [ nioEventLoopGroup-3-1:91786 ] - [ INFO ]  Reflections took 3 ms to scan 1 urls, producing 1 keys and 1 values 
2020-05-28 15:05:00  [ nioEventLoopGroup-3-1:91803 ] - [ WARN ]  An exceptionCaught() event was fired, and it reached at the tail of the pipeline. It usually means the last handler in the pipeline did not handle the exception.
java.lang.NullPointerException: msg
	at io.netty.util.internal.ObjectUtil.checkNotNull(ObjectUtil.java:33)
	at io.netty.channel.AbstractChannelHandlerContext.write(AbstractChannelHandlerContext.java:772)
	at io.netty.channel.AbstractChannelHandlerContext.writeAndFlush(AbstractChannelHandlerContext.java:758)
	at io.netty.channel.AbstractChannelHandlerContext.writeAndFlush(AbstractChannelHandlerContext.java:808)
	at io.netty.channel.DefaultChannelPipeline.writeAndFlush(DefaultChannelPipeline.java:1025)
	at io.netty.channel.AbstractChannel.writeAndFlush(AbstractChannel.java:294)
	at com.game.netty.server.ServerHandler.channelRead(ServerHandler.java:27)
	at io.netty.channel.AbstractChannelHandlerContext.invokeChannelRead(AbstractChannelHandlerContext.java:379)
	at io.netty.channel.AbstractChannelHandlerContext.invokeChannelRead(AbstractChannelHandlerContext.java:365)
	at io.netty.channel.AbstractChannelHandlerContext.fireChannelRead(AbstractChannelHandlerContext.java:357)
	at io.netty.handler.codec.MessageToMessageDecoder.channelRead(MessageToMessageDecoder.java:103)
	at io.netty.channel.AbstractChannelHandlerContext.invokeChannelRead(AbstractChannelHandlerContext.java:379)
	at io.netty.channel.AbstractChannelHandlerContext.invokeChannelRead(AbstractChannelHandlerContext.java:365)
	at io.netty.channel.AbstractChannelHandlerContext.fireChannelRead(AbstractChannelHandlerContext.java:357)
	at io.netty.channel.DefaultChannelPipeline$HeadContext.channelRead(DefaultChannelPipeline.java:1410)
	at io.netty.channel.AbstractChannelHandlerContext.invokeChannelRead(AbstractChannelHandlerContext.java:379)
	at io.netty.channel.AbstractChannelHandlerContext.invokeChannelRead(AbstractChannelHandlerContext.java:365)
	at io.netty.channel.DefaultChannelPipeline.fireChannelRead(DefaultChannelPipeline.java:919)
	at io.netty.channel.nio.AbstractNioByteChannel$NioByteUnsafe.read(AbstractNioByteChannel.java:163)
	at io.netty.channel.nio.NioEventLoop.processSelectedKey(NioEventLoop.java:714)
	at io.netty.channel.nio.NioEventLoop.processSelectedKeysOptimized(NioEventLoop.java:650)
	at io.netty.channel.nio.NioEventLoop.processSelectedKeys(NioEventLoop.java:576)
	at io.netty.channel.nio.NioEventLoop.run(NioEventLoop.java:493)
	at io.netty.util.concurrent.SingleThreadEventExecutor$4.run(SingleThreadEventExecutor.java:989)
	at io.netty.util.internal.ThreadExecutorMap$2.run(ThreadExecutorMap.java:74)
	at io.netty.util.concurrent.FastThreadLocalRunnable.run(FastThreadLocalRunnable.java:30)
	at java.lang.Thread.run(Thread.java:748)
2020-05-28 15:05:01  [ nioEventLoopGroup-3-1:93117 ] - [ INFO ]  Reflections took 2 ms to scan 1 urls, producing 1 keys and 1 values 
2020-05-28 15:05:03  [ nioEventLoopGroup-3-1:94837 ] - [ INFO ]  Reflections took 3 ms to scan 1 urls, producing 1 keys and 1 values 
2020-05-28 15:05:03  [ nioEventLoopGroup-3-1:94858 ] - [ WARN ]  An exceptionCaught() event was fired, and it reached at the tail of the pipeline. It usually means the last handler in the pipeline did not handle the exception.
java.lang.NullPointerException: msg
	at io.netty.util.internal.ObjectUtil.checkNotNull(ObjectUtil.java:33)
	at io.netty.channel.AbstractChannelHandlerContext.write(AbstractChannelHandlerContext.java:772)
	at io.netty.channel.AbstractChannelHandlerContext.writeAndFlush(AbstractChannelHandlerContext.java:758)
	at io.netty.channel.AbstractChannelHandlerContext.writeAndFlush(AbstractChannelHandlerContext.java:808)
	at io.netty.channel.DefaultChannelPipeline.writeAndFlush(DefaultChannelPipeline.java:1025)
	at io.netty.channel.AbstractChannel.writeAndFlush(AbstractChannel.java:294)
	at com.game.netty.server.ServerHandler.channelRead(ServerHandler.java:27)
	at io.netty.channel.AbstractChannelHandlerContext.invokeChannelRead(AbstractChannelHandlerContext.java:379)
	at io.netty.channel.AbstractChannelHandlerContext.invokeChannelRead(AbstractChannelHandlerContext.java:365)
	at io.netty.channel.AbstractChannelHandlerContext.fireChannelRead(AbstractChannelHandlerContext.java:357)
	at io.netty.handler.codec.MessageToMessageDecoder.channelRead(MessageToMessageDecoder.java:103)
	at io.netty.channel.AbstractChannelHandlerContext.invokeChannelRead(AbstractChannelHandlerContext.java:379)
	at io.netty.channel.AbstractChannelHandlerContext.invokeChannelRead(AbstractChannelHandlerContext.java:365)
	at io.netty.channel.AbstractChannelHandlerContext.fireChannelRead(AbstractChannelHandlerContext.java:357)
	at io.netty.channel.DefaultChannelPipeline$HeadContext.channelRead(DefaultChannelPipeline.java:1410)
	at io.netty.channel.AbstractChannelHandlerContext.invokeChannelRead(AbstractChannelHandlerContext.java:379)
	at io.netty.channel.AbstractChannelHandlerContext.invokeChannelRead(AbstractChannelHandlerContext.java:365)
	at io.netty.channel.DefaultChannelPipeline.fireChannelRead(DefaultChannelPipeline.java:919)
	at io.netty.channel.nio.AbstractNioByteChannel$NioByteUnsafe.read(AbstractNioByteChannel.java:163)
	at io.netty.channel.nio.NioEventLoop.processSelectedKey(NioEventLoop.java:714)
	at io.netty.channel.nio.NioEventLoop.processSelectedKeysOptimized(NioEventLoop.java:650)
	at io.netty.channel.nio.NioEventLoop.processSelectedKeys(NioEventLoop.java:576)
	at io.netty.channel.nio.NioEventLoop.run(NioEventLoop.java:493)
	at io.netty.util.concurrent.SingleThreadEventExecutor$4.run(SingleThreadEventExecutor.java:989)
	at io.netty.util.internal.ThreadExecutorMap$2.run(ThreadExecutorMap.java:74)
	at io.netty.util.concurrent.FastThreadLocalRunnable.run(FastThreadLocalRunnable.java:30)
	at java.lang.Thread.run(Thread.java:748)
2020-05-28 15:05:06  [ nioEventLoopGroup-3-1:97504 ] - [ INFO ]  Reflections took 2 ms to scan 1 urls, producing 1 keys and 1 values 
2020-05-28 15:05:06  [ nioEventLoopGroup-3-1:97514 ] - [ WARN ]  An exceptionCaught() event was fired, and it reached at the tail of the pipeline. It usually means the last handler in the pipeline did not handle the exception.
java.lang.NullPointerException: msg
	at io.netty.util.internal.ObjectUtil.checkNotNull(ObjectUtil.java:33)
	at io.netty.channel.AbstractChannelHandlerContext.write(AbstractChannelHandlerContext.java:772)
	at io.netty.channel.AbstractChannelHandlerContext.writeAndFlush(AbstractChannelHandlerContext.java:758)
	at io.netty.channel.AbstractChannelHandlerContext.writeAndFlush(AbstractChannelHandlerContext.java:808)
	at io.netty.channel.DefaultChannelPipeline.writeAndFlush(DefaultChannelPipeline.java:1025)
	at io.netty.channel.AbstractChannel.writeAndFlush(AbstractChannel.java:294)
	at com.game.netty.server.ServerHandler.channelRead(ServerHandler.java:27)
	at io.netty.channel.AbstractChannelHandlerContext.invokeChannelRead(AbstractChannelHandlerContext.java:379)
	at io.netty.channel.AbstractChannelHandlerContext.invokeChannelRead(AbstractChannelHandlerContext.java:365)
	at io.netty.channel.AbstractChannelHandlerContext.fireChannelRead(AbstractChannelHandlerContext.java:357)
	at io.netty.handler.codec.MessageToMessageDecoder.channelRead(MessageToMessageDecoder.java:103)
	at io.netty.channel.AbstractChannelHandlerContext.invokeChannelRead(AbstractChannelHandlerContext.java:379)
	at io.netty.channel.AbstractChannelHandlerContext.invokeChannelRead(AbstractChannelHandlerContext.java:365)
	at io.netty.channel.AbstractChannelHandlerContext.fireChannelRead(AbstractChannelHandlerContext.java:357)
	at io.netty.channel.DefaultChannelPipeline$HeadContext.channelRead(DefaultChannelPipeline.java:1410)
	at io.netty.channel.AbstractChannelHandlerContext.invokeChannelRead(AbstractChannelHandlerContext.java:379)
	at io.netty.channel.AbstractChannelHandlerContext.invokeChannelRead(AbstractChannelHandlerContext.java:365)
	at io.netty.channel.DefaultChannelPipeline.fireChannelRead(DefaultChannelPipeline.java:919)
	at io.netty.channel.nio.AbstractNioByteChannel$NioByteUnsafe.read(AbstractNioByteChannel.java:163)
	at io.netty.channel.nio.NioEventLoop.processSelectedKey(NioEventLoop.java:714)
	at io.netty.channel.nio.NioEventLoop.processSelectedKeysOptimized(NioEventLoop.java:650)
	at io.netty.channel.nio.NioEventLoop.processSelectedKeys(NioEventLoop.java:576)
	at io.netty.channel.nio.NioEventLoop.run(NioEventLoop.java:493)
	at io.netty.util.concurrent.SingleThreadEventExecutor$4.run(SingleThreadEventExecutor.java:989)
	at io.netty.util.internal.ThreadExecutorMap$2.run(ThreadExecutorMap.java:74)
	at io.netty.util.concurrent.FastThreadLocalRunnable.run(FastThreadLocalRunnable.java:30)
	at java.lang.Thread.run(Thread.java:748)
2020-05-28 15:05:08  [ nioEventLoopGroup-3-1:99566 ] - [ INFO ]  Reflections took 2 ms to scan 1 urls, producing 1 keys and 1 values 
2020-05-28 15:05:08  [ nioEventLoopGroup-3-1:99583 ] - [ WARN ]  An exceptionCaught() event was fired, and it reached at the tail of the pipeline. It usually means the last handler in the pipeline did not handle the exception.
java.lang.NullPointerException: msg
	at io.netty.util.internal.ObjectUtil.checkNotNull(ObjectUtil.java:33)
	at io.netty.channel.AbstractChannelHandlerContext.write(AbstractChannelHandlerContext.java:772)
	at io.netty.channel.AbstractChannelHandlerContext.writeAndFlush(AbstractChannelHandlerContext.java:758)
	at io.netty.channel.AbstractChannelHandlerContext.writeAndFlush(AbstractChannelHandlerContext.java:808)
	at io.netty.channel.DefaultChannelPipeline.writeAndFlush(DefaultChannelPipeline.java:1025)
	at io.netty.channel.AbstractChannel.writeAndFlush(AbstractChannel.java:294)
	at com.game.netty.server.ServerHandler.channelRead(ServerHandler.java:27)
	at io.netty.channel.AbstractChannelHandlerContext.invokeChannelRead(AbstractChannelHandlerContext.java:379)
	at io.netty.channel.AbstractChannelHandlerContext.invokeChannelRead(AbstractChannelHandlerContext.java:365)
	at io.netty.channel.AbstractChannelHandlerContext.fireChannelRead(AbstractChannelHandlerContext.java:357)
	at io.netty.handler.codec.MessageToMessageDecoder.channelRead(MessageToMessageDecoder.java:103)
	at io.netty.channel.AbstractChannelHandlerContext.invokeChannelRead(AbstractChannelHandlerContext.java:379)
	at io.netty.channel.AbstractChannelHandlerContext.invokeChannelRead(AbstractChannelHandlerContext.java:365)
	at io.netty.channel.AbstractChannelHandlerContext.fireChannelRead(AbstractChannelHandlerContext.java:357)
	at io.netty.channel.DefaultChannelPipeline$HeadContext.channelRead(DefaultChannelPipeline.java:1410)
	at io.netty.channel.AbstractChannelHandlerContext.invokeChannelRead(AbstractChannelHandlerContext.java:379)
	at io.netty.channel.AbstractChannelHandlerContext.invokeChannelRead(AbstractChannelHandlerContext.java:365)
	at io.netty.channel.DefaultChannelPipeline.fireChannelRead(DefaultChannelPipeline.java:919)
	at io.netty.channel.nio.AbstractNioByteChannel$NioByteUnsafe.read(AbstractNioByteChannel.java:163)
	at io.netty.channel.nio.NioEventLoop.processSelectedKey(NioEventLoop.java:714)
	at io.netty.channel.nio.NioEventLoop.processSelectedKeysOptimized(NioEventLoop.java:650)
	at io.netty.channel.nio.NioEventLoop.processSelectedKeys(NioEventLoop.java:576)
	at io.netty.channel.nio.NioEventLoop.run(NioEventLoop.java:493)
	at io.netty.util.concurrent.SingleThreadEventExecutor$4.run(SingleThreadEventExecutor.java:989)
	at io.netty.util.internal.ThreadExecutorMap$2.run(ThreadExecutorMap.java:74)
	at io.netty.util.concurrent.FastThreadLocalRunnable.run(FastThreadLocalRunnable.java:30)
	at java.lang.Thread.run(Thread.java:748)
2020-05-28 15:05:09  [ nioEventLoopGroup-3-1:101160 ] - [ INFO ]  Reflections took 3 ms to scan 1 urls, producing 1 keys and 1 values 
2020-05-28 15:11:40  [ nioEventLoopGroup-3-1:6887 ] - [ INFO ]  Reflections took 29 ms to scan 1 urls, producing 1 keys and 1 values 
2020-05-28 15:11:42  [ nioEventLoopGroup-3-1:9554 ] - [ INFO ]  Reflections took 7 ms to scan 1 urls, producing 1 keys and 1 values 
2020-05-28 15:11:44  [ nioEventLoopGroup-3-1:11699 ] - [ INFO ]  Reflections took 3 ms to scan 1 urls, producing 1 keys and 1 values 
2020-05-28 15:11:51  [ nioEventLoopGroup-3-1:17861 ] - [ INFO ]  Reflections took 3 ms to scan 1 urls, producing 1 keys and 1 values 
2020-05-28 15:12:12  [ nioEventLoopGroup-3-1:38908 ] - [ INFO ]  Reflections took 4 ms to scan 1 urls, producing 1 keys and 1 values 
2020-05-28 15:12:12  [ nioEventLoopGroup-3-1:38931 ] - [ WARN ]  An exceptionCaught() event was fired, and it reached at the tail of the pipeline. It usually means the last handler in the pipeline did not handle the exception.
java.lang.NullPointerException: msg
	at io.netty.util.internal.ObjectUtil.checkNotNull(ObjectUtil.java:33)
	at io.netty.channel.AbstractChannelHandlerContext.write(AbstractChannelHandlerContext.java:772)
	at io.netty.channel.AbstractChannelHandlerContext.writeAndFlush(AbstractChannelHandlerContext.java:758)
	at io.netty.channel.AbstractChannelHandlerContext.writeAndFlush(AbstractChannelHandlerContext.java:808)
	at io.netty.channel.DefaultChannelPipeline.writeAndFlush(DefaultChannelPipeline.java:1025)
	at io.netty.channel.AbstractChannel.writeAndFlush(AbstractChannel.java:294)
	at com.game.netty.server.ServerHandler.channelRead(ServerHandler.java:27)
	at io.netty.channel.AbstractChannelHandlerContext.invokeChannelRead(AbstractChannelHandlerContext.java:379)
	at io.netty.channel.AbstractChannelHandlerContext.invokeChannelRead(AbstractChannelHandlerContext.java:365)
	at io.netty.channel.AbstractChannelHandlerContext.fireChannelRead(AbstractChannelHandlerContext.java:357)
	at io.netty.handler.codec.MessageToMessageDecoder.channelRead(MessageToMessageDecoder.java:103)
	at io.netty.channel.AbstractChannelHandlerContext.invokeChannelRead(AbstractChannelHandlerContext.java:379)
	at io.netty.channel.AbstractChannelHandlerContext.invokeChannelRead(AbstractChannelHandlerContext.java:365)
	at io.netty.channel.AbstractChannelHandlerContext.fireChannelRead(AbstractChannelHandlerContext.java:357)
	at io.netty.channel.DefaultChannelPipeline$HeadContext.channelRead(DefaultChannelPipeline.java:1410)
	at io.netty.channel.AbstractChannelHandlerContext.invokeChannelRead(AbstractChannelHandlerContext.java:379)
	at io.netty.channel.AbstractChannelHandlerContext.invokeChannelRead(AbstractChannelHandlerContext.java:365)
	at io.netty.channel.DefaultChannelPipeline.fireChannelRead(DefaultChannelPipeline.java:919)
	at io.netty.channel.nio.AbstractNioByteChannel$NioByteUnsafe.read(AbstractNioByteChannel.java:163)
	at io.netty.channel.nio.NioEventLoop.processSelectedKey(NioEventLoop.java:714)
	at io.netty.channel.nio.NioEventLoop.processSelectedKeysOptimized(NioEventLoop.java:650)
	at io.netty.channel.nio.NioEventLoop.processSelectedKeys(NioEventLoop.java:576)
	at io.netty.channel.nio.NioEventLoop.run(NioEventLoop.java:493)
	at io.netty.util.concurrent.SingleThreadEventExecutor$4.run(SingleThreadEventExecutor.java:989)
	at io.netty.util.internal.ThreadExecutorMap$2.run(ThreadExecutorMap.java:74)
	at io.netty.util.concurrent.FastThreadLocalRunnable.run(FastThreadLocalRunnable.java:30)
	at java.lang.Thread.run(Thread.java:748)
2020-05-28 15:12:13  [ nioEventLoopGroup-3-1:39872 ] - [ INFO ]  Reflections took 3 ms to scan 1 urls, producing 1 keys and 1 values 
2020-05-28 15:12:20  [ nioEventLoopGroup-3-1:47087 ] - [ INFO ]  Reflections took 2 ms to scan 1 urls, producing 1 keys and 1 values 
2020-05-28 15:12:20  [ nioEventLoopGroup-3-1:47097 ] - [ WARN ]  An exceptionCaught() event was fired, and it reached at the tail of the pipeline. It usually means the last handler in the pipeline did not handle the exception.
java.lang.NullPointerException: msg
	at io.netty.util.internal.ObjectUtil.checkNotNull(ObjectUtil.java:33)
	at io.netty.channel.AbstractChannelHandlerContext.write(AbstractChannelHandlerContext.java:772)
	at io.netty.channel.AbstractChannelHandlerContext.writeAndFlush(AbstractChannelHandlerContext.java:758)
	at io.netty.channel.AbstractChannelHandlerContext.writeAndFlush(AbstractChannelHandlerContext.java:808)
	at io.netty.channel.DefaultChannelPipeline.writeAndFlush(DefaultChannelPipeline.java:1025)
	at io.netty.channel.AbstractChannel.writeAndFlush(AbstractChannel.java:294)
	at com.game.netty.server.ServerHandler.channelRead(ServerHandler.java:27)
	at io.netty.channel.AbstractChannelHandlerContext.invokeChannelRead(AbstractChannelHandlerContext.java:379)
	at io.netty.channel.AbstractChannelHandlerContext.invokeChannelRead(AbstractChannelHandlerContext.java:365)
	at io.netty.channel.AbstractChannelHandlerContext.fireChannelRead(AbstractChannelHandlerContext.java:357)
	at io.netty.handler.codec.MessageToMessageDecoder.channelRead(MessageToMessageDecoder.java:103)
	at io.netty.channel.AbstractChannelHandlerContext.invokeChannelRead(AbstractChannelHandlerContext.java:379)
	at io.netty.channel.AbstractChannelHandlerContext.invokeChannelRead(AbstractChannelHandlerContext.java:365)
	at io.netty.channel.AbstractChannelHandlerContext.fireChannelRead(AbstractChannelHandlerContext.java:357)
	at io.netty.channel.DefaultChannelPipeline$HeadContext.channelRead(DefaultChannelPipeline.java:1410)
	at io.netty.channel.AbstractChannelHandlerContext.invokeChannelRead(AbstractChannelHandlerContext.java:379)
	at io.netty.channel.AbstractChannelHandlerContext.invokeChannelRead(AbstractChannelHandlerContext.java:365)
	at io.netty.channel.DefaultChannelPipeline.fireChannelRead(DefaultChannelPipeline.java:919)
	at io.netty.channel.nio.AbstractNioByteChannel$NioByteUnsafe.read(AbstractNioByteChannel.java:163)
	at io.netty.channel.nio.NioEventLoop.processSelectedKey(NioEventLoop.java:714)
	at io.netty.channel.nio.NioEventLoop.processSelectedKeysOptimized(NioEventLoop.java:650)
	at io.netty.channel.nio.NioEventLoop.processSelectedKeys(NioEventLoop.java:576)
	at io.netty.channel.nio.NioEventLoop.run(NioEventLoop.java:493)
	at io.netty.util.concurrent.SingleThreadEventExecutor$4.run(SingleThreadEventExecutor.java:989)
	at io.netty.util.internal.ThreadExecutorMap$2.run(ThreadExecutorMap.java:74)
	at io.netty.util.concurrent.FastThreadLocalRunnable.run(FastThreadLocalRunnable.java:30)
	at java.lang.Thread.run(Thread.java:748)
2020-05-28 15:12:52  [ nioEventLoopGroup-3-1:79420 ] - [ INFO ]  Reflections took 2 ms to scan 1 urls, producing 1 keys and 1 values 
2020-05-28 15:16:06  [ nioEventLoopGroup-3-1:64615 ] - [ INFO ]  Reflections took 27 ms to scan 1 urls, producing 1 keys and 1 values 
2020-05-28 15:16:09  [ nioEventLoopGroup-3-1:67973 ] - [ INFO ]  Reflections took 6 ms to scan 1 urls, producing 1 keys and 1 values 
2020-05-28 15:16:17  [ nioEventLoopGroup-3-1:75433 ] - [ INFO ]  Reflections took 2 ms to scan 1 urls, producing 1 keys and 1 values 
2020-05-28 15:16:23  [ nioEventLoopGroup-3-1:82205 ] - [ INFO ]  Reflections took 3 ms to scan 1 urls, producing 1 keys and 1 values 
2020-05-28 15:16:26  [ nioEventLoopGroup-3-1:84277 ] - [ INFO ]  Reflections took 3 ms to scan 1 urls, producing 1 keys and 1 values 
2020-05-28 15:16:39  [ nioEventLoopGroup-3-1:98183 ] - [ INFO ]  Reflections took 3 ms to scan 1 urls, producing 1 keys and 1 values 
2020-05-28 15:16:45  [ nioEventLoopGroup-3-1:104244 ] - [ INFO ]  Reflections took 2 ms to scan 1 urls, producing 1 keys and 1 values 
2020-05-28 15:16:46  [ nioEventLoopGroup-3-1:104264 ] - [ WARN ]  An exceptionCaught() event was fired, and it reached at the tail of the pipeline. It usually means the last handler in the pipeline did not handle the exception.
java.lang.NullPointerException: msg
	at io.netty.util.internal.ObjectUtil.checkNotNull(ObjectUtil.java:33)
	at io.netty.channel.AbstractChannelHandlerContext.write(AbstractChannelHandlerContext.java:772)
	at io.netty.channel.AbstractChannelHandlerContext.writeAndFlush(AbstractChannelHandlerContext.java:758)
	at io.netty.channel.AbstractChannelHandlerContext.writeAndFlush(AbstractChannelHandlerContext.java:808)
	at io.netty.channel.DefaultChannelPipeline.writeAndFlush(DefaultChannelPipeline.java:1025)
	at io.netty.channel.AbstractChannel.writeAndFlush(AbstractChannel.java:294)
	at com.game.netty.server.ServerHandler.channelRead(ServerHandler.java:27)
	at io.netty.channel.AbstractChannelHandlerContext.invokeChannelRead(AbstractChannelHandlerContext.java:379)
	at io.netty.channel.AbstractChannelHandlerContext.invokeChannelRead(AbstractChannelHandlerContext.java:365)
	at io.netty.channel.AbstractChannelHandlerContext.fireChannelRead(AbstractChannelHandlerContext.java:357)
	at io.netty.handler.codec.MessageToMessageDecoder.channelRead(MessageToMessageDecoder.java:103)
	at io.netty.channel.AbstractChannelHandlerContext.invokeChannelRead(AbstractChannelHandlerContext.java:379)
	at io.netty.channel.AbstractChannelHandlerContext.invokeChannelRead(AbstractChannelHandlerContext.java:365)
	at io.netty.channel.AbstractChannelHandlerContext.fireChannelRead(AbstractChannelHandlerContext.java:357)
	at io.netty.channel.DefaultChannelPipeline$HeadContext.channelRead(DefaultChannelPipeline.java:1410)
	at io.netty.channel.AbstractChannelHandlerContext.invokeChannelRead(AbstractChannelHandlerContext.java:379)
	at io.netty.channel.AbstractChannelHandlerContext.invokeChannelRead(AbstractChannelHandlerContext.java:365)
	at io.netty.channel.DefaultChannelPipeline.fireChannelRead(DefaultChannelPipeline.java:919)
	at io.netty.channel.nio.AbstractNioByteChannel$NioByteUnsafe.read(AbstractNioByteChannel.java:163)
	at io.netty.channel.nio.NioEventLoop.processSelectedKey(NioEventLoop.java:714)
	at io.netty.channel.nio.NioEventLoop.processSelectedKeysOptimized(NioEventLoop.java:650)
	at io.netty.channel.nio.NioEventLoop.processSelectedKeys(NioEventLoop.java:576)
	at io.netty.channel.nio.NioEventLoop.run(NioEventLoop.java:493)
	at io.netty.util.concurrent.SingleThreadEventExecutor$4.run(SingleThreadEventExecutor.java:989)
	at io.netty.util.internal.ThreadExecutorMap$2.run(ThreadExecutorMap.java:74)
	at io.netty.util.concurrent.FastThreadLocalRunnable.run(FastThreadLocalRunnable.java:30)
	at java.lang.Thread.run(Thread.java:748)
2020-05-28 15:16:50  [ nioEventLoopGroup-3-1:108872 ] - [ INFO ]  Reflections took 3 ms to scan 1 urls, producing 1 keys and 1 values 
2020-05-28 15:16:55  [ nioEventLoopGroup-3-1:113937 ] - [ INFO ]  Reflections took 2 ms to scan 1 urls, producing 1 keys and 1 values 
2020-05-28 15:16:55  [ nioEventLoopGroup-3-1:113948 ] - [ WARN ]  An exceptionCaught() event was fired, and it reached at the tail of the pipeline. It usually means the last handler in the pipeline did not handle the exception.
java.lang.NullPointerException: msg
	at io.netty.util.internal.ObjectUtil.checkNotNull(ObjectUtil.java:33)
	at io.netty.channel.AbstractChannelHandlerContext.write(AbstractChannelHandlerContext.java:772)
	at io.netty.channel.AbstractChannelHandlerContext.writeAndFlush(AbstractChannelHandlerContext.java:758)
	at io.netty.channel.AbstractChannelHandlerContext.writeAndFlush(AbstractChannelHandlerContext.java:808)
	at io.netty.channel.DefaultChannelPipeline.writeAndFlush(DefaultChannelPipeline.java:1025)
	at io.netty.channel.AbstractChannel.writeAndFlush(AbstractChannel.java:294)
	at com.game.netty.server.ServerHandler.channelRead(ServerHandler.java:27)
	at io.netty.channel.AbstractChannelHandlerContext.invokeChannelRead(AbstractChannelHandlerContext.java:379)
	at io.netty.channel.AbstractChannelHandlerContext.invokeChannelRead(AbstractChannelHandlerContext.java:365)
	at io.netty.channel.AbstractChannelHandlerContext.fireChannelRead(AbstractChannelHandlerContext.java:357)
	at io.netty.handler.codec.MessageToMessageDecoder.channelRead(MessageToMessageDecoder.java:103)
	at io.netty.channel.AbstractChannelHandlerContext.invokeChannelRead(AbstractChannelHandlerContext.java:379)
	at io.netty.channel.AbstractChannelHandlerContext.invokeChannelRead(AbstractChannelHandlerContext.java:365)
	at io.netty.channel.AbstractChannelHandlerContext.fireChannelRead(AbstractChannelHandlerContext.java:357)
	at io.netty.channel.DefaultChannelPipeline$HeadContext.channelRead(DefaultChannelPipeline.java:1410)
	at io.netty.channel.AbstractChannelHandlerContext.invokeChannelRead(AbstractChannelHandlerContext.java:379)
	at io.netty.channel.AbstractChannelHandlerContext.invokeChannelRead(AbstractChannelHandlerContext.java:365)
	at io.netty.channel.DefaultChannelPipeline.fireChannelRead(DefaultChannelPipeline.java:919)
	at io.netty.channel.nio.AbstractNioByteChannel$NioByteUnsafe.read(AbstractNioByteChannel.java:163)
	at io.netty.channel.nio.NioEventLoop.processSelectedKey(NioEventLoop.java:714)
	at io.netty.channel.nio.NioEventLoop.processSelectedKeysOptimized(NioEventLoop.java:650)
	at io.netty.channel.nio.NioEventLoop.processSelectedKeys(NioEventLoop.java:576)
	at io.netty.channel.nio.NioEventLoop.run(NioEventLoop.java:493)
	at io.netty.util.concurrent.SingleThreadEventExecutor$4.run(SingleThreadEventExecutor.java:989)
	at io.netty.util.internal.ThreadExecutorMap$2.run(ThreadExecutorMap.java:74)
	at io.netty.util.concurrent.FastThreadLocalRunnable.run(FastThreadLocalRunnable.java:30)
	at java.lang.Thread.run(Thread.java:748)
2020-05-28 15:17:00  [ nioEventLoopGroup-3-1:118516 ] - [ INFO ]  Reflections took 2 ms to scan 1 urls, producing 1 keys and 1 values 
2020-05-28 15:17:00  [ nioEventLoopGroup-3-1:118525 ] - [ WARN ]  An exceptionCaught() event was fired, and it reached at the tail of the pipeline. It usually means the last handler in the pipeline did not handle the exception.
java.lang.NullPointerException: msg
	at io.netty.util.internal.ObjectUtil.checkNotNull(ObjectUtil.java:33)
	at io.netty.channel.AbstractChannelHandlerContext.write(AbstractChannelHandlerContext.java:772)
	at io.netty.channel.AbstractChannelHandlerContext.writeAndFlush(AbstractChannelHandlerContext.java:758)
	at io.netty.channel.AbstractChannelHandlerContext.writeAndFlush(AbstractChannelHandlerContext.java:808)
	at io.netty.channel.DefaultChannelPipeline.writeAndFlush(DefaultChannelPipeline.java:1025)
	at io.netty.channel.AbstractChannel.writeAndFlush(AbstractChannel.java:294)
	at com.game.netty.server.ServerHandler.channelRead(ServerHandler.java:27)
	at io.netty.channel.AbstractChannelHandlerContext.invokeChannelRead(AbstractChannelHandlerContext.java:379)
	at io.netty.channel.AbstractChannelHandlerContext.invokeChannelRead(AbstractChannelHandlerContext.java:365)
	at io.netty.channel.AbstractChannelHandlerContext.fireChannelRead(AbstractChannelHandlerContext.java:357)
	at io.netty.handler.codec.MessageToMessageDecoder.channelRead(MessageToMessageDecoder.java:103)
	at io.netty.channel.AbstractChannelHandlerContext.invokeChannelRead(AbstractChannelHandlerContext.java:379)
	at io.netty.channel.AbstractChannelHandlerContext.invokeChannelRead(AbstractChannelHandlerContext.java:365)
	at io.netty.channel.AbstractChannelHandlerContext.fireChannelRead(AbstractChannelHandlerContext.java:357)
	at io.netty.channel.DefaultChannelPipeline$HeadContext.channelRead(DefaultChannelPipeline.java:1410)
	at io.netty.channel.AbstractChannelHandlerContext.invokeChannelRead(AbstractChannelHandlerContext.java:379)
	at io.netty.channel.AbstractChannelHandlerContext.invokeChannelRead(AbstractChannelHandlerContext.java:365)
	at io.netty.channel.DefaultChannelPipeline.fireChannelRead(DefaultChannelPipeline.java:919)
	at io.netty.channel.nio.AbstractNioByteChannel$NioByteUnsafe.read(AbstractNioByteChannel.java:163)
	at io.netty.channel.nio.NioEventLoop.processSelectedKey(NioEventLoop.java:714)
	at io.netty.channel.nio.NioEventLoop.processSelectedKeysOptimized(NioEventLoop.java:650)
	at io.netty.channel.nio.NioEventLoop.processSelectedKeys(NioEventLoop.java:576)
	at io.netty.channel.nio.NioEventLoop.run(NioEventLoop.java:493)
	at io.netty.util.concurrent.SingleThreadEventExecutor$4.run(SingleThreadEventExecutor.java:989)
	at io.netty.util.internal.ThreadExecutorMap$2.run(ThreadExecutorMap.java:74)
	at io.netty.util.concurrent.FastThreadLocalRunnable.run(FastThreadLocalRunnable.java:30)
	at java.lang.Thread.run(Thread.java:748)
2020-05-28 15:17:05  [ nioEventLoopGroup-3-1:123348 ] - [ INFO ]  Reflections took 2 ms to scan 1 urls, producing 1 keys and 1 values 
2020-05-28 15:17:05  [ nioEventLoopGroup-3-1:123358 ] - [ WARN ]  An exceptionCaught() event was fired, and it reached at the tail of the pipeline. It usually means the last handler in the pipeline did not handle the exception.
java.lang.NullPointerException: msg
	at io.netty.util.internal.ObjectUtil.checkNotNull(ObjectUtil.java:33)
	at io.netty.channel.AbstractChannelHandlerContext.write(AbstractChannelHandlerContext.java:772)
	at io.netty.channel.AbstractChannelHandlerContext.writeAndFlush(AbstractChannelHandlerContext.java:758)
	at io.netty.channel.AbstractChannelHandlerContext.writeAndFlush(AbstractChannelHandlerContext.java:808)
	at io.netty.channel.DefaultChannelPipeline.writeAndFlush(DefaultChannelPipeline.java:1025)
	at io.netty.channel.AbstractChannel.writeAndFlush(AbstractChannel.java:294)
	at com.game.netty.server.ServerHandler.channelRead(ServerHandler.java:27)
	at io.netty.channel.AbstractChannelHandlerContext.invokeChannelRead(AbstractChannelHandlerContext.java:379)
	at io.netty.channel.AbstractChannelHandlerContext.invokeChannelRead(AbstractChannelHandlerContext.java:365)
	at io.netty.channel.AbstractChannelHandlerContext.fireChannelRead(AbstractChannelHandlerContext.java:357)
	at io.netty.handler.codec.MessageToMessageDecoder.channelRead(MessageToMessageDecoder.java:103)
	at io.netty.channel.AbstractChannelHandlerContext.invokeChannelRead(AbstractChannelHandlerContext.java:379)
	at io.netty.channel.AbstractChannelHandlerContext.invokeChannelRead(AbstractChannelHandlerContext.java:365)
	at io.netty.channel.AbstractChannelHandlerContext.fireChannelRead(AbstractChannelHandlerContext.java:357)
	at io.netty.channel.DefaultChannelPipeline$HeadContext.channelRead(DefaultChannelPipeline.java:1410)
	at io.netty.channel.AbstractChannelHandlerContext.invokeChannelRead(AbstractChannelHandlerContext.java:379)
	at io.netty.channel.AbstractChannelHandlerContext.invokeChannelRead(AbstractChannelHandlerContext.java:365)
	at io.netty.channel.DefaultChannelPipeline.fireChannelRead(DefaultChannelPipeline.java:919)
	at io.netty.channel.nio.AbstractNioByteChannel$NioByteUnsafe.read(AbstractNioByteChannel.java:163)
	at io.netty.channel.nio.NioEventLoop.processSelectedKey(NioEventLoop.java:714)
	at io.netty.channel.nio.NioEventLoop.processSelectedKeysOptimized(NioEventLoop.java:650)
	at io.netty.channel.nio.NioEventLoop.processSelectedKeys(NioEventLoop.java:576)
	at io.netty.channel.nio.NioEventLoop.run(NioEventLoop.java:493)
	at io.netty.util.concurrent.SingleThreadEventExecutor$4.run(SingleThreadEventExecutor.java:989)
	at io.netty.util.internal.ThreadExecutorMap$2.run(ThreadExecutorMap.java:74)
	at io.netty.util.concurrent.FastThreadLocalRunnable.run(FastThreadLocalRunnable.java:30)
	at java.lang.Thread.run(Thread.java:748)
2020-05-28 15:17:10  [ nioEventLoopGroup-3-1:128801 ] - [ INFO ]  Reflections took 2 ms to scan 1 urls, producing 1 keys and 1 values 
2020-05-28 15:17:20  [ nioEventLoopGroup-3-1:139034 ] - [ INFO ]  Reflections took 2 ms to scan 1 urls, producing 1 keys and 1 values 
2020-05-28 15:17:20  [ nioEventLoopGroup-3-1:139050 ] - [ WARN ]  An exceptionCaught() event was fired, and it reached at the tail of the pipeline. It usually means the last handler in the pipeline did not handle the exception.
java.lang.NullPointerException: msg
	at io.netty.util.internal.ObjectUtil.checkNotNull(ObjectUtil.java:33)
	at io.netty.channel.AbstractChannelHandlerContext.write(AbstractChannelHandlerContext.java:772)
	at io.netty.channel.AbstractChannelHandlerContext.writeAndFlush(AbstractChannelHandlerContext.java:758)
	at io.netty.channel.AbstractChannelHandlerContext.writeAndFlush(AbstractChannelHandlerContext.java:808)
	at io.netty.channel.DefaultChannelPipeline.writeAndFlush(DefaultChannelPipeline.java:1025)
	at io.netty.channel.AbstractChannel.writeAndFlush(AbstractChannel.java:294)
	at com.game.netty.server.ServerHandler.channelRead(ServerHandler.java:27)
	at io.netty.channel.AbstractChannelHandlerContext.invokeChannelRead(AbstractChannelHandlerContext.java:379)
	at io.netty.channel.AbstractChannelHandlerContext.invokeChannelRead(AbstractChannelHandlerContext.java:365)
	at io.netty.channel.AbstractChannelHandlerContext.fireChannelRead(AbstractChannelHandlerContext.java:357)
	at io.netty.handler.codec.MessageToMessageDecoder.channelRead(MessageToMessageDecoder.java:103)
	at io.netty.channel.AbstractChannelHandlerContext.invokeChannelRead(AbstractChannelHandlerContext.java:379)
	at io.netty.channel.AbstractChannelHandlerContext.invokeChannelRead(AbstractChannelHandlerContext.java:365)
	at io.netty.channel.AbstractChannelHandlerContext.fireChannelRead(AbstractChannelHandlerContext.java:357)
	at io.netty.channel.DefaultChannelPipeline$HeadContext.channelRead(DefaultChannelPipeline.java:1410)
	at io.netty.channel.AbstractChannelHandlerContext.invokeChannelRead(AbstractChannelHandlerContext.java:379)
	at io.netty.channel.AbstractChannelHandlerContext.invokeChannelRead(AbstractChannelHandlerContext.java:365)
	at io.netty.channel.DefaultChannelPipeline.fireChannelRead(DefaultChannelPipeline.java:919)
	at io.netty.channel.nio.AbstractNioByteChannel$NioByteUnsafe.read(AbstractNioByteChannel.java:163)
	at io.netty.channel.nio.NioEventLoop.processSelectedKey(NioEventLoop.java:714)
	at io.netty.channel.nio.NioEventLoop.processSelectedKeysOptimized(NioEventLoop.java:650)
	at io.netty.channel.nio.NioEventLoop.processSelectedKeys(NioEventLoop.java:576)
	at io.netty.channel.nio.NioEventLoop.run(NioEventLoop.java:493)
	at io.netty.util.concurrent.SingleThreadEventExecutor$4.run(SingleThreadEventExecutor.java:989)
	at io.netty.util.internal.ThreadExecutorMap$2.run(ThreadExecutorMap.java:74)
	at io.netty.util.concurrent.FastThreadLocalRunnable.run(FastThreadLocalRunnable.java:30)
	at java.lang.Thread.run(Thread.java:748)
2020-05-28 15:17:27  [ nioEventLoopGroup-3-1:145890 ] - [ INFO ]  Reflections took 2 ms to scan 1 urls, producing 1 keys and 1 values 
2020-05-28 15:17:33  [ nioEventLoopGroup-3-1:151901 ] - [ INFO ]  Reflections took 3 ms to scan 1 urls, producing 1 keys and 1 values 
2020-05-28 15:43:05  [ nioEventLoopGroup-3-1:14580 ] - [ INFO ]  Reflections took 28 ms to scan 1 urls, producing 1 keys and 1 values 
2020-05-28 15:43:08  [ nioEventLoopGroup-3-1:17487 ] - [ INFO ]  Reflections took 7 ms to scan 1 urls, producing 1 keys and 1 values 
2020-05-28 15:49:27  [ nioEventLoopGroup-3-1:396893 ] - [ INFO ]  Reflections took 4 ms to scan 1 urls, producing 1 keys and 1 values 
2020-05-28 15:49:32  [ nioEventLoopGroup-3-1:401265 ] - [ INFO ]  Reflections took 3 ms to scan 1 urls, producing 1 keys and 1 values 
2020-05-28 15:49:35  [ nioEventLoopGroup-3-1:404929 ] - [ INFO ]  Reflections took 3 ms to scan 1 urls, producing 1 keys and 1 values 
2020-05-28 15:49:35  [ nioEventLoopGroup-3-1:404951 ] - [ WARN ]  An exceptionCaught() event was fired, and it reached at the tail of the pipeline. It usually means the last handler in the pipeline did not handle the exception.
java.lang.NullPointerException: msg
	at io.netty.util.internal.ObjectUtil.checkNotNull(ObjectUtil.java:33)
	at io.netty.channel.AbstractChannelHandlerContext.write(AbstractChannelHandlerContext.java:772)
	at io.netty.channel.AbstractChannelHandlerContext.writeAndFlush(AbstractChannelHandlerContext.java:758)
	at io.netty.channel.AbstractChannelHandlerContext.writeAndFlush(AbstractChannelHandlerContext.java:808)
	at io.netty.channel.DefaultChannelPipeline.writeAndFlush(DefaultChannelPipeline.java:1025)
	at io.netty.channel.AbstractChannel.writeAndFlush(AbstractChannel.java:294)
	at com.game.netty.server.ServerHandler.channelRead(ServerHandler.java:27)
	at io.netty.channel.AbstractChannelHandlerContext.invokeChannelRead(AbstractChannelHandlerContext.java:379)
	at io.netty.channel.AbstractChannelHandlerContext.invokeChannelRead(AbstractChannelHandlerContext.java:365)
	at io.netty.channel.AbstractChannelHandlerContext.fireChannelRead(AbstractChannelHandlerContext.java:357)
	at io.netty.handler.codec.MessageToMessageDecoder.channelRead(MessageToMessageDecoder.java:103)
	at io.netty.channel.AbstractChannelHandlerContext.invokeChannelRead(AbstractChannelHandlerContext.java:379)
	at io.netty.channel.AbstractChannelHandlerContext.invokeChannelRead(AbstractChannelHandlerContext.java:365)
	at io.netty.channel.AbstractChannelHandlerContext.fireChannelRead(AbstractChannelHandlerContext.java:357)
	at io.netty.channel.DefaultChannelPipeline$HeadContext.channelRead(DefaultChannelPipeline.java:1410)
	at io.netty.channel.AbstractChannelHandlerContext.invokeChannelRead(AbstractChannelHandlerContext.java:379)
	at io.netty.channel.AbstractChannelHandlerContext.invokeChannelRead(AbstractChannelHandlerContext.java:365)
	at io.netty.channel.DefaultChannelPipeline.fireChannelRead(DefaultChannelPipeline.java:919)
	at io.netty.channel.nio.AbstractNioByteChannel$NioByteUnsafe.read(AbstractNioByteChannel.java:163)
	at io.netty.channel.nio.NioEventLoop.processSelectedKey(NioEventLoop.java:714)
	at io.netty.channel.nio.NioEventLoop.processSelectedKeysOptimized(NioEventLoop.java:650)
	at io.netty.channel.nio.NioEventLoop.processSelectedKeys(NioEventLoop.java:576)
	at io.netty.channel.nio.NioEventLoop.run(NioEventLoop.java:493)
	at io.netty.util.concurrent.SingleThreadEventExecutor$4.run(SingleThreadEventExecutor.java:989)
	at io.netty.util.internal.ThreadExecutorMap$2.run(ThreadExecutorMap.java:74)
	at io.netty.util.concurrent.FastThreadLocalRunnable.run(FastThreadLocalRunnable.java:30)
	at java.lang.Thread.run(Thread.java:748)
2020-05-28 15:49:36  [ nioEventLoopGroup-3-1:405866 ] - [ INFO ]  Reflections took 3 ms to scan 1 urls, producing 1 keys and 1 values 
2020-05-28 15:49:39  [ nioEventLoopGroup-3-1:408842 ] - [ INFO ]  Reflections took 3 ms to scan 1 urls, producing 1 keys and 1 values 
2020-05-28 15:49:43  [ nioEventLoopGroup-3-1:412644 ] - [ INFO ]  Reflections took 3 ms to scan 1 urls, producing 1 keys and 1 values 
2020-05-28 15:49:43  [ nioEventLoopGroup-3-1:412664 ] - [ WARN ]  An exceptionCaught() event was fired, and it reached at the tail of the pipeline. It usually means the last handler in the pipeline did not handle the exception.
java.lang.NullPointerException: msg
	at io.netty.util.internal.ObjectUtil.checkNotNull(ObjectUtil.java:33)
	at io.netty.channel.AbstractChannelHandlerContext.write(AbstractChannelHandlerContext.java:772)
	at io.netty.channel.AbstractChannelHandlerContext.writeAndFlush(AbstractChannelHandlerContext.java:758)
	at io.netty.channel.AbstractChannelHandlerContext.writeAndFlush(AbstractChannelHandlerContext.java:808)
	at io.netty.channel.DefaultChannelPipeline.writeAndFlush(DefaultChannelPipeline.java:1025)
	at io.netty.channel.AbstractChannel.writeAndFlush(AbstractChannel.java:294)
	at com.game.netty.server.ServerHandler.channelRead(ServerHandler.java:27)
	at io.netty.channel.AbstractChannelHandlerContext.invokeChannelRead(AbstractChannelHandlerContext.java:379)
	at io.netty.channel.AbstractChannelHandlerContext.invokeChannelRead(AbstractChannelHandlerContext.java:365)
	at io.netty.channel.AbstractChannelHandlerContext.fireChannelRead(AbstractChannelHandlerContext.java:357)
	at io.netty.handler.codec.MessageToMessageDecoder.channelRead(MessageToMessageDecoder.java:103)
	at io.netty.channel.AbstractChannelHandlerContext.invokeChannelRead(AbstractChannelHandlerContext.java:379)
	at io.netty.channel.AbstractChannelHandlerContext.invokeChannelRead(AbstractChannelHandlerContext.java:365)
	at io.netty.channel.AbstractChannelHandlerContext.fireChannelRead(AbstractChannelHandlerContext.java:357)
	at io.netty.channel.DefaultChannelPipeline$HeadContext.channelRead(DefaultChannelPipeline.java:1410)
	at io.netty.channel.AbstractChannelHandlerContext.invokeChannelRead(AbstractChannelHandlerContext.java:379)
	at io.netty.channel.AbstractChannelHandlerContext.invokeChannelRead(AbstractChannelHandlerContext.java:365)
	at io.netty.channel.DefaultChannelPipeline.fireChannelRead(DefaultChannelPipeline.java:919)
	at io.netty.channel.nio.AbstractNioByteChannel$NioByteUnsafe.read(AbstractNioByteChannel.java:163)
	at io.netty.channel.nio.NioEventLoop.processSelectedKey(NioEventLoop.java:714)
	at io.netty.channel.nio.NioEventLoop.processSelectedKeysOptimized(NioEventLoop.java:650)
	at io.netty.channel.nio.NioEventLoop.processSelectedKeys(NioEventLoop.java:576)
	at io.netty.channel.nio.NioEventLoop.run(NioEventLoop.java:493)
	at io.netty.util.concurrent.SingleThreadEventExecutor$4.run(SingleThreadEventExecutor.java:989)
	at io.netty.util.internal.ThreadExecutorMap$2.run(ThreadExecutorMap.java:74)
	at io.netty.util.concurrent.FastThreadLocalRunnable.run(FastThreadLocalRunnable.java:30)
	at java.lang.Thread.run(Thread.java:748)
2020-05-28 15:49:44  [ nioEventLoopGroup-3-1:414196 ] - [ INFO ]  Reflections took 3 ms to scan 1 urls, producing 1 keys and 1 values 
2020-05-28 15:49:57  [ nioEventLoopGroup-3-1:426526 ] - [ INFO ]  Reflections took 2 ms to scan 1 urls, producing 1 keys and 1 values 
2020-05-28 15:49:57  [ nioEventLoopGroup-3-1:426535 ] - [ WARN ]  An exceptionCaught() event was fired, and it reached at the tail of the pipeline. It usually means the last handler in the pipeline did not handle the exception.
java.lang.NullPointerException: msg
	at io.netty.util.internal.ObjectUtil.checkNotNull(ObjectUtil.java:33)
	at io.netty.channel.AbstractChannelHandlerContext.write(AbstractChannelHandlerContext.java:772)
	at io.netty.channel.AbstractChannelHandlerContext.writeAndFlush(AbstractChannelHandlerContext.java:758)
	at io.netty.channel.AbstractChannelHandlerContext.writeAndFlush(AbstractChannelHandlerContext.java:808)
	at io.netty.channel.DefaultChannelPipeline.writeAndFlush(DefaultChannelPipeline.java:1025)
	at io.netty.channel.AbstractChannel.writeAndFlush(AbstractChannel.java:294)
	at com.game.netty.server.ServerHandler.channelRead(ServerHandler.java:27)
	at io.netty.channel.AbstractChannelHandlerContext.invokeChannelRead(AbstractChannelHandlerContext.java:379)
	at io.netty.channel.AbstractChannelHandlerContext.invokeChannelRead(AbstractChannelHandlerContext.java:365)
	at io.netty.channel.AbstractChannelHandlerContext.fireChannelRead(AbstractChannelHandlerContext.java:357)
	at io.netty.handler.codec.MessageToMessageDecoder.channelRead(MessageToMessageDecoder.java:103)
	at io.netty.channel.AbstractChannelHandlerContext.invokeChannelRead(AbstractChannelHandlerContext.java:379)
	at io.netty.channel.AbstractChannelHandlerContext.invokeChannelRead(AbstractChannelHandlerContext.java:365)
	at io.netty.channel.AbstractChannelHandlerContext.fireChannelRead(AbstractChannelHandlerContext.java:357)
	at io.netty.channel.DefaultChannelPipeline$HeadContext.channelRead(DefaultChannelPipeline.java:1410)
	at io.netty.channel.AbstractChannelHandlerContext.invokeChannelRead(AbstractChannelHandlerContext.java:379)
	at io.netty.channel.AbstractChannelHandlerContext.invokeChannelRead(AbstractChannelHandlerContext.java:365)
	at io.netty.channel.DefaultChannelPipeline.fireChannelRead(DefaultChannelPipeline.java:919)
	at io.netty.channel.nio.AbstractNioByteChannel$NioByteUnsafe.read(AbstractNioByteChannel.java:163)
	at io.netty.channel.nio.NioEventLoop.processSelectedKey(NioEventLoop.java:714)
	at io.netty.channel.nio.NioEventLoop.processSelectedKeysOptimized(NioEventLoop.java:650)
	at io.netty.channel.nio.NioEventLoop.processSelectedKeys(NioEventLoop.java:576)
	at io.netty.channel.nio.NioEventLoop.run(NioEventLoop.java:493)
	at io.netty.util.concurrent.SingleThreadEventExecutor$4.run(SingleThreadEventExecutor.java:989)
	at io.netty.util.internal.ThreadExecutorMap$2.run(ThreadExecutorMap.java:74)
	at io.netty.util.concurrent.FastThreadLocalRunnable.run(FastThreadLocalRunnable.java:30)
	at java.lang.Thread.run(Thread.java:748)
2020-05-28 15:50:04  [ nioEventLoopGroup-3-1:434138 ] - [ INFO ]  Reflections took 3 ms to scan 1 urls, producing 1 keys and 1 values 
2020-05-28 15:50:04  [ nioEventLoopGroup-3-1:434155 ] - [ WARN ]  An exceptionCaught() event was fired, and it reached at the tail of the pipeline. It usually means the last handler in the pipeline did not handle the exception.
java.lang.NullPointerException: msg
	at io.netty.util.internal.ObjectUtil.checkNotNull(ObjectUtil.java:33)
	at io.netty.channel.AbstractChannelHandlerContext.write(AbstractChannelHandlerContext.java:772)
	at io.netty.channel.AbstractChannelHandlerContext.writeAndFlush(AbstractChannelHandlerContext.java:758)
	at io.netty.channel.AbstractChannelHandlerContext.writeAndFlush(AbstractChannelHandlerContext.java:808)
	at io.netty.channel.DefaultChannelPipeline.writeAndFlush(DefaultChannelPipeline.java:1025)
	at io.netty.channel.AbstractChannel.writeAndFlush(AbstractChannel.java:294)
	at com.game.netty.server.ServerHandler.channelRead(ServerHandler.java:27)
	at io.netty.channel.AbstractChannelHandlerContext.invokeChannelRead(AbstractChannelHandlerContext.java:379)
	at io.netty.channel.AbstractChannelHandlerContext.invokeChannelRead(AbstractChannelHandlerContext.java:365)
	at io.netty.channel.AbstractChannelHandlerContext.fireChannelRead(AbstractChannelHandlerContext.java:357)
	at io.netty.handler.codec.MessageToMessageDecoder.channelRead(MessageToMessageDecoder.java:103)
	at io.netty.channel.AbstractChannelHandlerContext.invokeChannelRead(AbstractChannelHandlerContext.java:379)
	at io.netty.channel.AbstractChannelHandlerContext.invokeChannelRead(AbstractChannelHandlerContext.java:365)
	at io.netty.channel.AbstractChannelHandlerContext.fireChannelRead(AbstractChannelHandlerContext.java:357)
	at io.netty.channel.DefaultChannelPipeline$HeadContext.channelRead(DefaultChannelPipeline.java:1410)
	at io.netty.channel.AbstractChannelHandlerContext.invokeChannelRead(AbstractChannelHandlerContext.java:379)
	at io.netty.channel.AbstractChannelHandlerContext.invokeChannelRead(AbstractChannelHandlerContext.java:365)
	at io.netty.channel.DefaultChannelPipeline.fireChannelRead(DefaultChannelPipeline.java:919)
	at io.netty.channel.nio.AbstractNioByteChannel$NioByteUnsafe.read(AbstractNioByteChannel.java:163)
	at io.netty.channel.nio.NioEventLoop.processSelectedKey(NioEventLoop.java:714)
	at io.netty.channel.nio.NioEventLoop.processSelectedKeysOptimized(NioEventLoop.java:650)
	at io.netty.channel.nio.NioEventLoop.processSelectedKeys(NioEventLoop.java:576)
	at io.netty.channel.nio.NioEventLoop.run(NioEventLoop.java:493)
	at io.netty.util.concurrent.SingleThreadEventExecutor$4.run(SingleThreadEventExecutor.java:989)
	at io.netty.util.internal.ThreadExecutorMap$2.run(ThreadExecutorMap.java:74)
	at io.netty.util.concurrent.FastThreadLocalRunnable.run(FastThreadLocalRunnable.java:30)
	at java.lang.Thread.run(Thread.java:748)
2020-05-28 15:50:10  [ nioEventLoopGroup-3-1:439358 ] - [ INFO ]  Reflections took 2 ms to scan 1 urls, producing 1 keys and 1 values 
2020-05-28 15:50:13  [ nioEventLoopGroup-3-1:443063 ] - [ INFO ]  Reflections took 2 ms to scan 1 urls, producing 1 keys and 1 values 
2020-05-28 15:50:13  [ nioEventLoopGroup-3-1:443073 ] - [ WARN ]  An exceptionCaught() event was fired, and it reached at the tail of the pipeline. It usually means the last handler in the pipeline did not handle the exception.
java.lang.NullPointerException: msg
	at io.netty.util.internal.ObjectUtil.checkNotNull(ObjectUtil.java:33)
	at io.netty.channel.AbstractChannelHandlerContext.write(AbstractChannelHandlerContext.java:772)
	at io.netty.channel.AbstractChannelHandlerContext.writeAndFlush(AbstractChannelHandlerContext.java:758)
	at io.netty.channel.AbstractChannelHandlerContext.writeAndFlush(AbstractChannelHandlerContext.java:808)
	at io.netty.channel.DefaultChannelPipeline.writeAndFlush(DefaultChannelPipeline.java:1025)
	at io.netty.channel.AbstractChannel.writeAndFlush(AbstractChannel.java:294)
	at com.game.netty.server.ServerHandler.channelRead(ServerHandler.java:27)
	at io.netty.channel.AbstractChannelHandlerContext.invokeChannelRead(AbstractChannelHandlerContext.java:379)
	at io.netty.channel.AbstractChannelHandlerContext.invokeChannelRead(AbstractChannelHandlerContext.java:365)
	at io.netty.channel.AbstractChannelHandlerContext.fireChannelRead(AbstractChannelHandlerContext.java:357)
	at io.netty.handler.codec.MessageToMessageDecoder.channelRead(MessageToMessageDecoder.java:103)
	at io.netty.channel.AbstractChannelHandlerContext.invokeChannelRead(AbstractChannelHandlerContext.java:379)
	at io.netty.channel.AbstractChannelHandlerContext.invokeChannelRead(AbstractChannelHandlerContext.java:365)
	at io.netty.channel.AbstractChannelHandlerContext.fireChannelRead(AbstractChannelHandlerContext.java:357)
	at io.netty.channel.DefaultChannelPipeline$HeadContext.channelRead(DefaultChannelPipeline.java:1410)
	at io.netty.channel.AbstractChannelHandlerContext.invokeChannelRead(AbstractChannelHandlerContext.java:379)
	at io.netty.channel.AbstractChannelHandlerContext.invokeChannelRead(AbstractChannelHandlerContext.java:365)
	at io.netty.channel.DefaultChannelPipeline.fireChannelRead(DefaultChannelPipeline.java:919)
	at io.netty.channel.nio.AbstractNioByteChannel$NioByteUnsafe.read(AbstractNioByteChannel.java:163)
	at io.netty.channel.nio.NioEventLoop.processSelectedKey(NioEventLoop.java:714)
	at io.netty.channel.nio.NioEventLoop.processSelectedKeysOptimized(NioEventLoop.java:650)
	at io.netty.channel.nio.NioEventLoop.processSelectedKeys(NioEventLoop.java:576)
	at io.netty.channel.nio.NioEventLoop.run(NioEventLoop.java:493)
	at io.netty.util.concurrent.SingleThreadEventExecutor$4.run(SingleThreadEventExecutor.java:989)
	at io.netty.util.internal.ThreadExecutorMap$2.run(ThreadExecutorMap.java:74)
	at io.netty.util.concurrent.FastThreadLocalRunnable.run(FastThreadLocalRunnable.java:30)
	at java.lang.Thread.run(Thread.java:748)
2020-05-28 15:50:21  [ nioEventLoopGroup-3-1:450262 ] - [ INFO ]  Reflections took 4 ms to scan 1 urls, producing 1 keys and 1 values 
2020-05-28 15:50:24  [ nioEventLoopGroup-3-1:454058 ] - [ INFO ]  Reflections took 2 ms to scan 1 urls, producing 1 keys and 1 values 
2020-05-28 15:50:28  [ nioEventLoopGroup-2-1:447939 ] - [ WARN ]  An exceptionCaught() event was fired, and it reached at the tail of the pipeline. It usually means the last handler in the pipeline did not handle the exception.
java.io.IOException: 
	at sun.nio.ch.SocketDispatcher.read0(Native Method)
	at sun.nio.ch.SocketDispatcher.read(SocketDispatcher.java:43)
	at sun.nio.ch.IOUtil.readIntoNativeBuffer(IOUtil.java:223)
	at sun.nio.ch.IOUtil.read(IOUtil.java:192)
	at sun.nio.ch.SocketChannelImpl.read(SocketChannelImpl.java:380)
	at io.netty.buffer.PooledByteBuf.setBytes(PooledByteBuf.java:253)
	at io.netty.buffer.AbstractByteBuf.writeBytes(AbstractByteBuf.java:1133)
	at io.netty.channel.socket.nio.NioSocketChannel.doReadBytes(NioSocketChannel.java:350)
	at io.netty.channel.nio.AbstractNioByteChannel$NioByteUnsafe.read(AbstractNioByteChannel.java:148)
	at io.netty.channel.nio.NioEventLoop.processSelectedKey(NioEventLoop.java:714)
	at io.netty.channel.nio.NioEventLoop.processSelectedKeysOptimized(NioEventLoop.java:650)
	at io.netty.channel.nio.NioEventLoop.processSelectedKeys(NioEventLoop.java:576)
	at io.netty.channel.nio.NioEventLoop.run(NioEventLoop.java:493)
	at io.netty.util.concurrent.SingleThreadEventExecutor$4.run(SingleThreadEventExecutor.java:989)
	at io.netty.util.internal.ThreadExecutorMap$2.run(ThreadExecutorMap.java:74)
	at io.netty.util.concurrent.FastThreadLocalRunnable.run(FastThreadLocalRunnable.java:30)
	at java.lang.Thread.run(Thread.java:748)
2020-05-28 16:51:36  [ nioEventLoopGroup-3-1:9805 ] - [ INFO ]  Reflections took 34 ms to scan 1 urls, producing 1 keys and 1 values 
2020-05-28 16:51:39  [ nioEventLoopGroup-3-1:12728 ] - [ INFO ]  Reflections took 4 ms to scan 1 urls, producing 1 keys and 1 values 
2020-05-28 16:51:45  [ nioEventLoopGroup-3-1:18453 ] - [ INFO ]  Reflections took 4 ms to scan 1 urls, producing 1 keys and 1 values 
2020-05-28 16:51:58  [ nioEventLoopGroup-3-1:31215 ] - [ INFO ]  Reflections took 2 ms to scan 1 urls, producing 1 keys and 1 values 
2020-05-28 16:52:11  [ nioEventLoopGroup-3-1:44292 ] - [ INFO ]  Reflections took 3 ms to scan 1 urls, producing 1 keys and 1 values 
2020-05-28 16:52:23  [ nioEventLoopGroup-3-1:56161 ] - [ INFO ]  Reflections took 2 ms to scan 1 urls, producing 1 keys and 1 values 
