2020-07-21 10:09:53  [ main:35 ] - [ INFO ]  Refreshing org.springframework.context.support.ClassPathXmlApplicationContext@5680a178: startup date [Tue Jul 21 10:09:53 CST 2020]; root of context hierarchy
2020-07-21 10:09:53  [ main:86 ] - [ INFO ]  Loading XML bean definitions from class path resource [applicationContext.xml]
2020-07-21 10:10:00  [ main:10 ] - [ INFO ]  Refreshing org.springframework.context.support.ClassPathXmlApplicationContext@5680a178: startup date [Tue Jul 21 10:10:00 CST 2020]; root of context hierarchy
2020-07-21 10:10:00  [ main:49 ] - [ INFO ]  Loading XML bean definitions from class path resource [applicationContext.xml]
2020-07-21 10:10:04  [ nioEventLoopGroup-3-1:11625 ] - [ INFO ]  Refreshing org.springframework.context.support.ClassPathXmlApplicationContext@6f06180: startup date [Tue Jul 21 10:10:04 CST 2020]; root of context hierarchy
2020-07-21 10:10:04  [ nioEventLoopGroup-3-1:11627 ] - [ INFO ]  Loading XML bean definitions from class path resource [applicationContext.xml]
2020-07-21 10:10:04  [ nioEventLoopGroup-3-1:11819 ] - [ INFO ]  Reflections took 61 ms to scan 1 urls, producing 8 keys and 40 values 
2020-07-21 10:10:17  [ nioEventLoopGroup-3-1:24636 ] - [ INFO ]  Refreshing org.springframework.context.support.ClassPathXmlApplicationContext@12427b4c: startup date [Tue Jul 21 10:10:17 CST 2020]; root of context hierarchy
2020-07-21 10:10:17  [ nioEventLoopGroup-3-1:24637 ] - [ INFO ]  Loading XML bean definitions from class path resource [applicationContext.xml]
2020-07-21 10:10:17  [ nioEventLoopGroup-3-1:24731 ] - [ INFO ]  Reflections took 15 ms to scan 1 urls, producing 8 keys and 40 values 
2020-07-21 10:10:25  [ nioEventLoopGroup-3-1:32537 ] - [ INFO ]  Refreshing org.springframework.context.support.ClassPathXmlApplicationContext@327542f1: startup date [Tue Jul 21 10:10:25 CST 2020]; root of context hierarchy
2020-07-21 10:10:25  [ nioEventLoopGroup-3-1:32538 ] - [ INFO ]  Loading XML bean definitions from class path resource [applicationContext.xml]
2020-07-21 10:10:25  [ nioEventLoopGroup-3-1:32628 ] - [ INFO ]  Reflections took 20 ms to scan 1 urls, producing 8 keys and 40 values 
2020-07-21 10:10:49  [ nioEventLoopGroup-3-1:56054 ] - [ INFO ]  Refreshing org.springframework.context.support.ClassPathXmlApplicationContext@1753d50a: startup date [Tue Jul 21 10:10:49 CST 2020]; root of context hierarchy
2020-07-21 10:10:49  [ nioEventLoopGroup-3-1:56054 ] - [ INFO ]  Loading XML bean definitions from class path resource [applicationContext.xml]
2020-07-21 10:10:49  [ nioEventLoopGroup-3-1:56125 ] - [ INFO ]  Reflections took 13 ms to scan 1 urls, producing 8 keys and 40 values 
2020-07-21 10:10:56  [ nioEventLoopGroup-3-1:63570 ] - [ INFO ]  Refreshing org.springframework.context.support.ClassPathXmlApplicationContext@94eb608: startup date [Tue Jul 21 10:10:56 CST 2020]; root of context hierarchy
2020-07-21 10:10:56  [ nioEventLoopGroup-3-1:63570 ] - [ INFO ]  Loading XML bean definitions from class path resource [applicationContext.xml]
2020-07-21 10:10:56  [ nioEventLoopGroup-3-1:63649 ] - [ INFO ]  Reflections took 14 ms to scan 1 urls, producing 8 keys and 40 values 
2020-07-21 10:11:03  [ nioEventLoopGroup-3-1:70185 ] - [ INFO ]  Refreshing org.springframework.context.support.ClassPathXmlApplicationContext@250ac565: startup date [Tue Jul 21 10:11:03 CST 2020]; root of context hierarchy
2020-07-21 10:11:03  [ nioEventLoopGroup-3-1:70185 ] - [ INFO ]  Loading XML bean definitions from class path resource [applicationContext.xml]
2020-07-21 10:11:03  [ nioEventLoopGroup-3-1:70256 ] - [ INFO ]  Reflections took 14 ms to scan 1 urls, producing 8 keys and 40 values 
2020-07-21 10:11:10  [ nioEventLoopGroup-3-1:77458 ] - [ INFO ]  Refreshing org.springframework.context.support.ClassPathXmlApplicationContext@1f51483e: startup date [Tue Jul 21 10:11:10 CST 2020]; root of context hierarchy
2020-07-21 10:11:10  [ nioEventLoopGroup-3-1:77459 ] - [ INFO ]  Loading XML bean definitions from class path resource [applicationContext.xml]
2020-07-21 10:11:10  [ nioEventLoopGroup-3-1:77532 ] - [ INFO ]  Reflections took 11 ms to scan 1 urls, producing 8 keys and 40 values 
2020-07-21 10:12:04  [ nioEventLoopGroup-3-1:131752 ] - [ INFO ]  Refreshing org.springframework.context.support.ClassPathXmlApplicationContext@54214931: startup date [Tue Jul 21 10:12:04 CST 2020]; root of context hierarchy
2020-07-21 10:12:04  [ nioEventLoopGroup-3-1:131752 ] - [ INFO ]  Loading XML bean definitions from class path resource [applicationContext.xml]
2020-07-21 10:12:05  [ nioEventLoopGroup-3-1:131821 ] - [ INFO ]  Reflections took 11 ms to scan 1 urls, producing 8 keys and 40 values 
2020-07-21 10:12:16  [ nioEventLoopGroup-3-1:143306 ] - [ INFO ]  Refreshing org.springframework.context.support.ClassPathXmlApplicationContext@350ec195: startup date [Tue Jul 21 10:12:16 CST 2020]; root of context hierarchy
2020-07-21 10:12:16  [ nioEventLoopGroup-3-1:143306 ] - [ INFO ]  Loading XML bean definitions from class path resource [applicationContext.xml]
2020-07-21 10:12:16  [ nioEventLoopGroup-3-1:143367 ] - [ INFO ]  Reflections took 12 ms to scan 1 urls, producing 8 keys and 40 values 
2020-07-21 10:15:15  [ nioEventLoopGroup-3-1:321846 ] - [ INFO ]  Refreshing org.springframework.context.support.ClassPathXmlApplicationContext@62f24d3a: startup date [Tue Jul 21 10:15:15 CST 2020]; root of context hierarchy
2020-07-21 10:15:15  [ nioEventLoopGroup-3-1:321846 ] - [ INFO ]  Loading XML bean definitions from class path resource [applicationContext.xml]
2020-07-21 10:15:15  [ nioEventLoopGroup-3-1:321908 ] - [ INFO ]  Reflections took 13 ms to scan 1 urls, producing 8 keys and 40 values 
2020-07-21 10:17:07  [ nioEventLoopGroup-3-1:434223 ] - [ INFO ]  Refreshing org.springframework.context.support.ClassPathXmlApplicationContext@5ddcde58: startup date [Tue Jul 21 10:17:07 CST 2020]; root of context hierarchy
2020-07-21 10:17:07  [ nioEventLoopGroup-3-1:434224 ] - [ INFO ]  Loading XML bean definitions from class path resource [applicationContext.xml]
2020-07-21 10:17:07  [ nioEventLoopGroup-3-1:434281 ] - [ INFO ]  Reflections took 14 ms to scan 1 urls, producing 8 keys and 40 values 
2020-07-21 10:17:12  [ nioEventLoopGroup-3-1:439248 ] - [ INFO ]  Refreshing org.springframework.context.support.ClassPathXmlApplicationContext@5857427a: startup date [Tue Jul 21 10:17:12 CST 2020]; root of context hierarchy
2020-07-21 10:17:12  [ nioEventLoopGroup-3-1:439248 ] - [ INFO ]  Loading XML bean definitions from class path resource [applicationContext.xml]
2020-07-21 10:17:12  [ nioEventLoopGroup-3-1:439302 ] - [ INFO ]  Reflections took 11 ms to scan 1 urls, producing 8 keys and 40 values 
2020-07-21 10:17:33  [ nioEventLoopGroup-3-1:460222 ] - [ INFO ]  Refreshing org.springframework.context.support.ClassPathXmlApplicationContext@39c28057: startup date [Tue Jul 21 10:17:33 CST 2020]; root of context hierarchy
2020-07-21 10:17:33  [ nioEventLoopGroup-3-1:460223 ] - [ INFO ]  Loading XML bean definitions from class path resource [applicationContext.xml]
2020-07-21 10:17:33  [ nioEventLoopGroup-3-1:460279 ] - [ INFO ]  Reflections took 10 ms to scan 1 urls, producing 8 keys and 40 values 
2020-07-21 10:17:35  [ nioEventLoopGroup-3-1:462154 ] - [ INFO ]  Refreshing org.springframework.context.support.ClassPathXmlApplicationContext@5a78930b: startup date [Tue Jul 21 10:17:35 CST 2020]; root of context hierarchy
2020-07-21 10:17:35  [ nioEventLoopGroup-3-1:462155 ] - [ INFO ]  Loading XML bean definitions from class path resource [applicationContext.xml]
2020-07-21 10:17:35  [ nioEventLoopGroup-3-1:462211 ] - [ INFO ]  Reflections took 13 ms to scan 1 urls, producing 8 keys and 40 values 
2020-07-21 10:18:01  [ nioEventLoopGroup-3-1:488547 ] - [ INFO ]  Refreshing org.springframework.context.support.ClassPathXmlApplicationContext@6848de71: startup date [Tue Jul 21 10:18:01 CST 2020]; root of context hierarchy
2020-07-21 10:18:01  [ nioEventLoopGroup-3-1:488547 ] - [ INFO ]  Loading XML bean definitions from class path resource [applicationContext.xml]
2020-07-21 10:18:01  [ nioEventLoopGroup-3-1:488597 ] - [ INFO ]  Reflections took 10 ms to scan 1 urls, producing 8 keys and 40 values 
2020-07-21 10:18:21  [ nioEventLoopGroup-3-1:508570 ] - [ INFO ]  Refreshing org.springframework.context.support.ClassPathXmlApplicationContext@3aab5d04: startup date [Tue Jul 21 10:18:21 CST 2020]; root of context hierarchy
2020-07-21 10:18:21  [ nioEventLoopGroup-3-1:508570 ] - [ INFO ]  Loading XML bean definitions from class path resource [applicationContext.xml]
2020-07-21 10:18:21  [ nioEventLoopGroup-3-1:508621 ] - [ INFO ]  Reflections took 15 ms to scan 1 urls, producing 8 keys and 40 values 
2020-07-21 10:23:09  [ main:6 ] - [ INFO ]  Refreshing org.springframework.context.support.ClassPathXmlApplicationContext@5680a178: startup date [Tue Jul 21 10:23:09 CST 2020]; root of context hierarchy
2020-07-21 10:23:09  [ main:44 ] - [ INFO ]  Loading XML bean definitions from class path resource [applicationContext.xml]
2020-07-21 10:23:16  [ main:8 ] - [ INFO ]  Refreshing org.springframework.context.support.ClassPathXmlApplicationContext@9660f4e: startup date [Tue Jul 21 10:23:16 CST 2020]; root of context hierarchy
2020-07-21 10:23:16  [ main:69 ] - [ INFO ]  Loading XML bean definitions from class path resource [applicationContext.xml]
2020-07-21 10:23:18  [ main:10 ] - [ INFO ]  Refreshing org.springframework.context.support.ClassPathXmlApplicationContext@9660f4e: startup date [Tue Jul 21 10:23:18 CST 2020]; root of context hierarchy
2020-07-21 10:23:19  [ main:75 ] - [ INFO ]  Loading XML bean definitions from class path resource [applicationContext.xml]
2020-07-21 10:23:21  [ nioEventLoopGroup-3-1:5639 ] - [ INFO ]  Refreshing org.springframework.context.support.ClassPathXmlApplicationContext@6ea2a4d8: startup date [Tue Jul 21 10:23:21 CST 2020]; root of context hierarchy
2020-07-21 10:23:21  [ nioEventLoopGroup-3-1:5640 ] - [ INFO ]  Loading XML bean definitions from class path resource [applicationContext.xml]
2020-07-21 10:23:22  [ nioEventLoopGroup-3-1:5821 ] - [ INFO ]  Reflections took 50 ms to scan 1 urls, producing 8 keys and 40 values 
2020-07-21 10:23:34  [ nioEventLoopGroup-3-1:18601 ] - [ INFO ]  Refreshing org.springframework.context.support.ClassPathXmlApplicationContext@4a43d3fe: startup date [Tue Jul 21 10:23:34 CST 2020]; root of context hierarchy
2020-07-21 10:23:34  [ nioEventLoopGroup-3-1:18602 ] - [ INFO ]  Loading XML bean definitions from class path resource [applicationContext.xml]
2020-07-21 10:23:34  [ nioEventLoopGroup-3-1:18693 ] - [ INFO ]  Reflections took 18 ms to scan 1 urls, producing 8 keys and 40 values 
2020-07-21 10:23:43  [ nioEventLoopGroup-3-1:27483 ] - [ INFO ]  Refreshing org.springframework.context.support.ClassPathXmlApplicationContext@6ab9de20: startup date [Tue Jul 21 10:23:43 CST 2020]; root of context hierarchy
2020-07-21 10:23:43  [ nioEventLoopGroup-3-1:27484 ] - [ INFO ]  Loading XML bean definitions from class path resource [applicationContext.xml]
2020-07-21 10:23:43  [ nioEventLoopGroup-3-1:27559 ] - [ INFO ]  Reflections took 12 ms to scan 1 urls, producing 8 keys and 40 values 
2020-07-21 10:24:41  [ nioEventLoopGroup-3-1:85382 ] - [ INFO ]  Refreshing org.springframework.context.support.ClassPathXmlApplicationContext@13ba9de1: startup date [Tue Jul 21 10:24:41 CST 2020]; root of context hierarchy
2020-07-21 10:24:41  [ nioEventLoopGroup-3-1:85383 ] - [ INFO ]  Loading XML bean definitions from class path resource [applicationContext.xml]
2020-07-21 10:24:41  [ nioEventLoopGroup-3-1:85466 ] - [ INFO ]  Reflections took 20 ms to scan 1 urls, producing 8 keys and 40 values 
2020-07-21 10:29:30  [ main:6 ] - [ INFO ]  Refreshing org.springframework.context.support.ClassPathXmlApplicationContext@5680a178: startup date [Tue Jul 21 10:29:30 CST 2020]; root of context hierarchy
2020-07-21 10:29:30  [ main:43 ] - [ INFO ]  Loading XML bean definitions from class path resource [applicationContext.xml]
2020-07-21 10:29:33  [ main:11 ] - [ INFO ]  Refreshing org.springframework.context.support.ClassPathXmlApplicationContext@5680a178: startup date [Tue Jul 21 10:29:33 CST 2020]; root of context hierarchy
2020-07-21 10:29:33  [ main:70 ] - [ INFO ]  Loading XML bean definitions from class path resource [applicationContext.xml]
2020-07-21 10:29:37  [ nioEventLoopGroup-3-1:7228 ] - [ INFO ]  Refreshing org.springframework.context.support.ClassPathXmlApplicationContext@7f4be8e0: startup date [Tue Jul 21 10:29:37 CST 2020]; root of context hierarchy
2020-07-21 10:29:37  [ nioEventLoopGroup-3-1:7228 ] - [ INFO ]  Loading XML bean definitions from class path resource [applicationContext.xml]
2020-07-21 10:29:37  [ nioEventLoopGroup-3-1:7395 ] - [ INFO ]  Reflections took 62 ms to scan 1 urls, producing 8 keys and 40 values 
2020-07-21 10:29:46  [ nioEventLoopGroup-3-1:16316 ] - [ INFO ]  Refreshing org.springframework.context.support.ClassPathXmlApplicationContext@5d04e87: startup date [Tue Jul 21 10:29:46 CST 2020]; root of context hierarchy
2020-07-21 10:29:46  [ nioEventLoopGroup-3-1:16317 ] - [ INFO ]  Loading XML bean definitions from class path resource [applicationContext.xml]
2020-07-21 10:29:46  [ nioEventLoopGroup-3-1:16397 ] - [ INFO ]  Reflections took 17 ms to scan 1 urls, producing 8 keys and 40 values 
2020-07-21 10:29:57  [ nioEventLoopGroup-3-1:27703 ] - [ INFO ]  Refreshing org.springframework.context.support.ClassPathXmlApplicationContext@c2e9e5c: startup date [Tue Jul 21 10:29:57 CST 2020]; root of context hierarchy
2020-07-21 10:29:57  [ nioEventLoopGroup-3-1:27703 ] - [ INFO ]  Loading XML bean definitions from class path resource [applicationContext.xml]
2020-07-21 10:29:57  [ nioEventLoopGroup-3-1:27781 ] - [ INFO ]  Reflections took 15 ms to scan 1 urls, producing 8 keys and 40 values 
2020-07-21 10:30:10  [ nioEventLoopGroup-3-1:40173 ] - [ INFO ]  Refreshing org.springframework.context.support.ClassPathXmlApplicationContext@5d7ac93b: startup date [Tue Jul 21 10:30:10 CST 2020]; root of context hierarchy
2020-07-21 10:30:10  [ nioEventLoopGroup-3-1:40174 ] - [ INFO ]  Loading XML bean definitions from class path resource [applicationContext.xml]
2020-07-21 10:30:10  [ nioEventLoopGroup-3-1:40236 ] - [ INFO ]  Reflections took 12 ms to scan 1 urls, producing 8 keys and 40 values 
2020-07-21 10:30:12  [ nioEventLoopGroup-3-1:42462 ] - [ INFO ]  Refreshing org.springframework.context.support.ClassPathXmlApplicationContext@4798fac9: startup date [Tue Jul 21 10:30:12 CST 2020]; root of context hierarchy
2020-07-21 10:30:12  [ nioEventLoopGroup-3-1:42462 ] - [ INFO ]  Loading XML bean definitions from class path resource [applicationContext.xml]
2020-07-21 10:30:12  [ nioEventLoopGroup-3-1:42547 ] - [ INFO ]  Reflections took 16 ms to scan 1 urls, producing 8 keys and 40 values 
2020-07-21 10:30:55  [ nioEventLoopGroup-3-1:85352 ] - [ INFO ]  Refreshing org.springframework.context.support.ClassPathXmlApplicationContext@4df25d80: startup date [Tue Jul 21 10:30:55 CST 2020]; root of context hierarchy
2020-07-21 10:30:55  [ nioEventLoopGroup-3-1:85353 ] - [ INFO ]  Loading XML bean definitions from class path resource [applicationContext.xml]
2020-07-21 10:30:55  [ nioEventLoopGroup-3-1:85409 ] - [ INFO ]  Reflections took 11 ms to scan 1 urls, producing 8 keys and 40 values 
2020-07-21 10:31:03  [ nioEventLoopGroup-3-1:93025 ] - [ INFO ]  Refreshing org.springframework.context.support.ClassPathXmlApplicationContext@49d61d94: startup date [Tue Jul 21 10:31:03 CST 2020]; root of context hierarchy
2020-07-21 10:31:03  [ nioEventLoopGroup-3-1:93025 ] - [ INFO ]  Loading XML bean definitions from class path resource [applicationContext.xml]
2020-07-21 10:31:03  [ nioEventLoopGroup-3-1:93089 ] - [ INFO ]  Reflections took 11 ms to scan 1 urls, producing 8 keys and 40 values 
2020-07-21 10:31:24  [ nioEventLoopGroup-3-1:114276 ] - [ INFO ]  Refreshing org.springframework.context.support.ClassPathXmlApplicationContext@4102d69c: startup date [Tue Jul 21 10:31:24 CST 2020]; root of context hierarchy
2020-07-21 10:31:24  [ nioEventLoopGroup-3-1:114276 ] - [ INFO ]  Loading XML bean definitions from class path resource [applicationContext.xml]
2020-07-21 10:31:24  [ nioEventLoopGroup-3-1:114338 ] - [ INFO ]  Reflections took 11 ms to scan 1 urls, producing 8 keys and 40 values 
2020-07-21 10:31:45  [ nioEventLoopGroup-3-1:135811 ] - [ INFO ]  Refreshing org.springframework.context.support.ClassPathXmlApplicationContext@2c49e97e: startup date [Tue Jul 21 10:31:45 CST 2020]; root of context hierarchy
2020-07-21 10:31:45  [ nioEventLoopGroup-3-1:135811 ] - [ INFO ]  Loading XML bean definitions from class path resource [applicationContext.xml]
2020-07-21 10:31:45  [ nioEventLoopGroup-3-1:135897 ] - [ INFO ]  Reflections took 14 ms to scan 1 urls, producing 8 keys and 40 values 
2020-07-21 10:31:47  [ nioEventLoopGroup-3-1:137801 ] - [ INFO ]  Refreshing org.springframework.context.support.ClassPathXmlApplicationContext@36c506b1: startup date [Tue Jul 21 10:31:47 CST 2020]; root of context hierarchy
2020-07-21 10:31:47  [ nioEventLoopGroup-3-1:137801 ] - [ INFO ]  Loading XML bean definitions from class path resource [applicationContext.xml]
2020-07-21 10:31:47  [ nioEventLoopGroup-3-1:137855 ] - [ INFO ]  Reflections took 14 ms to scan 1 urls, producing 8 keys and 40 values 
2020-07-21 10:58:38  [ main:6 ] - [ INFO ]  Refreshing org.springframework.context.support.ClassPathXmlApplicationContext@5680a178: startup date [Tue Jul 21 10:58:38 CST 2020]; root of context hierarchy
2020-07-21 10:58:38  [ main:44 ] - [ INFO ]  Loading XML bean definitions from class path resource [applicationContext.xml]
2020-07-21 10:58:40  [ main:10 ] - [ INFO ]  Refreshing org.springframework.context.support.ClassPathXmlApplicationContext@5680a178: startup date [Tue Jul 21 10:58:40 CST 2020]; root of context hierarchy
2020-07-21 10:58:40  [ main:62 ] - [ INFO ]  Loading XML bean definitions from class path resource [applicationContext.xml]
2020-07-21 10:58:44  [ nioEventLoopGroup-3-1:5837 ] - [ INFO ]  Refreshing org.springframework.context.support.ClassPathXmlApplicationContext@65fb38e2: startup date [Tue Jul 21 10:58:44 CST 2020]; root of context hierarchy
2020-07-21 10:58:44  [ nioEventLoopGroup-3-1:5838 ] - [ INFO ]  Loading XML bean definitions from class path resource [applicationContext.xml]
2020-07-21 10:58:44  [ nioEventLoopGroup-3-1:6008 ] - [ INFO ]  Reflections took 56 ms to scan 1 urls, producing 8 keys and 40 values 
2020-07-21 10:58:52  [ nioEventLoopGroup-3-1:13871 ] - [ INFO ]  Refreshing org.springframework.context.support.ClassPathXmlApplicationContext@5ab874ac: startup date [Tue Jul 21 10:58:52 CST 2020]; root of context hierarchy
2020-07-21 10:58:52  [ nioEventLoopGroup-3-1:13872 ] - [ INFO ]  Loading XML bean definitions from class path resource [applicationContext.xml]
2020-07-21 10:58:52  [ nioEventLoopGroup-3-1:13947 ] - [ INFO ]  Reflections took 14 ms to scan 1 urls, producing 8 keys and 40 values 
2020-07-21 10:59:02  [ nioEventLoopGroup-3-1:24285 ] - [ INFO ]  Refreshing org.springframework.context.support.ClassPathXmlApplicationContext@5b85725c: startup date [Tue Jul 21 10:59:02 CST 2020]; root of context hierarchy
2020-07-21 10:59:02  [ nioEventLoopGroup-3-1:24286 ] - [ INFO ]  Loading XML bean definitions from class path resource [applicationContext.xml]
2020-07-21 10:59:02  [ nioEventLoopGroup-3-1:24366 ] - [ INFO ]  Reflections took 14 ms to scan 1 urls, producing 8 keys and 40 values 
2020-07-21 10:59:09  [ nioEventLoopGroup-3-1:31456 ] - [ INFO ]  Refreshing org.springframework.context.support.ClassPathXmlApplicationContext@32760d24: startup date [Tue Jul 21 10:59:09 CST 2020]; root of context hierarchy
2020-07-21 10:59:09  [ nioEventLoopGroup-3-1:31457 ] - [ INFO ]  Loading XML bean definitions from class path resource [applicationContext.xml]
2020-07-21 10:59:10  [ nioEventLoopGroup-3-1:31529 ] - [ INFO ]  Reflections took 12 ms to scan 1 urls, producing 8 keys and 40 values 
2020-07-21 10:59:13  [ nioEventLoopGroup-3-1:35119 ] - [ INFO ]  Refreshing org.springframework.context.support.ClassPathXmlApplicationContext@6b92a51d: startup date [Tue Jul 21 10:59:13 CST 2020]; root of context hierarchy
2020-07-21 10:59:13  [ nioEventLoopGroup-3-1:35120 ] - [ INFO ]  Loading XML bean definitions from class path resource [applicationContext.xml]
2020-07-21 10:59:13  [ nioEventLoopGroup-3-1:35203 ] - [ INFO ]  Reflections took 12 ms to scan 1 urls, producing 8 keys and 40 values 
2020-07-21 10:59:19  [ nioEventLoopGroup-3-1:40964 ] - [ INFO ]  Refreshing org.springframework.context.support.ClassPathXmlApplicationContext@552ad252: startup date [Tue Jul 21 10:59:19 CST 2020]; root of context hierarchy
2020-07-21 10:59:19  [ nioEventLoopGroup-3-1:40965 ] - [ INFO ]  Loading XML bean definitions from class path resource [applicationContext.xml]
2020-07-21 10:59:19  [ nioEventLoopGroup-3-1:41020 ] - [ INFO ]  Reflections took 12 ms to scan 1 urls, producing 8 keys and 40 values 
2020-07-21 10:59:29  [ nioEventLoopGroup-3-1:50960 ] - [ INFO ]  Refreshing org.springframework.context.support.ClassPathXmlApplicationContext@179cd649: startup date [Tue Jul 21 10:59:29 CST 2020]; root of context hierarchy
2020-07-21 10:59:29  [ nioEventLoopGroup-3-1:50961 ] - [ INFO ]  Loading XML bean definitions from class path resource [applicationContext.xml]
2020-07-21 10:59:29  [ nioEventLoopGroup-3-1:51025 ] - [ INFO ]  Reflections took 11 ms to scan 1 urls, producing 8 keys and 40 values 
2020-07-21 10:59:32  [ nioEventLoopGroup-3-1:53850 ] - [ INFO ]  Refreshing org.springframework.context.support.ClassPathXmlApplicationContext@61a0bcf1: startup date [Tue Jul 21 10:59:32 CST 2020]; root of context hierarchy
2020-07-21 10:59:32  [ nioEventLoopGroup-3-1:53850 ] - [ INFO ]  Loading XML bean definitions from class path resource [applicationContext.xml]
2020-07-21 10:59:32  [ nioEventLoopGroup-3-1:53920 ] - [ INFO ]  Reflections took 12 ms to scan 1 urls, producing 8 keys and 40 values 
2020-07-21 10:59:49  [ nioEventLoopGroup-3-1:71117 ] - [ INFO ]  Refreshing org.springframework.context.support.ClassPathXmlApplicationContext@46087067: startup date [Tue Jul 21 10:59:49 CST 2020]; root of context hierarchy
2020-07-21 10:59:49  [ nioEventLoopGroup-3-1:71117 ] - [ INFO ]  Loading XML bean definitions from class path resource [applicationContext.xml]
2020-07-21 10:59:49  [ nioEventLoopGroup-3-1:71177 ] - [ INFO ]  Reflections took 12 ms to scan 1 urls, producing 8 keys and 40 values 
2020-07-21 10:59:53  [ nioEventLoopGroup-3-1:74972 ] - [ INFO ]  Refreshing org.springframework.context.support.ClassPathXmlApplicationContext@233db937: startup date [Tue Jul 21 10:59:53 CST 2020]; root of context hierarchy
2020-07-21 10:59:53  [ nioEventLoopGroup-3-1:74972 ] - [ INFO ]  Loading XML bean definitions from class path resource [applicationContext.xml]
2020-07-21 10:59:53  [ nioEventLoopGroup-3-1:75034 ] - [ INFO ]  Reflections took 14 ms to scan 1 urls, producing 8 keys and 40 values 
2020-07-21 11:00:01  [ nioEventLoopGroup-3-1:82806 ] - [ INFO ]  Refreshing org.springframework.context.support.ClassPathXmlApplicationContext@77521424: startup date [Tue Jul 21 11:00:01 CST 2020]; root of context hierarchy
2020-07-21 11:00:01  [ nioEventLoopGroup-3-1:82806 ] - [ INFO ]  Loading XML bean definitions from class path resource [applicationContext.xml]
2020-07-21 11:00:01  [ nioEventLoopGroup-3-1:82868 ] - [ INFO ]  Reflections took 17 ms to scan 1 urls, producing 8 keys and 40 values 
2020-07-21 11:02:06  [ main:6 ] - [ INFO ]  Refreshing org.springframework.context.support.ClassPathXmlApplicationContext@5680a178: startup date [Tue Jul 21 11:02:06 CST 2020]; root of context hierarchy
2020-07-21 11:02:06  [ main:55 ] - [ INFO ]  Loading XML bean definitions from class path resource [applicationContext.xml]
2020-07-21 11:02:23  [ nioEventLoopGroup-3-1:224507 ] - [ INFO ]  Refreshing org.springframework.context.support.ClassPathXmlApplicationContext@85a8e3e: startup date [Tue Jul 21 11:02:23 CST 2020]; root of context hierarchy
2020-07-21 11:02:23  [ nioEventLoopGroup-3-1:224507 ] - [ INFO ]  Loading XML bean definitions from class path resource [applicationContext.xml]
2020-07-21 11:02:23  [ nioEventLoopGroup-3-1:224569 ] - [ INFO ]  Reflections took 13 ms to scan 1 urls, producing 8 keys and 40 values 
2020-07-21 11:02:31  [ nioEventLoopGroup-3-1:232718 ] - [ INFO ]  Refreshing org.springframework.context.support.ClassPathXmlApplicationContext@740d58c8: startup date [Tue Jul 21 11:02:31 CST 2020]; root of context hierarchy
2020-07-21 11:02:31  [ nioEventLoopGroup-3-1:232719 ] - [ INFO ]  Loading XML bean definitions from class path resource [applicationContext.xml]
2020-07-21 11:02:31  [ nioEventLoopGroup-3-1:232769 ] - [ INFO ]  Reflections took 11 ms to scan 1 urls, producing 8 keys and 40 values 
2020-07-21 11:02:35  [ nioEventLoopGroup-3-1:236644 ] - [ INFO ]  Refreshing org.springframework.context.support.ClassPathXmlApplicationContext@277a9c9d: startup date [Tue Jul 21 11:02:35 CST 2020]; root of context hierarchy
2020-07-21 11:02:35  [ nioEventLoopGroup-3-1:236645 ] - [ INFO ]  Loading XML bean definitions from class path resource [applicationContext.xml]
2020-07-21 11:02:35  [ nioEventLoopGroup-3-1:236694 ] - [ INFO ]  Reflections took 11 ms to scan 1 urls, producing 8 keys and 40 values 
2020-07-21 11:02:40  [ nioEventLoopGroup-3-1:241785 ] - [ INFO ]  Refreshing org.springframework.context.support.ClassPathXmlApplicationContext@6b600f07: startup date [Tue Jul 21 11:02:40 CST 2020]; root of context hierarchy
2020-07-21 11:02:40  [ nioEventLoopGroup-3-1:241786 ] - [ INFO ]  Loading XML bean definitions from class path resource [applicationContext.xml]
2020-07-21 11:02:40  [ nioEventLoopGroup-3-1:241840 ] - [ INFO ]  Reflections took 10 ms to scan 1 urls, producing 8 keys and 40 values 
2020-07-21 11:02:47  [ nioEventLoopGroup-3-1:248905 ] - [ INFO ]  Refreshing org.springframework.context.support.ClassPathXmlApplicationContext@7df71ec0: startup date [Tue Jul 21 11:02:47 CST 2020]; root of context hierarchy
2020-07-21 11:02:47  [ nioEventLoopGroup-3-1:248906 ] - [ INFO ]  Loading XML bean definitions from class path resource [applicationContext.xml]
2020-07-21 11:02:47  [ nioEventLoopGroup-3-1:248954 ] - [ INFO ]  Reflections took 11 ms to scan 1 urls, producing 8 keys and 40 values 
2020-07-21 11:03:16  [ nioEventLoopGroup-3-1:278126 ] - [ INFO ]  Refreshing org.springframework.context.support.ClassPathXmlApplicationContext@482eeb8a: startup date [Tue Jul 21 11:03:16 CST 2020]; root of context hierarchy
2020-07-21 11:03:16  [ nioEventLoopGroup-3-1:278126 ] - [ INFO ]  Loading XML bean definitions from class path resource [applicationContext.xml]
2020-07-21 11:03:16  [ nioEventLoopGroup-3-1:278176 ] - [ INFO ]  Reflections took 10 ms to scan 1 urls, producing 8 keys and 40 values 
2020-07-21 11:03:19  [ nioEventLoopGroup-3-1:281377 ] - [ INFO ]  Refreshing org.springframework.context.support.ClassPathXmlApplicationContext@3fdf0473: startup date [Tue Jul 21 11:03:19 CST 2020]; root of context hierarchy
2020-07-21 11:03:19  [ nioEventLoopGroup-3-1:281377 ] - [ INFO ]  Loading XML bean definitions from class path resource [applicationContext.xml]
2020-07-21 11:03:19  [ nioEventLoopGroup-3-1:281422 ] - [ INFO ]  Reflections took 10 ms to scan 1 urls, producing 8 keys and 40 values 
2020-07-21 11:03:24  [ nioEventLoopGroup-3-1:285735 ] - [ INFO ]  Refreshing org.springframework.context.support.ClassPathXmlApplicationContext@6a1a61c5: startup date [Tue Jul 21 11:03:24 CST 2020]; root of context hierarchy
2020-07-21 11:03:24  [ nioEventLoopGroup-3-1:285736 ] - [ INFO ]  Loading XML bean definitions from class path resource [applicationContext.xml]
2020-07-21 11:03:24  [ nioEventLoopGroup-3-1:285784 ] - [ INFO ]  Reflections took 10 ms to scan 1 urls, producing 8 keys and 40 values 
2020-07-21 11:05:18  [ main:7 ] - [ INFO ]  Refreshing org.springframework.context.support.ClassPathXmlApplicationContext@5680a178: startup date [Tue Jul 21 11:05:18 CST 2020]; root of context hierarchy
2020-07-21 11:05:18  [ main:53 ] - [ INFO ]  Loading XML bean definitions from class path resource [applicationContext.xml]
2020-07-21 11:05:20  [ main:7 ] - [ INFO ]  Refreshing org.springframework.context.support.ClassPathXmlApplicationContext@5680a178: startup date [Tue Jul 21 11:05:20 CST 2020]; root of context hierarchy
2020-07-21 11:05:20  [ main:56 ] - [ INFO ]  Loading XML bean definitions from class path resource [applicationContext.xml]
2020-07-21 11:05:23  [ nioEventLoopGroup-3-1:5454 ] - [ INFO ]  Refreshing org.springframework.context.support.ClassPathXmlApplicationContext@3c5beb2f: startup date [Tue Jul 21 11:05:23 CST 2020]; root of context hierarchy
2020-07-21 11:05:23  [ nioEventLoopGroup-3-1:5455 ] - [ INFO ]  Loading XML bean definitions from class path resource [applicationContext.xml]
2020-07-21 11:05:24  [ nioEventLoopGroup-3-1:5711 ] - [ INFO ]  Reflections took 60 ms to scan 1 urls, producing 8 keys and 40 values 
2020-07-21 11:05:33  [ nioEventLoopGroup-3-1:14991 ] - [ INFO ]  Refreshing org.springframework.context.support.ClassPathXmlApplicationContext@1c2dcacc: startup date [Tue Jul 21 11:05:33 CST 2020]; root of context hierarchy
2020-07-21 11:05:33  [ nioEventLoopGroup-3-1:14992 ] - [ INFO ]  Loading XML bean definitions from class path resource [applicationContext.xml]
2020-07-21 11:05:33  [ nioEventLoopGroup-3-1:15076 ] - [ INFO ]  Reflections took 14 ms to scan 1 urls, producing 8 keys and 40 values 
2020-07-21 11:05:40  [ nioEventLoopGroup-3-1:21722 ] - [ INFO ]  Refreshing org.springframework.context.support.ClassPathXmlApplicationContext@6a368523: startup date [Tue Jul 21 11:05:40 CST 2020]; root of context hierarchy
2020-07-21 11:05:40  [ nioEventLoopGroup-3-1:21723 ] - [ INFO ]  Loading XML bean definitions from class path resource [applicationContext.xml]
2020-07-21 11:05:40  [ nioEventLoopGroup-3-1:21802 ] - [ INFO ]  Reflections took 15 ms to scan 1 urls, producing 8 keys and 40 values 
2020-07-21 11:05:46  [ nioEventLoopGroup-3-1:28014 ] - [ INFO ]  Refreshing org.springframework.context.support.ClassPathXmlApplicationContext@2526cd75: startup date [Tue Jul 21 11:05:46 CST 2020]; root of context hierarchy
2020-07-21 11:05:46  [ nioEventLoopGroup-3-1:28015 ] - [ INFO ]  Loading XML bean definitions from class path resource [applicationContext.xml]
2020-07-21 11:05:46  [ nioEventLoopGroup-3-1:28073 ] - [ INFO ]  Reflections took 12 ms to scan 1 urls, producing 8 keys and 40 values 
2020-07-21 11:05:49  [ nioEventLoopGroup-3-1:31535 ] - [ INFO ]  Refreshing org.springframework.context.support.ClassPathXmlApplicationContext@227a135f: startup date [Tue Jul 21 11:05:49 CST 2020]; root of context hierarchy
2020-07-21 11:05:49  [ nioEventLoopGroup-3-1:31535 ] - [ INFO ]  Loading XML bean definitions from class path resource [applicationContext.xml]
2020-07-21 11:05:49  [ nioEventLoopGroup-3-1:31608 ] - [ INFO ]  Reflections took 13 ms to scan 1 urls, producing 8 keys and 40 values 
2020-07-21 11:05:55  [ nioEventLoopGroup-3-1:36986 ] - [ INFO ]  Refreshing org.springframework.context.support.ClassPathXmlApplicationContext@3d7ed2af: startup date [Tue Jul 21 11:05:55 CST 2020]; root of context hierarchy
2020-07-21 11:05:55  [ nioEventLoopGroup-3-1:36987 ] - [ INFO ]  Loading XML bean definitions from class path resource [applicationContext.xml]
2020-07-21 11:05:55  [ nioEventLoopGroup-3-1:37041 ] - [ INFO ]  Reflections took 11 ms to scan 1 urls, producing 8 keys and 40 values 
2020-07-21 11:06:02  [ nioEventLoopGroup-3-1:44354 ] - [ INFO ]  Refreshing org.springframework.context.support.ClassPathXmlApplicationContext@e64fa9c: startup date [Tue Jul 21 11:06:02 CST 2020]; root of context hierarchy
2020-07-21 11:06:02  [ nioEventLoopGroup-3-1:44354 ] - [ INFO ]  Loading XML bean definitions from class path resource [applicationContext.xml]
2020-07-21 11:06:02  [ nioEventLoopGroup-3-1:44412 ] - [ INFO ]  Reflections took 10 ms to scan 1 urls, producing 8 keys and 40 values 
2020-07-21 11:06:05  [ nioEventLoopGroup-3-1:47456 ] - [ INFO ]  Refreshing org.springframework.context.support.ClassPathXmlApplicationContext@6b331f8d: startup date [Tue Jul 21 11:06:05 CST 2020]; root of context hierarchy
2020-07-21 11:06:05  [ nioEventLoopGroup-3-1:47457 ] - [ INFO ]  Loading XML bean definitions from class path resource [applicationContext.xml]
2020-07-21 11:06:05  [ nioEventLoopGroup-3-1:47513 ] - [ INFO ]  Reflections took 12 ms to scan 1 urls, producing 8 keys and 40 values 
2020-07-21 11:06:13  [ nioEventLoopGroup-3-1:54666 ] - [ INFO ]  Refreshing org.springframework.context.support.ClassPathXmlApplicationContext@14f26c90: startup date [Tue Jul 21 11:06:13 CST 2020]; root of context hierarchy
2020-07-21 11:06:13  [ nioEventLoopGroup-3-1:54667 ] - [ INFO ]  Loading XML bean definitions from class path resource [applicationContext.xml]
2020-07-21 11:06:13  [ nioEventLoopGroup-3-1:54728 ] - [ INFO ]  Reflections took 14 ms to scan 1 urls, producing 8 keys and 40 values 
2020-07-21 11:26:25  [ main:5 ] - [ INFO ]  Refreshing org.springframework.context.support.ClassPathXmlApplicationContext@5680a178: startup date [Tue Jul 21 11:26:25 CST 2020]; root of context hierarchy
2020-07-21 11:26:25  [ main:58 ] - [ INFO ]  Loading XML bean definitions from class path resource [applicationContext.xml]
2020-07-21 11:26:27  [ main:7 ] - [ INFO ]  Refreshing org.springframework.context.support.ClassPathXmlApplicationContext@5680a178: startup date [Tue Jul 21 11:26:27 CST 2020]; root of context hierarchy
2020-07-21 11:26:27  [ main:56 ] - [ INFO ]  Loading XML bean definitions from class path resource [applicationContext.xml]
2020-07-21 11:26:40  [ nioEventLoopGroup-3-1:14699 ] - [ INFO ]  Refreshing org.springframework.context.support.ClassPathXmlApplicationContext@754765b4: startup date [Tue Jul 21 11:26:40 CST 2020]; root of context hierarchy
2020-07-21 11:26:40  [ nioEventLoopGroup-3-1:14699 ] - [ INFO ]  Loading XML bean definitions from class path resource [applicationContext.xml]
2020-07-21 11:26:40  [ nioEventLoopGroup-3-1:14858 ] - [ INFO ]  Reflections took 57 ms to scan 1 urls, producing 8 keys and 42 values 
2020-07-21 11:26:48  [ nioEventLoopGroup-3-1:22889 ] - [ INFO ]  Refreshing org.springframework.context.support.ClassPathXmlApplicationContext@7765f3f0: startup date [Tue Jul 21 11:26:48 CST 2020]; root of context hierarchy
2020-07-21 11:26:48  [ nioEventLoopGroup-3-1:22889 ] - [ INFO ]  Loading XML bean definitions from class path resource [applicationContext.xml]
2020-07-21 11:26:48  [ nioEventLoopGroup-3-1:22979 ] - [ INFO ]  Reflections took 21 ms to scan 1 urls, producing 8 keys and 42 values 
2020-07-21 11:26:52  [ nioEventLoopGroup-3-1:26938 ] - [ INFO ]  Refreshing org.springframework.context.support.ClassPathXmlApplicationContext@340c5625: startup date [Tue Jul 21 11:26:52 CST 2020]; root of context hierarchy
2020-07-21 11:26:52  [ nioEventLoopGroup-3-1:26938 ] - [ INFO ]  Loading XML bean definitions from class path resource [applicationContext.xml]
2020-07-21 11:26:52  [ nioEventLoopGroup-3-1:27018 ] - [ INFO ]  Reflections took 14 ms to scan 1 urls, producing 8 keys and 42 values 
2020-07-21 11:45:21  [ main:21 ] - [ INFO ]  Refreshing org.springframework.context.support.ClassPathXmlApplicationContext@5680a178: startup date [Tue Jul 21 11:45:21 CST 2020]; root of context hierarchy
2020-07-21 11:45:21  [ main:62 ] - [ INFO ]  Loading XML bean definitions from class path resource [applicationContext.xml]
2020-07-21 11:47:09  [ main:14 ] - [ INFO ]  Refreshing org.springframework.context.support.ClassPathXmlApplicationContext@5680a178: startup date [Tue Jul 21 11:47:09 CST 2020]; root of context hierarchy
2020-07-21 11:47:09  [ main:52 ] - [ INFO ]  Loading XML bean definitions from class path resource [applicationContext.xml]
2020-07-21 11:47:11  [ main:11 ] - [ INFO ]  Refreshing org.springframework.context.support.ClassPathXmlApplicationContext@5680a178: startup date [Tue Jul 21 11:47:11 CST 2020]; root of context hierarchy
2020-07-21 11:47:11  [ main:90 ] - [ INFO ]  Loading XML bean definitions from class path resource [applicationContext.xml]
2020-07-21 11:47:15  [ nioEventLoopGroup-3-1:6357 ] - [ INFO ]  Refreshing org.springframework.context.support.ClassPathXmlApplicationContext@5db380b8: startup date [Tue Jul 21 11:47:15 CST 2020]; root of context hierarchy
2020-07-21 11:47:15  [ nioEventLoopGroup-3-1:6358 ] - [ INFO ]  Loading XML bean definitions from class path resource [applicationContext.xml]
2020-07-21 11:47:15  [ nioEventLoopGroup-3-1:6521 ] - [ INFO ]  Reflections took 52 ms to scan 1 urls, producing 8 keys and 40 values 
2020-07-21 11:47:16  [ nioEventLoopGroup-3-1:7764 ] - [ INFO ]  Refreshing org.springframework.context.support.ClassPathXmlApplicationContext@64f9f380: startup date [Tue Jul 21 11:47:16 CST 2020]; root of context hierarchy
2020-07-21 11:47:16  [ nioEventLoopGroup-3-1:7765 ] - [ INFO ]  Loading XML bean definitions from class path resource [applicationContext.xml]
2020-07-21 11:47:17  [ nioEventLoopGroup-3-1:7852 ] - [ INFO ]  Reflections took 19 ms to scan 1 urls, producing 8 keys and 40 values 
2020-07-21 11:47:18  [ nioEventLoopGroup-3-1:9170 ] - [ INFO ]  Refreshing org.springframework.context.support.ClassPathXmlApplicationContext@1c4f390: startup date [Tue Jul 21 11:47:18 CST 2020]; root of context hierarchy
2020-07-21 11:47:18  [ nioEventLoopGroup-3-1:9171 ] - [ INFO ]  Loading XML bean definitions from class path resource [applicationContext.xml]
2020-07-21 11:47:18  [ nioEventLoopGroup-3-1:9243 ] - [ INFO ]  Reflections took 12 ms to scan 1 urls, producing 8 keys and 40 values 
2020-07-21 12:17:14  [ main:109 ] - [ INFO ]  Refreshing org.springframework.context.support.ClassPathXmlApplicationContext@5680a178: startup date [Tue Jul 21 12:17:14 CST 2020]; root of context hierarchy
2020-07-21 12:17:14  [ main:148 ] - [ INFO ]  Loading XML bean definitions from class path resource [applicationContext.xml]
2020-07-21 12:17:16  [ main:11 ] - [ INFO ]  Refreshing org.springframework.context.support.ClassPathXmlApplicationContext@5680a178: startup date [Tue Jul 21 12:17:16 CST 2020]; root of context hierarchy
2020-07-21 12:17:16  [ main:70 ] - [ INFO ]  Loading XML bean definitions from class path resource [applicationContext.xml]
2020-07-21 12:17:20  [ nioEventLoopGroup-3-1:6912 ] - [ INFO ]  Refreshing org.springframework.context.support.ClassPathXmlApplicationContext@643374ca: startup date [Tue Jul 21 12:17:20 CST 2020]; root of context hierarchy
2020-07-21 12:17:20  [ nioEventLoopGroup-3-1:6913 ] - [ INFO ]  Loading XML bean definitions from class path resource [applicationContext.xml]
2020-07-21 12:17:21  [ nioEventLoopGroup-3-1:7242 ] - [ INFO ]  Reflections took 103 ms to scan 1 urls, producing 8 keys and 41 values 
2020-07-21 12:17:22  [ nioEventLoopGroup-3-1:8593 ] - [ INFO ]  Refreshing org.springframework.context.support.ClassPathXmlApplicationContext@7cb2f54: startup date [Tue Jul 21 12:17:22 CST 2020]; root of context hierarchy
2020-07-21 12:17:22  [ nioEventLoopGroup-3-1:8594 ] - [ INFO ]  Loading XML bean definitions from class path resource [applicationContext.xml]
2020-07-21 12:17:22  [ nioEventLoopGroup-3-1:8692 ] - [ INFO ]  Reflections took 20 ms to scan 1 urls, producing 8 keys and 41 values 
2020-07-21 12:17:28  [ nioEventLoopGroup-3-1:14390 ] - [ INFO ]  Refreshing org.springframework.context.support.ClassPathXmlApplicationContext@4cddd864: startup date [Tue Jul 21 12:17:28 CST 2020]; root of context hierarchy
2020-07-21 12:17:28  [ nioEventLoopGroup-3-1:14391 ] - [ INFO ]  Loading XML bean definitions from class path resource [applicationContext.xml]
2020-07-21 12:17:28  [ nioEventLoopGroup-3-1:14464 ] - [ INFO ]  Reflections took 16 ms to scan 1 urls, producing 8 keys and 41 values 
2020-07-21 12:17:35  [ nioEventLoopGroup-3-1:21711 ] - [ INFO ]  Refreshing org.springframework.context.support.ClassPathXmlApplicationContext@6abf4063: startup date [Tue Jul 21 12:17:35 CST 2020]; root of context hierarchy
2020-07-21 12:17:35  [ nioEventLoopGroup-3-1:21712 ] - [ INFO ]  Loading XML bean definitions from class path resource [applicationContext.xml]
2020-07-21 12:17:35  [ nioEventLoopGroup-3-1:21775 ] - [ INFO ]  Reflections took 10 ms to scan 1 urls, producing 8 keys and 41 values 
2020-07-21 12:17:36  [ nioEventLoopGroup-3-1:22953 ] - [ INFO ]  Refreshing org.springframework.context.support.ClassPathXmlApplicationContext@7332b28a: startup date [Tue Jul 21 12:17:36 CST 2020]; root of context hierarchy
2020-07-21 12:17:36  [ nioEventLoopGroup-3-1:22953 ] - [ INFO ]  Loading XML bean definitions from class path resource [applicationContext.xml]
2020-07-21 12:17:36  [ nioEventLoopGroup-3-1:23034 ] - [ INFO ]  Reflections took 18 ms to scan 1 urls, producing 8 keys and 41 values 
2020-07-21 12:17:42  [ nioEventLoopGroup-3-1:28274 ] - [ INFO ]  Refreshing org.springframework.context.support.ClassPathXmlApplicationContext@7d2d1cc0: startup date [Tue Jul 21 12:17:42 CST 2020]; root of context hierarchy
2020-07-21 12:17:42  [ nioEventLoopGroup-3-1:28275 ] - [ INFO ]  Loading XML bean definitions from class path resource [applicationContext.xml]
2020-07-21 12:17:42  [ nioEventLoopGroup-3-1:28352 ] - [ INFO ]  Reflections took 15 ms to scan 1 urls, producing 8 keys and 41 values 
