2020-07-06 09:48:01  [ main:8 ] - [ INFO ]  Refreshing org.springframework.context.support.ClassPathXmlApplicationContext@5680a178: startup date [Mon Jul 06 09:48:01 CST 2020]; root of context hierarchy
2020-07-06 09:48:01  [ main:56 ] - [ INFO ]  Loading XML bean definitions from class path resource [applicationContext.xml]
2020-07-06 09:48:05  [ main:8 ] - [ INFO ]  Refreshing org.springframework.context.support.ClassPathXmlApplicationContext@5680a178: startup date [Mon Jul 06 09:48:05 CST 2020]; root of context hierarchy
2020-07-06 09:48:05  [ main:60 ] - [ INFO ]  Loading XML bean definitions from class path resource [applicationContext.xml]
2020-07-06 09:48:24  [ main:7 ] - [ INFO ]  Refreshing org.springframework.context.support.ClassPathXmlApplicationContext@5680a178: startup date [Mon Jul 06 09:48:24 CST 2020]; root of context hierarchy
2020-07-06 09:48:24  [ main:66 ] - [ INFO ]  Loading XML bean definitions from class path resource [applicationContext.xml]
2020-07-06 09:48:40  [ nioEventLoopGroup-3-1:39033 ] - [ INFO ]  Reflections took 72 ms to scan 1 urls, producing 1 keys and 6 values 
2020-07-06 09:48:46  [ nioEventLoopGroup-3-2:44199 ] - [ INFO ]  Reflections took 13 ms to scan 1 urls, producing 1 keys and 6 values 
2020-07-06 09:48:52  [ nioEventLoopGroup-3-2:51041 ] - [ INFO ]  Reflections took 6 ms to scan 1 urls, producing 1 keys and 6 values 
2020-07-06 09:48:59  [ nioEventLoopGroup-3-1:57167 ] - [ INFO ]  Reflections took 5 ms to scan 1 urls, producing 1 keys and 6 values 
2020-07-06 09:49:19  [ nioEventLoopGroup-3-2:77948 ] - [ INFO ]  Reflections took 6 ms to scan 1 urls, producing 1 keys and 6 values 
2020-07-06 09:49:19  [ nioEventLoopGroup-3-2:78066 ] - [ WARN ]  An exceptionCaught() event was fired, and it reached at the tail of the pipeline. It usually means the last handler in the pipeline did not handle the exception.
java.lang.NullPointerException
	at com.game.common.protobuf.DataInfo$ResponseMsg$Builder.setMsg(DataInfo.java:1067)
	at com.game.netty.server.ServerHandler.writeMessage(ServerHandler.java:144)
	at com.game.netty.server.ServerHandler.lambda$channelRead0$1(ServerHandler.java:76)
	at java.lang.Iterable.forEach(Iterable.java:75)
	at com.game.netty.server.ServerHandler.channelRead0(ServerHandler.java:70)
	at com.game.netty.server.ServerHandler.channelRead0(ServerHandler.java:30)
	at io.netty.channel.SimpleChannelInboundHandler.channelRead(SimpleChannelInboundHandler.java:99)
	at io.netty.channel.AbstractChannelHandlerContext.invokeChannelRead(AbstractChannelHandlerContext.java:379)
	at io.netty.channel.AbstractChannelHandlerContext.invokeChannelRead(AbstractChannelHandlerContext.java:365)
	at io.netty.channel.AbstractChannelHandlerContext.fireChannelRead(AbstractChannelHandlerContext.java:357)
	at io.netty.handler.codec.MessageToMessageDecoder.channelRead(MessageToMessageDecoder.java:103)
	at io.netty.channel.AbstractChannelHandlerContext.invokeChannelRead(AbstractChannelHandlerContext.java:379)
	at io.netty.channel.AbstractChannelHandlerContext.invokeChannelRead(AbstractChannelHandlerContext.java:365)
	at io.netty.channel.AbstractChannelHandlerContext.fireChannelRead(AbstractChannelHandlerContext.java:357)
	at io.netty.handler.codec.ByteToMessageDecoder.fireChannelRead(ByteToMessageDecoder.java:324)
	at io.netty.handler.codec.ByteToMessageDecoder.channelRead(ByteToMessageDecoder.java:296)
	at io.netty.channel.AbstractChannelHandlerContext.invokeChannelRead(AbstractChannelHandlerContext.java:379)
	at io.netty.channel.AbstractChannelHandlerContext.invokeChannelRead(AbstractChannelHandlerContext.java:365)
	at io.netty.channel.AbstractChannelHandlerContext.fireChannelRead(AbstractChannelHandlerContext.java:357)
	at io.netty.channel.DefaultChannelPipeline$HeadContext.channelRead(DefaultChannelPipeline.java:1410)
	at io.netty.channel.AbstractChannelHandlerContext.invokeChannelRead(AbstractChannelHandlerContext.java:379)
	at io.netty.channel.AbstractChannelHandlerContext.invokeChannelRead(AbstractChannelHandlerContext.java:365)
	at io.netty.channel.DefaultChannelPipeline.fireChannelRead(DefaultChannelPipeline.java:919)
	at io.netty.channel.nio.AbstractNioByteChannel$NioByteUnsafe.read(AbstractNioByteChannel.java:163)
	at io.netty.channel.nio.NioEventLoop.processSelectedKey(NioEventLoop.java:714)
	at io.netty.channel.nio.NioEventLoop.processSelectedKeysOptimized(NioEventLoop.java:650)
	at io.netty.channel.nio.NioEventLoop.processSelectedKeys(NioEventLoop.java:576)
	at io.netty.channel.nio.NioEventLoop.run(NioEventLoop.java:493)
	at io.netty.util.concurrent.SingleThreadEventExecutor$4.run(SingleThreadEventExecutor.java:989)
	at io.netty.util.internal.ThreadExecutorMap$2.run(ThreadExecutorMap.java:74)
	at io.netty.util.concurrent.FastThreadLocalRunnable.run(FastThreadLocalRunnable.java:30)
	at java.lang.Thread.run(Thread.java:748)
2020-07-06 09:49:40  [ main:11 ] - [ INFO ]  Refreshing org.springframework.context.support.ClassPathXmlApplicationContext@5680a178: startup date [Mon Jul 06 09:49:40 CST 2020]; root of context hierarchy
2020-07-06 09:49:40  [ main:69 ] - [ INFO ]  Loading XML bean definitions from class path resource [applicationContext.xml]
2020-07-06 10:03:46  [ main:7 ] - [ INFO ]  Refreshing org.springframework.context.support.ClassPathXmlApplicationContext@5680a178: startup date [Mon Jul 06 10:03:46 CST 2020]; root of context hierarchy
2020-07-06 10:03:46  [ main:50 ] - [ INFO ]  Loading XML bean definitions from class path resource [applicationContext.xml]
2020-07-06 10:04:32  [ main:8 ] - [ INFO ]  Refreshing org.springframework.context.support.ClassPathXmlApplicationContext@5680a178: startup date [Mon Jul 06 10:04:32 CST 2020]; root of context hierarchy
2020-07-06 10:04:32  [ main:44 ] - [ INFO ]  Loading XML bean definitions from class path resource [applicationContext.xml]
2020-07-06 10:04:35  [ main:8 ] - [ INFO ]  Refreshing org.springframework.context.support.ClassPathXmlApplicationContext@5680a178: startup date [Mon Jul 06 10:04:35 CST 2020]; root of context hierarchy
2020-07-06 10:04:35  [ main:83 ] - [ INFO ]  Loading XML bean definitions from class path resource [applicationContext.xml]
2020-07-06 10:04:52  [ main:5 ] - [ INFO ]  Refreshing org.springframework.context.support.ClassPathXmlApplicationContext@5680a178: startup date [Mon Jul 06 10:04:52 CST 2020]; root of context hierarchy
2020-07-06 10:04:52  [ main:43 ] - [ INFO ]  Loading XML bean definitions from class path resource [applicationContext.xml]
2020-07-06 10:04:58  [ nioEventLoopGroup-3-1:25614 ] - [ INFO ]  Reflections took 69 ms to scan 1 urls, producing 1 keys and 6 values 
2020-07-06 10:05:01  [ nioEventLoopGroup-3-2:29074 ] - [ INFO ]  Reflections took 10 ms to scan 1 urls, producing 1 keys and 6 values 
2020-07-06 10:05:12  [ nioEventLoopGroup-3-2:39541 ] - [ INFO ]  Reflections took 8 ms to scan 1 urls, producing 1 keys and 6 values 
2020-07-06 10:05:16  [ nioEventLoopGroup-3-1:43915 ] - [ INFO ]  Reflections took 7 ms to scan 1 urls, producing 1 keys and 6 values 
2020-07-06 10:05:21  [ nioEventLoopGroup-3-1:48622 ] - [ INFO ]  Reflections took 5 ms to scan 1 urls, producing 1 keys and 6 values 
2020-07-06 10:05:21  [ nioEventLoopGroup-3-1:48721 ] - [ WARN ]  An exceptionCaught() event was fired, and it reached at the tail of the pipeline. It usually means the last handler in the pipeline did not handle the exception.
java.lang.NullPointerException
	at com.game.common.protobuf.DataInfo$ResponseMsg$Builder.setMsg(DataInfo.java:1067)
	at com.game.netty.server.ServerHandler.writeMessage(ServerHandler.java:144)
	at com.game.netty.server.ServerHandler.lambda$channelRead0$1(ServerHandler.java:76)
	at java.lang.Iterable.forEach(Iterable.java:75)
	at com.game.netty.server.ServerHandler.channelRead0(ServerHandler.java:70)
	at com.game.netty.server.ServerHandler.channelRead0(ServerHandler.java:30)
	at io.netty.channel.SimpleChannelInboundHandler.channelRead(SimpleChannelInboundHandler.java:99)
	at io.netty.channel.AbstractChannelHandlerContext.invokeChannelRead(AbstractChannelHandlerContext.java:379)
	at io.netty.channel.AbstractChannelHandlerContext.invokeChannelRead(AbstractChannelHandlerContext.java:365)
	at io.netty.channel.AbstractChannelHandlerContext.fireChannelRead(AbstractChannelHandlerContext.java:357)
	at io.netty.handler.codec.MessageToMessageDecoder.channelRead(MessageToMessageDecoder.java:103)
	at io.netty.channel.AbstractChannelHandlerContext.invokeChannelRead(AbstractChannelHandlerContext.java:379)
	at io.netty.channel.AbstractChannelHandlerContext.invokeChannelRead(AbstractChannelHandlerContext.java:365)
	at io.netty.channel.AbstractChannelHandlerContext.fireChannelRead(AbstractChannelHandlerContext.java:357)
	at io.netty.handler.codec.ByteToMessageDecoder.fireChannelRead(ByteToMessageDecoder.java:324)
	at io.netty.handler.codec.ByteToMessageDecoder.channelRead(ByteToMessageDecoder.java:296)
	at io.netty.channel.AbstractChannelHandlerContext.invokeChannelRead(AbstractChannelHandlerContext.java:379)
	at io.netty.channel.AbstractChannelHandlerContext.invokeChannelRead(AbstractChannelHandlerContext.java:365)
	at io.netty.channel.AbstractChannelHandlerContext.fireChannelRead(AbstractChannelHandlerContext.java:357)
	at io.netty.channel.DefaultChannelPipeline$HeadContext.channelRead(DefaultChannelPipeline.java:1410)
	at io.netty.channel.AbstractChannelHandlerContext.invokeChannelRead(AbstractChannelHandlerContext.java:379)
	at io.netty.channel.AbstractChannelHandlerContext.invokeChannelRead(AbstractChannelHandlerContext.java:365)
	at io.netty.channel.DefaultChannelPipeline.fireChannelRead(DefaultChannelPipeline.java:919)
	at io.netty.channel.nio.AbstractNioByteChannel$NioByteUnsafe.read(AbstractNioByteChannel.java:163)
	at io.netty.channel.nio.NioEventLoop.processSelectedKey(NioEventLoop.java:714)
	at io.netty.channel.nio.NioEventLoop.processSelectedKeysOptimized(NioEventLoop.java:650)
	at io.netty.channel.nio.NioEventLoop.processSelectedKeys(NioEventLoop.java:576)
	at io.netty.channel.nio.NioEventLoop.run(NioEventLoop.java:493)
	at io.netty.util.concurrent.SingleThreadEventExecutor$4.run(SingleThreadEventExecutor.java:989)
	at io.netty.util.internal.ThreadExecutorMap$2.run(ThreadExecutorMap.java:74)
	at io.netty.util.concurrent.FastThreadLocalRunnable.run(FastThreadLocalRunnable.java:30)
	at java.lang.Thread.run(Thread.java:748)
2020-07-06 10:27:34  [ main:13 ] - [ INFO ]  Refreshing org.springframework.context.support.ClassPathXmlApplicationContext@5680a178: startup date [Mon Jul 06 10:27:34 CST 2020]; root of context hierarchy
2020-07-06 10:27:34  [ main:69 ] - [ INFO ]  Loading XML bean definitions from class path resource [applicationContext.xml]
2020-07-06 10:27:37  [ main:7 ] - [ INFO ]  Refreshing org.springframework.context.support.ClassPathXmlApplicationContext@5680a178: startup date [Mon Jul 06 10:27:37 CST 2020]; root of context hierarchy
2020-07-06 10:27:37  [ main:54 ] - [ INFO ]  Loading XML bean definitions from class path resource [applicationContext.xml]
2020-07-06 10:29:13  [ main:7 ] - [ INFO ]  Refreshing org.springframework.context.support.ClassPathXmlApplicationContext@5680a178: startup date [Mon Jul 06 10:29:13 CST 2020]; root of context hierarchy
2020-07-06 10:29:13  [ main:58 ] - [ INFO ]  Loading XML bean definitions from class path resource [applicationContext.xml]
2020-07-06 10:29:19  [ nioEventLoopGroup-3-1:104460 ] - [ INFO ]  Reflections took 72 ms to scan 1 urls, producing 1 keys and 6 values 
2020-07-06 10:29:22  [ nioEventLoopGroup-3-2:107677 ] - [ INFO ]  Reflections took 7 ms to scan 1 urls, producing 1 keys and 6 values 
2020-07-06 10:29:30  [ nioEventLoopGroup-3-1:116342 ] - [ INFO ]  Reflections took 5 ms to scan 1 urls, producing 1 keys and 6 values 
2020-07-06 10:29:36  [ nioEventLoopGroup-3-1:122387 ] - [ INFO ]  Reflections took 5 ms to scan 1 urls, producing 1 keys and 6 values 
2020-07-06 10:32:05  [ main:10 ] - [ INFO ]  Refreshing org.springframework.context.support.ClassPathXmlApplicationContext@5680a178: startup date [Mon Jul 06 10:32:05 CST 2020]; root of context hierarchy
2020-07-06 10:32:05  [ main:72 ] - [ INFO ]  Loading XML bean definitions from class path resource [applicationContext.xml]
2020-07-06 10:32:21  [ main:8 ] - [ INFO ]  Refreshing org.springframework.context.support.ClassPathXmlApplicationContext@5680a178: startup date [Mon Jul 06 10:32:21 CST 2020]; root of context hierarchy
2020-07-06 10:32:21  [ main:63 ] - [ INFO ]  Loading XML bean definitions from class path resource [applicationContext.xml]
2020-07-06 10:32:25  [ main:8 ] - [ INFO ]  Refreshing org.springframework.context.support.ClassPathXmlApplicationContext@5680a178: startup date [Mon Jul 06 10:32:25 CST 2020]; root of context hierarchy
2020-07-06 10:32:25  [ main:54 ] - [ INFO ]  Loading XML bean definitions from class path resource [applicationContext.xml]
2020-07-06 10:32:27  [ main:9 ] - [ INFO ]  Refreshing org.springframework.context.support.ClassPathXmlApplicationContext@5680a178: startup date [Mon Jul 06 10:32:27 CST 2020]; root of context hierarchy
2020-07-06 10:32:28  [ main:72 ] - [ INFO ]  Loading XML bean definitions from class path resource [applicationContext.xml]
2020-07-06 10:32:36  [ nioEventLoopGroup-3-1:15043 ] - [ INFO ]  Reflections took 67 ms to scan 1 urls, producing 1 keys and 6 values 
2020-07-06 10:32:40  [ nioEventLoopGroup-3-2:18923 ] - [ INFO ]  Reflections took 7 ms to scan 1 urls, producing 1 keys and 6 values 
2020-07-06 10:32:46  [ nioEventLoopGroup-3-1:24873 ] - [ INFO ]  Reflections took 5 ms to scan 1 urls, producing 1 keys and 6 values 
2020-07-06 10:33:14  [ nioEventLoopGroup-3-1:52475 ] - [ INFO ]  Reflections took 5 ms to scan 1 urls, producing 1 keys and 6 values 
2020-07-06 10:33:20  [ nioEventLoopGroup-3-1:58859 ] - [ INFO ]  Reflections took 6 ms to scan 1 urls, producing 1 keys and 6 values 
2020-07-06 10:33:26  [ nioEventLoopGroup-3-1:64856 ] - [ INFO ]  Reflections took 4 ms to scan 1 urls, producing 1 keys and 6 values 
2020-07-06 11:29:35  [ main:7 ] - [ INFO ]  Refreshing org.springframework.context.support.ClassPathXmlApplicationContext@5680a178: startup date [Mon Jul 06 11:29:35 CST 2020]; root of context hierarchy
2020-07-06 11:29:35  [ main:56 ] - [ INFO ]  Loading XML bean definitions from class path resource [applicationContext.xml]
2020-07-06 11:29:38  [ main:5 ] - [ INFO ]  Refreshing org.springframework.context.support.ClassPathXmlApplicationContext@5680a178: startup date [Mon Jul 06 11:29:38 CST 2020]; root of context hierarchy
2020-07-06 11:29:38  [ main:46 ] - [ INFO ]  Loading XML bean definitions from class path resource [applicationContext.xml]
2020-07-06 11:29:41  [ main:8 ] - [ INFO ]  Refreshing org.springframework.context.support.ClassPathXmlApplicationContext@5680a178: startup date [Mon Jul 06 11:29:41 CST 2020]; root of context hierarchy
2020-07-06 11:29:41  [ main:54 ] - [ INFO ]  Loading XML bean definitions from class path resource [applicationContext.xml]
2020-07-06 11:32:03  [ nioEventLoopGroup-3-1:147832 ] - [ INFO ]  Reflections took 68 ms to scan 1 urls, producing 1 keys and 6 values 
2020-07-06 11:32:08  [ nioEventLoopGroup-3-2:152405 ] - [ INFO ]  Reflections took 12 ms to scan 1 urls, producing 1 keys and 6 values 
2020-07-06 11:32:15  [ nioEventLoopGroup-3-1:160226 ] - [ INFO ]  Reflections took 8 ms to scan 1 urls, producing 1 keys and 6 values 
2020-07-06 11:32:26  [ nioEventLoopGroup-3-2:170542 ] - [ INFO ]  Reflections took 5 ms to scan 1 urls, producing 1 keys and 6 values 
2020-07-06 11:32:35  [ nioEventLoopGroup-3-2:180297 ] - [ INFO ]  Reflections took 6 ms to scan 1 urls, producing 1 keys and 6 values 
2020-07-06 11:32:43  [ nioEventLoopGroup-3-1:187477 ] - [ INFO ]  Reflections took 6 ms to scan 1 urls, producing 1 keys and 6 values 
2020-07-06 12:20:00  [ main:6 ] - [ INFO ]  Refreshing org.springframework.context.support.ClassPathXmlApplicationContext@5680a178: startup date [Mon Jul 06 12:20:00 CST 2020]; root of context hierarchy
2020-07-06 12:20:00  [ main:45 ] - [ INFO ]  Loading XML bean definitions from class path resource [applicationContext.xml]
2020-07-06 12:20:04  [ main:8 ] - [ INFO ]  Refreshing org.springframework.context.support.ClassPathXmlApplicationContext@5680a178: startup date [Mon Jul 06 12:20:04 CST 2020]; root of context hierarchy
2020-07-06 12:20:04  [ main:173 ] - [ INFO ]  Loading XML bean definitions from class path resource [applicationContext.xml]
2020-07-06 12:20:07  [ main:11 ] - [ INFO ]  Refreshing org.springframework.context.support.ClassPathXmlApplicationContext@5680a178: startup date [Mon Jul 06 12:20:07 CST 2020]; root of context hierarchy
2020-07-06 12:20:07  [ main:86 ] - [ INFO ]  Loading XML bean definitions from class path resource [applicationContext.xml]
2020-07-06 12:20:15  [ main:7 ] - [ INFO ]  Refreshing org.springframework.context.support.ClassPathXmlApplicationContext@5680a178: startup date [Mon Jul 06 12:20:15 CST 2020]; root of context hierarchy
2020-07-06 12:20:15  [ main:50 ] - [ INFO ]  Loading XML bean definitions from class path resource [applicationContext.xml]
2020-07-06 12:20:22  [ nioEventLoopGroup-3-3:22230 ] - [ INFO ]  Reflections took 65 ms to scan 1 urls, producing 1 keys and 6 values 
2020-07-06 12:20:26  [ nioEventLoopGroup-3-1:26111 ] - [ INFO ]  Reflections took 9 ms to scan 1 urls, producing 1 keys and 6 values 
2020-07-06 12:20:30  [ nioEventLoopGroup-3-2:29496 ] - [ INFO ]  Reflections took 9 ms to scan 1 urls, producing 1 keys and 6 values 
2020-07-06 12:20:38  [ nioEventLoopGroup-3-3:38294 ] - [ INFO ]  Reflections took 5 ms to scan 1 urls, producing 1 keys and 6 values 
2020-07-06 12:20:43  [ nioEventLoopGroup-3-1:42814 ] - [ INFO ]  Reflections took 6 ms to scan 1 urls, producing 1 keys and 6 values 
2020-07-06 12:20:43  [ nioEventLoopGroup-3-1:42821 ] - [ WARN ]  An exceptionCaught() event was fired, and it reached at the tail of the pipeline. It usually means the last handler in the pipeline did not handle the exception.
java.lang.NullPointerException
	at com.game.common.protobuf.DataInfo$ResponseMsg$Builder.setMsg(DataInfo.java:1067)
	at com.game.netty.server.ServerHandler.writeMessage(ServerHandler.java:144)
	at com.game.netty.server.ServerHandler.lambda$channelRead0$1(ServerHandler.java:76)
	at java.lang.Iterable.forEach(Iterable.java:75)
	at com.game.netty.server.ServerHandler.channelRead0(ServerHandler.java:70)
	at com.game.netty.server.ServerHandler.channelRead0(ServerHandler.java:30)
	at io.netty.channel.SimpleChannelInboundHandler.channelRead(SimpleChannelInboundHandler.java:99)
	at io.netty.channel.AbstractChannelHandlerContext.invokeChannelRead(AbstractChannelHandlerContext.java:379)
	at io.netty.channel.AbstractChannelHandlerContext.invokeChannelRead(AbstractChannelHandlerContext.java:365)
	at io.netty.channel.AbstractChannelHandlerContext.fireChannelRead(AbstractChannelHandlerContext.java:357)
	at io.netty.handler.codec.MessageToMessageDecoder.channelRead(MessageToMessageDecoder.java:103)
	at io.netty.channel.AbstractChannelHandlerContext.invokeChannelRead(AbstractChannelHandlerContext.java:379)
	at io.netty.channel.AbstractChannelHandlerContext.invokeChannelRead(AbstractChannelHandlerContext.java:365)
	at io.netty.channel.AbstractChannelHandlerContext.fireChannelRead(AbstractChannelHandlerContext.java:357)
	at io.netty.handler.codec.ByteToMessageDecoder.fireChannelRead(ByteToMessageDecoder.java:324)
	at io.netty.handler.codec.ByteToMessageDecoder.channelRead(ByteToMessageDecoder.java:296)
	at io.netty.channel.AbstractChannelHandlerContext.invokeChannelRead(AbstractChannelHandlerContext.java:379)
	at io.netty.channel.AbstractChannelHandlerContext.invokeChannelRead(AbstractChannelHandlerContext.java:365)
	at io.netty.channel.AbstractChannelHandlerContext.fireChannelRead(AbstractChannelHandlerContext.java:357)
	at io.netty.channel.DefaultChannelPipeline$HeadContext.channelRead(DefaultChannelPipeline.java:1410)
	at io.netty.channel.AbstractChannelHandlerContext.invokeChannelRead(AbstractChannelHandlerContext.java:379)
	at io.netty.channel.AbstractChannelHandlerContext.invokeChannelRead(AbstractChannelHandlerContext.java:365)
	at io.netty.channel.DefaultChannelPipeline.fireChannelRead(DefaultChannelPipeline.java:919)
	at io.netty.channel.nio.AbstractNioByteChannel$NioByteUnsafe.read(AbstractNioByteChannel.java:163)
	at io.netty.channel.nio.NioEventLoop.processSelectedKey(NioEventLoop.java:714)
	at io.netty.channel.nio.NioEventLoop.processSelectedKeysOptimized(NioEventLoop.java:650)
	at io.netty.channel.nio.NioEventLoop.processSelectedKeys(NioEventLoop.java:576)
	at io.netty.channel.nio.NioEventLoop.run(NioEventLoop.java:493)
	at io.netty.util.concurrent.SingleThreadEventExecutor$4.run(SingleThreadEventExecutor.java:989)
	at io.netty.util.internal.ThreadExecutorMap$2.run(ThreadExecutorMap.java:74)
	at io.netty.util.concurrent.FastThreadLocalRunnable.run(FastThreadLocalRunnable.java:30)
	at java.lang.Thread.run(Thread.java:748)
2020-07-06 12:22:51  [ main:8 ] - [ INFO ]  Refreshing org.springframework.context.support.ClassPathXmlApplicationContext@5680a178: startup date [Mon Jul 06 12:22:51 CST 2020]; root of context hierarchy
2020-07-06 12:22:52  [ main:53 ] - [ INFO ]  Loading XML bean definitions from class path resource [applicationContext.xml]
2020-07-06 12:22:57  [ main:8 ] - [ INFO ]  Refreshing org.springframework.context.support.ClassPathXmlApplicationContext@5680a178: startup date [Mon Jul 06 12:22:57 CST 2020]; root of context hierarchy
2020-07-06 12:22:57  [ main:72 ] - [ INFO ]  Loading XML bean definitions from class path resource [applicationContext.xml]
2020-07-06 12:23:01  [ main:7 ] - [ INFO ]  Refreshing org.springframework.context.support.ClassPathXmlApplicationContext@5680a178: startup date [Mon Jul 06 12:23:01 CST 2020]; root of context hierarchy
2020-07-06 12:23:01  [ main:56 ] - [ INFO ]  Loading XML bean definitions from class path resource [applicationContext.xml]
2020-07-06 12:23:04  [ main:9 ] - [ INFO ]  Refreshing org.springframework.context.support.ClassPathXmlApplicationContext@5680a178: startup date [Mon Jul 06 12:23:04 CST 2020]; root of context hierarchy
2020-07-06 12:23:04  [ main:85 ] - [ INFO ]  Loading XML bean definitions from class path resource [applicationContext.xml]
2020-07-06 12:23:10  [ nioEventLoopGroup-3-1:18365 ] - [ INFO ]  Reflections took 60 ms to scan 1 urls, producing 1 keys and 6 values 
2020-07-06 12:23:14  [ nioEventLoopGroup-3-2:22517 ] - [ INFO ]  Reflections took 10 ms to scan 1 urls, producing 1 keys and 6 values 
2020-07-06 12:23:18  [ nioEventLoopGroup-3-3:26338 ] - [ INFO ]  Reflections took 5 ms to scan 1 urls, producing 1 keys and 6 values 
2020-07-06 12:23:26  [ nioEventLoopGroup-3-1:34563 ] - [ INFO ]  Reflections took 4 ms to scan 1 urls, producing 1 keys and 6 values 
2020-07-06 12:23:30  [ nioEventLoopGroup-3-2:38140 ] - [ INFO ]  Reflections took 9 ms to scan 1 urls, producing 1 keys and 6 values 
2020-07-06 12:23:34  [ nioEventLoopGroup-3-3:42288 ] - [ INFO ]  Reflections took 5 ms to scan 1 urls, producing 1 keys and 6 values 
2020-07-06 12:23:34  [ nioEventLoopGroup-3-3:42295 ] - [ WARN ]  An exceptionCaught() event was fired, and it reached at the tail of the pipeline. It usually means the last handler in the pipeline did not handle the exception.
java.lang.NullPointerException
	at com.game.common.protobuf.DataInfo$ResponseMsg$Builder.setMsg(DataInfo.java:1067)
	at com.game.netty.server.ServerHandler.writeMessage(ServerHandler.java:144)
	at com.game.netty.server.ServerHandler.lambda$channelRead0$1(ServerHandler.java:76)
	at java.lang.Iterable.forEach(Iterable.java:75)
	at com.game.netty.server.ServerHandler.channelRead0(ServerHandler.java:70)
	at com.game.netty.server.ServerHandler.channelRead0(ServerHandler.java:30)
	at io.netty.channel.SimpleChannelInboundHandler.channelRead(SimpleChannelInboundHandler.java:99)
	at io.netty.channel.AbstractChannelHandlerContext.invokeChannelRead(AbstractChannelHandlerContext.java:379)
	at io.netty.channel.AbstractChannelHandlerContext.invokeChannelRead(AbstractChannelHandlerContext.java:365)
	at io.netty.channel.AbstractChannelHandlerContext.fireChannelRead(AbstractChannelHandlerContext.java:357)
	at io.netty.handler.codec.MessageToMessageDecoder.channelRead(MessageToMessageDecoder.java:103)
	at io.netty.channel.AbstractChannelHandlerContext.invokeChannelRead(AbstractChannelHandlerContext.java:379)
	at io.netty.channel.AbstractChannelHandlerContext.invokeChannelRead(AbstractChannelHandlerContext.java:365)
	at io.netty.channel.AbstractChannelHandlerContext.fireChannelRead(AbstractChannelHandlerContext.java:357)
	at io.netty.handler.codec.ByteToMessageDecoder.fireChannelRead(ByteToMessageDecoder.java:324)
	at io.netty.handler.codec.ByteToMessageDecoder.channelRead(ByteToMessageDecoder.java:296)
	at io.netty.channel.AbstractChannelHandlerContext.invokeChannelRead(AbstractChannelHandlerContext.java:379)
	at io.netty.channel.AbstractChannelHandlerContext.invokeChannelRead(AbstractChannelHandlerContext.java:365)
	at io.netty.channel.AbstractChannelHandlerContext.fireChannelRead(AbstractChannelHandlerContext.java:357)
	at io.netty.channel.DefaultChannelPipeline$HeadContext.channelRead(DefaultChannelPipeline.java:1410)
	at io.netty.channel.AbstractChannelHandlerContext.invokeChannelRead(AbstractChannelHandlerContext.java:379)
	at io.netty.channel.AbstractChannelHandlerContext.invokeChannelRead(AbstractChannelHandlerContext.java:365)
	at io.netty.channel.DefaultChannelPipeline.fireChannelRead(DefaultChannelPipeline.java:919)
	at io.netty.channel.nio.AbstractNioByteChannel$NioByteUnsafe.read(AbstractNioByteChannel.java:163)
	at io.netty.channel.nio.NioEventLoop.processSelectedKey(NioEventLoop.java:714)
	at io.netty.channel.nio.NioEventLoop.processSelectedKeysOptimized(NioEventLoop.java:650)
	at io.netty.channel.nio.NioEventLoop.processSelectedKeys(NioEventLoop.java:576)
	at io.netty.channel.nio.NioEventLoop.run(NioEventLoop.java:493)
	at io.netty.util.concurrent.SingleThreadEventExecutor$4.run(SingleThreadEventExecutor.java:989)
	at io.netty.util.internal.ThreadExecutorMap$2.run(ThreadExecutorMap.java:74)
	at io.netty.util.concurrent.FastThreadLocalRunnable.run(FastThreadLocalRunnable.java:30)
	at java.lang.Thread.run(Thread.java:748)
2020-07-06 12:25:47  [ main:5 ] - [ INFO ]  Refreshing org.springframework.context.support.ClassPathXmlApplicationContext@5680a178: startup date [Mon Jul 06 12:25:47 CST 2020]; root of context hierarchy
2020-07-06 12:25:47  [ main:51 ] - [ INFO ]  Loading XML bean definitions from class path resource [applicationContext.xml]
2020-07-06 12:25:51  [ main:28 ] - [ INFO ]  Refreshing org.springframework.context.support.ClassPathXmlApplicationContext@5680a178: startup date [Mon Jul 06 12:25:51 CST 2020]; root of context hierarchy
2020-07-06 12:25:51  [ main:126 ] - [ INFO ]  Loading XML bean definitions from class path resource [applicationContext.xml]
2020-07-06 12:25:55  [ main:15 ] - [ INFO ]  Refreshing org.springframework.context.support.ClassPathXmlApplicationContext@5680a178: startup date [Mon Jul 06 12:25:55 CST 2020]; root of context hierarchy
2020-07-06 12:25:55  [ main:73 ] - [ INFO ]  Loading XML bean definitions from class path resource [applicationContext.xml]
2020-07-06 12:25:59  [ main:8 ] - [ INFO ]  Refreshing org.springframework.context.support.ClassPathXmlApplicationContext@5680a178: startup date [Mon Jul 06 12:25:59 CST 2020]; root of context hierarchy
2020-07-06 12:25:59  [ main:62 ] - [ INFO ]  Loading XML bean definitions from class path resource [applicationContext.xml]
2020-07-06 12:26:09  [ nioEventLoopGroup-3-1:22353 ] - [ INFO ]  Reflections took 63 ms to scan 1 urls, producing 1 keys and 6 values 
2020-07-06 12:26:13  [ nioEventLoopGroup-3-2:26609 ] - [ INFO ]  Reflections took 13 ms to scan 1 urls, producing 1 keys and 6 values 
2020-07-06 12:26:17  [ nioEventLoopGroup-3-3:30362 ] - [ INFO ]  Reflections took 9 ms to scan 1 urls, producing 1 keys and 6 values 
2020-07-06 12:26:40  [ nioEventLoopGroup-3-1:52720 ] - [ INFO ]  Reflections took 5 ms to scan 1 urls, producing 1 keys and 6 values 
2020-07-06 12:26:44  [ nioEventLoopGroup-3-2:56664 ] - [ INFO ]  Reflections took 8 ms to scan 1 urls, producing 1 keys and 6 values 
2020-07-06 12:26:53  [ nioEventLoopGroup-3-3:66045 ] - [ INFO ]  Reflections took 5 ms to scan 1 urls, producing 1 keys and 6 values 
2020-07-06 12:29:19  [ main:9 ] - [ INFO ]  Refreshing org.springframework.context.support.ClassPathXmlApplicationContext@5680a178: startup date [Mon Jul 06 12:29:19 CST 2020]; root of context hierarchy
2020-07-06 12:29:19  [ main:55 ] - [ INFO ]  Loading XML bean definitions from class path resource [applicationContext.xml]
2020-07-06 12:29:22  [ main:9 ] - [ INFO ]  Refreshing org.springframework.context.support.ClassPathXmlApplicationContext@5680a178: startup date [Mon Jul 06 12:29:22 CST 2020]; root of context hierarchy
2020-07-06 12:29:22  [ main:83 ] - [ INFO ]  Loading XML bean definitions from class path resource [applicationContext.xml]
2020-07-06 12:29:25  [ main:8 ] - [ INFO ]  Refreshing org.springframework.context.support.ClassPathXmlApplicationContext@5680a178: startup date [Mon Jul 06 12:29:25 CST 2020]; root of context hierarchy
2020-07-06 12:29:25  [ main:57 ] - [ INFO ]  Loading XML bean definitions from class path resource [applicationContext.xml]
2020-07-06 12:29:29  [ main:12 ] - [ INFO ]  Refreshing org.springframework.context.support.ClassPathXmlApplicationContext@5680a178: startup date [Mon Jul 06 12:29:29 CST 2020]; root of context hierarchy
2020-07-06 12:29:29  [ main:67 ] - [ INFO ]  Loading XML bean definitions from class path resource [applicationContext.xml]
2020-07-06 12:29:34  [ nioEventLoopGroup-3-1:14481 ] - [ INFO ]  Reflections took 61 ms to scan 1 urls, producing 1 keys and 6 values 
2020-07-06 12:29:38  [ nioEventLoopGroup-3-2:18850 ] - [ INFO ]  Reflections took 12 ms to scan 1 urls, producing 1 keys and 6 values 
2020-07-06 12:29:42  [ nioEventLoopGroup-3-3:22221 ] - [ INFO ]  Reflections took 6 ms to scan 1 urls, producing 1 keys and 6 values 
2020-07-06 12:29:50  [ nioEventLoopGroup-3-1:30581 ] - [ INFO ]  Reflections took 7 ms to scan 1 urls, producing 1 keys and 6 values 
2020-07-06 12:29:54  [ nioEventLoopGroup-3-2:34289 ] - [ INFO ]  Reflections took 9 ms to scan 1 urls, producing 1 keys and 6 values 
2020-07-06 12:29:58  [ nioEventLoopGroup-3-3:38468 ] - [ INFO ]  Reflections took 4 ms to scan 1 urls, producing 1 keys and 6 values 
2020-07-06 12:30:11  [ nioEventLoopGroup-3-2:51873 ] - [ INFO ]  Reflections took 4 ms to scan 1 urls, producing 1 keys and 6 values 
2020-07-06 12:30:11  [ nioEventLoopGroup-3-2:51880 ] - [ WARN ]  An exceptionCaught() event was fired, and it reached at the tail of the pipeline. It usually means the last handler in the pipeline did not handle the exception.
java.lang.NullPointerException
	at com.game.common.protobuf.DataInfo$ResponseMsg$Builder.setMsg(DataInfo.java:1067)
	at com.game.netty.server.ServerHandler.writeMessage(ServerHandler.java:144)
	at com.game.netty.server.ServerHandler.lambda$channelRead0$1(ServerHandler.java:76)
	at java.lang.Iterable.forEach(Iterable.java:75)
	at com.game.netty.server.ServerHandler.channelRead0(ServerHandler.java:70)
	at com.game.netty.server.ServerHandler.channelRead0(ServerHandler.java:30)
	at io.netty.channel.SimpleChannelInboundHandler.channelRead(SimpleChannelInboundHandler.java:99)
	at io.netty.channel.AbstractChannelHandlerContext.invokeChannelRead(AbstractChannelHandlerContext.java:379)
	at io.netty.channel.AbstractChannelHandlerContext.invokeChannelRead(AbstractChannelHandlerContext.java:365)
	at io.netty.channel.AbstractChannelHandlerContext.fireChannelRead(AbstractChannelHandlerContext.java:357)
	at io.netty.handler.codec.MessageToMessageDecoder.channelRead(MessageToMessageDecoder.java:103)
	at io.netty.channel.AbstractChannelHandlerContext.invokeChannelRead(AbstractChannelHandlerContext.java:379)
	at io.netty.channel.AbstractChannelHandlerContext.invokeChannelRead(AbstractChannelHandlerContext.java:365)
	at io.netty.channel.AbstractChannelHandlerContext.fireChannelRead(AbstractChannelHandlerContext.java:357)
	at io.netty.handler.codec.ByteToMessageDecoder.fireChannelRead(ByteToMessageDecoder.java:324)
	at io.netty.handler.codec.ByteToMessageDecoder.channelRead(ByteToMessageDecoder.java:296)
	at io.netty.channel.AbstractChannelHandlerContext.invokeChannelRead(AbstractChannelHandlerContext.java:379)
	at io.netty.channel.AbstractChannelHandlerContext.invokeChannelRead(AbstractChannelHandlerContext.java:365)
	at io.netty.channel.AbstractChannelHandlerContext.fireChannelRead(AbstractChannelHandlerContext.java:357)
	at io.netty.channel.DefaultChannelPipeline$HeadContext.channelRead(DefaultChannelPipeline.java:1410)
	at io.netty.channel.AbstractChannelHandlerContext.invokeChannelRead(AbstractChannelHandlerContext.java:379)
	at io.netty.channel.AbstractChannelHandlerContext.invokeChannelRead(AbstractChannelHandlerContext.java:365)
	at io.netty.channel.DefaultChannelPipeline.fireChannelRead(DefaultChannelPipeline.java:919)
	at io.netty.channel.nio.AbstractNioByteChannel$NioByteUnsafe.read(AbstractNioByteChannel.java:163)
	at io.netty.channel.nio.NioEventLoop.processSelectedKey(NioEventLoop.java:714)
	at io.netty.channel.nio.NioEventLoop.processSelectedKeysOptimized(NioEventLoop.java:650)
	at io.netty.channel.nio.NioEventLoop.processSelectedKeys(NioEventLoop.java:576)
	at io.netty.channel.nio.NioEventLoop.run(NioEventLoop.java:493)
	at io.netty.util.concurrent.SingleThreadEventExecutor$4.run(SingleThreadEventExecutor.java:989)
	at io.netty.util.internal.ThreadExecutorMap$2.run(ThreadExecutorMap.java:74)
	at io.netty.util.concurrent.FastThreadLocalRunnable.run(FastThreadLocalRunnable.java:30)
	at java.lang.Thread.run(Thread.java:748)
2020-07-06 12:30:23  [ nioEventLoopGroup-3-1:63987 ] - [ INFO ]  Reflections took 5 ms to scan 1 urls, producing 1 keys and 6 values 
2020-07-06 12:30:23  [ nioEventLoopGroup-3-1:63987 ] - [ WARN ]  An exceptionCaught() event was fired, and it reached at the tail of the pipeline. It usually means the last handler in the pipeline did not handle the exception.
java.lang.NullPointerException
	at com.game.common.protobuf.DataInfo$ResponseMsg$Builder.setMsg(DataInfo.java:1067)
	at com.game.netty.server.ServerHandler.writeMessage(ServerHandler.java:144)
	at com.game.netty.server.ServerHandler.lambda$channelRead0$1(ServerHandler.java:76)
	at java.lang.Iterable.forEach(Iterable.java:75)
	at com.game.netty.server.ServerHandler.channelRead0(ServerHandler.java:70)
	at com.game.netty.server.ServerHandler.channelRead0(ServerHandler.java:30)
	at io.netty.channel.SimpleChannelInboundHandler.channelRead(SimpleChannelInboundHandler.java:99)
	at io.netty.channel.AbstractChannelHandlerContext.invokeChannelRead(AbstractChannelHandlerContext.java:379)
	at io.netty.channel.AbstractChannelHandlerContext.invokeChannelRead(AbstractChannelHandlerContext.java:365)
	at io.netty.channel.AbstractChannelHandlerContext.fireChannelRead(AbstractChannelHandlerContext.java:357)
	at io.netty.handler.codec.MessageToMessageDecoder.channelRead(MessageToMessageDecoder.java:103)
	at io.netty.channel.AbstractChannelHandlerContext.invokeChannelRead(AbstractChannelHandlerContext.java:379)
	at io.netty.channel.AbstractChannelHandlerContext.invokeChannelRead(AbstractChannelHandlerContext.java:365)
	at io.netty.channel.AbstractChannelHandlerContext.fireChannelRead(AbstractChannelHandlerContext.java:357)
	at io.netty.handler.codec.ByteToMessageDecoder.fireChannelRead(ByteToMessageDecoder.java:324)
	at io.netty.handler.codec.ByteToMessageDecoder.channelRead(ByteToMessageDecoder.java:296)
	at io.netty.channel.AbstractChannelHandlerContext.invokeChannelRead(AbstractChannelHandlerContext.java:379)
	at io.netty.channel.AbstractChannelHandlerContext.invokeChannelRead(AbstractChannelHandlerContext.java:365)
	at io.netty.channel.AbstractChannelHandlerContext.fireChannelRead(AbstractChannelHandlerContext.java:357)
	at io.netty.channel.DefaultChannelPipeline$HeadContext.channelRead(DefaultChannelPipeline.java:1410)
	at io.netty.channel.AbstractChannelHandlerContext.invokeChannelRead(AbstractChannelHandlerContext.java:379)
	at io.netty.channel.AbstractChannelHandlerContext.invokeChannelRead(AbstractChannelHandlerContext.java:365)
	at io.netty.channel.DefaultChannelPipeline.fireChannelRead(DefaultChannelPipeline.java:919)
	at io.netty.channel.nio.AbstractNioByteChannel$NioByteUnsafe.read(AbstractNioByteChannel.java:163)
	at io.netty.channel.nio.NioEventLoop.processSelectedKey(NioEventLoop.java:714)
	at io.netty.channel.nio.NioEventLoop.processSelectedKeysOptimized(NioEventLoop.java:650)
	at io.netty.channel.nio.NioEventLoop.processSelectedKeys(NioEventLoop.java:576)
	at io.netty.channel.nio.NioEventLoop.run(NioEventLoop.java:493)
	at io.netty.util.concurrent.SingleThreadEventExecutor$4.run(SingleThreadEventExecutor.java:989)
	at io.netty.util.internal.ThreadExecutorMap$2.run(ThreadExecutorMap.java:74)
	at io.netty.util.concurrent.FastThreadLocalRunnable.run(FastThreadLocalRunnable.java:30)
	at java.lang.Thread.run(Thread.java:748)
2020-07-06 12:30:28  [ nioEventLoopGroup-3-1:68401 ] - [ INFO ]  Reflections took 4 ms to scan 1 urls, producing 1 keys and 6 values 
2020-07-06 12:30:48  [ nioEventLoopGroup-3-1:88972 ] - [ INFO ]  Reflections took 5 ms to scan 1 urls, producing 1 keys and 6 values 
2020-07-06 14:20:32  [ main:6 ] - [ INFO ]  Refreshing org.springframework.context.support.ClassPathXmlApplicationContext@5680a178: startup date [Mon Jul 06 14:20:32 CST 2020]; root of context hierarchy
2020-07-06 14:20:32  [ main:54 ] - [ INFO ]  Loading XML bean definitions from class path resource [applicationContext.xml]
2020-07-06 14:20:39  [ main:10 ] - [ INFO ]  Refreshing org.springframework.context.support.ClassPathXmlApplicationContext@5680a178: startup date [Mon Jul 06 14:20:39 CST 2020]; root of context hierarchy
2020-07-06 14:20:39  [ main:70 ] - [ INFO ]  Loading XML bean definitions from class path resource [applicationContext.xml]
2020-07-06 14:20:46  [ nioEventLoopGroup-3-1:13261 ] - [ INFO ]  Reflections took 75 ms to scan 1 urls, producing 1 keys and 6 values 
2020-07-06 14:20:54  [ nioEventLoopGroup-3-1:21852 ] - [ INFO ]  Reflections took 12 ms to scan 1 urls, producing 1 keys and 6 values 
2020-07-06 14:20:57  [ nioEventLoopGroup-3-1:24674 ] - [ INFO ]  Reflections took 7 ms to scan 1 urls, producing 1 keys and 6 values 
2020-07-06 14:21:02  [ nioEventLoopGroup-3-1:29669 ] - [ INFO ]  Reflections took 5 ms to scan 1 urls, producing 1 keys and 6 values 
2020-07-06 14:21:07  [ nioEventLoopGroup-3-1:34267 ] - [ INFO ]  Reflections took 5 ms to scan 1 urls, producing 1 keys and 6 values 
2020-07-06 14:21:07  [ nioEventLoopGroup-3-1:34270 ] - [ WARN ]  An exceptionCaught() event was fired, and it reached at the tail of the pipeline. It usually means the last handler in the pipeline did not handle the exception.
java.lang.NullPointerException
	at com.game.common.protobuf.DataInfo$ResponseMsg$Builder.setMsg(DataInfo.java:1067)
	at com.game.netty.server.ServerHandler.writeMessage(ServerHandler.java:144)
	at com.game.netty.server.ServerHandler.lambda$channelRead0$1(ServerHandler.java:76)
	at java.lang.Iterable.forEach(Iterable.java:75)
	at com.game.netty.server.ServerHandler.channelRead0(ServerHandler.java:70)
	at com.game.netty.server.ServerHandler.channelRead0(ServerHandler.java:30)
	at io.netty.channel.SimpleChannelInboundHandler.channelRead(SimpleChannelInboundHandler.java:99)
	at io.netty.channel.AbstractChannelHandlerContext.invokeChannelRead(AbstractChannelHandlerContext.java:379)
	at io.netty.channel.AbstractChannelHandlerContext.invokeChannelRead(AbstractChannelHandlerContext.java:365)
	at io.netty.channel.AbstractChannelHandlerContext.fireChannelRead(AbstractChannelHandlerContext.java:357)
	at io.netty.handler.codec.MessageToMessageDecoder.channelRead(MessageToMessageDecoder.java:103)
	at io.netty.channel.AbstractChannelHandlerContext.invokeChannelRead(AbstractChannelHandlerContext.java:379)
	at io.netty.channel.AbstractChannelHandlerContext.invokeChannelRead(AbstractChannelHandlerContext.java:365)
	at io.netty.channel.AbstractChannelHandlerContext.fireChannelRead(AbstractChannelHandlerContext.java:357)
	at io.netty.handler.codec.ByteToMessageDecoder.fireChannelRead(ByteToMessageDecoder.java:324)
	at io.netty.handler.codec.ByteToMessageDecoder.channelRead(ByteToMessageDecoder.java:296)
	at io.netty.channel.AbstractChannelHandlerContext.invokeChannelRead(AbstractChannelHandlerContext.java:379)
	at io.netty.channel.AbstractChannelHandlerContext.invokeChannelRead(AbstractChannelHandlerContext.java:365)
	at io.netty.channel.AbstractChannelHandlerContext.fireChannelRead(AbstractChannelHandlerContext.java:357)
	at io.netty.channel.DefaultChannelPipeline$HeadContext.channelRead(DefaultChannelPipeline.java:1410)
	at io.netty.channel.AbstractChannelHandlerContext.invokeChannelRead(AbstractChannelHandlerContext.java:379)
	at io.netty.channel.AbstractChannelHandlerContext.invokeChannelRead(AbstractChannelHandlerContext.java:365)
	at io.netty.channel.DefaultChannelPipeline.fireChannelRead(DefaultChannelPipeline.java:919)
	at io.netty.channel.nio.AbstractNioByteChannel$NioByteUnsafe.read(AbstractNioByteChannel.java:163)
	at io.netty.channel.nio.NioEventLoop.processSelectedKey(NioEventLoop.java:714)
	at io.netty.channel.nio.NioEventLoop.processSelectedKeysOptimized(NioEventLoop.java:650)
	at io.netty.channel.nio.NioEventLoop.processSelectedKeys(NioEventLoop.java:576)
	at io.netty.channel.nio.NioEventLoop.run(NioEventLoop.java:493)
	at io.netty.util.concurrent.SingleThreadEventExecutor$4.run(SingleThreadEventExecutor.java:989)
	at io.netty.util.internal.ThreadExecutorMap$2.run(ThreadExecutorMap.java:74)
	at io.netty.util.concurrent.FastThreadLocalRunnable.run(FastThreadLocalRunnable.java:30)
	at java.lang.Thread.run(Thread.java:748)
2020-07-06 14:26:45  [ main:7 ] - [ INFO ]  Refreshing org.springframework.context.support.ClassPathXmlApplicationContext@5680a178: startup date [Mon Jul 06 14:26:45 CST 2020]; root of context hierarchy
2020-07-06 14:26:45  [ main:52 ] - [ INFO ]  Loading XML bean definitions from class path resource [applicationContext.xml]
2020-07-06 14:26:48  [ main:10 ] - [ INFO ]  Refreshing org.springframework.context.support.ClassPathXmlApplicationContext@5680a178: startup date [Mon Jul 06 14:26:48 CST 2020]; root of context hierarchy
2020-07-06 14:26:48  [ main:66 ] - [ INFO ]  Loading XML bean definitions from class path resource [applicationContext.xml]
2020-07-06 14:26:57  [ nioEventLoopGroup-3-1:11542 ] - [ INFO ]  Reflections took 88 ms to scan 1 urls, producing 1 keys and 6 values 
2020-07-06 14:27:13  [ nioEventLoopGroup-3-1:28197 ] - [ INFO ]  Reflections took 12 ms to scan 1 urls, producing 1 keys and 6 values 
2020-07-06 14:27:17  [ nioEventLoopGroup-3-1:31554 ] - [ INFO ]  Reflections took 5 ms to scan 1 urls, producing 1 keys and 6 values 
2020-07-06 14:31:07  [ main:7 ] - [ INFO ]  Refreshing org.springframework.context.support.ClassPathXmlApplicationContext@5680a178: startup date [Mon Jul 06 14:31:07 CST 2020]; root of context hierarchy
2020-07-06 14:31:07  [ main:45 ] - [ INFO ]  Loading XML bean definitions from class path resource [applicationContext.xml]
2020-07-06 14:31:11  [ main:9 ] - [ INFO ]  Refreshing org.springframework.context.support.ClassPathXmlApplicationContext@5680a178: startup date [Mon Jul 06 14:31:11 CST 2020]; root of context hierarchy
2020-07-06 14:31:11  [ main:80 ] - [ INFO ]  Loading XML bean definitions from class path resource [applicationContext.xml]
2020-07-06 14:31:24  [ main:12 ] - [ INFO ]  Refreshing org.springframework.context.support.ClassPathXmlApplicationContext@5680a178: startup date [Mon Jul 06 14:31:24 CST 2020]; root of context hierarchy
2020-07-06 14:31:24  [ main:66 ] - [ INFO ]  Loading XML bean definitions from class path resource [applicationContext.xml]
2020-07-06 14:31:40  [ nioEventLoopGroup-3-2:33134 ] - [ INFO ]  Reflections took 83 ms to scan 1 urls, producing 1 keys and 6 values 
2020-07-06 14:31:45  [ nioEventLoopGroup-3-2:38359 ] - [ INFO ]  Reflections took 12 ms to scan 1 urls, producing 1 keys and 6 values 
2020-07-06 14:31:53  [ main:5 ] - [ INFO ]  Refreshing org.springframework.context.support.ClassPathXmlApplicationContext@5680a178: startup date [Mon Jul 06 14:31:53 CST 2020]; root of context hierarchy
2020-07-06 14:31:53  [ main:44 ] - [ INFO ]  Loading XML bean definitions from class path resource [applicationContext.xml]
2020-07-06 14:32:08  [ main:7 ] - [ INFO ]  Refreshing org.springframework.context.support.ClassPathXmlApplicationContext@5680a178: startup date [Mon Jul 06 14:32:08 CST 2020]; root of context hierarchy
2020-07-06 14:32:08  [ main:78 ] - [ INFO ]  Loading XML bean definitions from class path resource [applicationContext.xml]
2020-07-06 14:32:28  [ nioEventLoopGroup-3-1:34619 ] - [ INFO ]  Reflections took 65 ms to scan 1 urls, producing 1 keys and 6 values 
2020-07-06 14:32:31  [ nioEventLoopGroup-3-1:37628 ] - [ INFO ]  Reflections took 13 ms to scan 1 urls, producing 1 keys and 6 values 
2020-07-06 14:32:34  [ nioEventLoopGroup-3-1:40746 ] - [ INFO ]  Reflections took 8 ms to scan 1 urls, producing 1 keys and 6 values 
2020-07-06 14:32:46  [ nioEventLoopGroup-3-1:52837 ] - [ INFO ]  Reflections took 7 ms to scan 1 urls, producing 1 keys and 6 values 
2020-07-06 14:32:46  [ nioEventLoopGroup-3-1:52841 ] - [ WARN ]  An exceptionCaught() event was fired, and it reached at the tail of the pipeline. It usually means the last handler in the pipeline did not handle the exception.
java.lang.NullPointerException
	at com.game.common.protobuf.DataInfo$ResponseMsg$Builder.setMsg(DataInfo.java:1067)
	at com.game.netty.server.ServerHandler.writeMessage(ServerHandler.java:144)
	at com.game.netty.server.ServerHandler.lambda$channelRead0$1(ServerHandler.java:76)
	at java.lang.Iterable.forEach(Iterable.java:75)
	at com.game.netty.server.ServerHandler.channelRead0(ServerHandler.java:70)
	at com.game.netty.server.ServerHandler.channelRead0(ServerHandler.java:30)
	at io.netty.channel.SimpleChannelInboundHandler.channelRead(SimpleChannelInboundHandler.java:99)
	at io.netty.channel.AbstractChannelHandlerContext.invokeChannelRead(AbstractChannelHandlerContext.java:379)
	at io.netty.channel.AbstractChannelHandlerContext.invokeChannelRead(AbstractChannelHandlerContext.java:365)
	at io.netty.channel.AbstractChannelHandlerContext.fireChannelRead(AbstractChannelHandlerContext.java:357)
	at io.netty.handler.codec.MessageToMessageDecoder.channelRead(MessageToMessageDecoder.java:103)
	at io.netty.channel.AbstractChannelHandlerContext.invokeChannelRead(AbstractChannelHandlerContext.java:379)
	at io.netty.channel.AbstractChannelHandlerContext.invokeChannelRead(AbstractChannelHandlerContext.java:365)
	at io.netty.channel.AbstractChannelHandlerContext.fireChannelRead(AbstractChannelHandlerContext.java:357)
	at io.netty.handler.codec.ByteToMessageDecoder.fireChannelRead(ByteToMessageDecoder.java:324)
	at io.netty.handler.codec.ByteToMessageDecoder.channelRead(ByteToMessageDecoder.java:296)
	at io.netty.channel.AbstractChannelHandlerContext.invokeChannelRead(AbstractChannelHandlerContext.java:379)
	at io.netty.channel.AbstractChannelHandlerContext.invokeChannelRead(AbstractChannelHandlerContext.java:365)
	at io.netty.channel.AbstractChannelHandlerContext.fireChannelRead(AbstractChannelHandlerContext.java:357)
	at io.netty.channel.DefaultChannelPipeline$HeadContext.channelRead(DefaultChannelPipeline.java:1410)
	at io.netty.channel.AbstractChannelHandlerContext.invokeChannelRead(AbstractChannelHandlerContext.java:379)
	at io.netty.channel.AbstractChannelHandlerContext.invokeChannelRead(AbstractChannelHandlerContext.java:365)
	at io.netty.channel.DefaultChannelPipeline.fireChannelRead(DefaultChannelPipeline.java:919)
	at io.netty.channel.nio.AbstractNioByteChannel$NioByteUnsafe.read(AbstractNioByteChannel.java:163)
	at io.netty.channel.nio.NioEventLoop.processSelectedKey(NioEventLoop.java:714)
	at io.netty.channel.nio.NioEventLoop.processSelectedKeysOptimized(NioEventLoop.java:650)
	at io.netty.channel.nio.NioEventLoop.processSelectedKeys(NioEventLoop.java:576)
	at io.netty.channel.nio.NioEventLoop.run(NioEventLoop.java:493)
	at io.netty.util.concurrent.SingleThreadEventExecutor$4.run(SingleThreadEventExecutor.java:989)
	at io.netty.util.internal.ThreadExecutorMap$2.run(ThreadExecutorMap.java:74)
	at io.netty.util.concurrent.FastThreadLocalRunnable.run(FastThreadLocalRunnable.java:30)
	at java.lang.Thread.run(Thread.java:748)
2020-07-06 14:36:13  [ main:8 ] - [ INFO ]  Refreshing org.springframework.context.support.ClassPathXmlApplicationContext@5680a178: startup date [Mon Jul 06 14:36:13 CST 2020]; root of context hierarchy
2020-07-06 14:36:14  [ main:50 ] - [ INFO ]  Loading XML bean definitions from class path resource [applicationContext.xml]
2020-07-06 14:36:22  [ main:9 ] - [ INFO ]  Refreshing org.springframework.context.support.ClassPathXmlApplicationContext@5680a178: startup date [Mon Jul 06 14:36:22 CST 2020]; root of context hierarchy
2020-07-06 14:36:22  [ main:69 ] - [ INFO ]  Loading XML bean definitions from class path resource [applicationContext.xml]
2020-07-06 14:36:28  [ nioEventLoopGroup-3-1:14725 ] - [ INFO ]  Reflections took 58 ms to scan 1 urls, producing 1 keys and 6 values 
2020-07-06 14:36:37  [ nioEventLoopGroup-3-1:23962 ] - [ INFO ]  Reflections took 14 ms to scan 1 urls, producing 1 keys and 6 values 
2020-07-06 14:36:42  [ nioEventLoopGroup-3-1:28906 ] - [ INFO ]  Reflections took 6 ms to scan 1 urls, producing 1 keys and 6 values 
2020-07-06 14:36:57  [ nioEventLoopGroup-3-1:43632 ] - [ INFO ]  Reflections took 4 ms to scan 1 urls, producing 1 keys and 6 values 
2020-07-06 14:37:00  [ nioEventLoopGroup-3-1:46363 ] - [ INFO ]  Reflections took 6 ms to scan 1 urls, producing 1 keys and 6 values 
2020-07-06 15:49:32  [ main:23 ] - [ INFO ]  Refreshing org.springframework.context.support.ClassPathXmlApplicationContext@5680a178: startup date [Mon Jul 06 15:49:32 CST 2020]; root of context hierarchy
2020-07-06 15:49:32  [ main:74 ] - [ INFO ]  Loading XML bean definitions from class path resource [applicationContext.xml]
2020-07-06 15:49:57  [ main:6 ] - [ INFO ]  Refreshing org.springframework.context.support.ClassPathXmlApplicationContext@5680a178: startup date [Mon Jul 06 15:49:57 CST 2020]; root of context hierarchy
2020-07-06 15:49:57  [ main:53 ] - [ INFO ]  Loading XML bean definitions from class path resource [applicationContext.xml]
2020-07-06 15:50:03  [ nioEventLoopGroup-3-1:31392 ] - [ INFO ]  Reflections took 69 ms to scan 1 urls, producing 1 keys and 6 values 
2020-07-06 15:50:13  [ nioEventLoopGroup-3-1:41346 ] - [ INFO ]  Reflections took 10 ms to scan 1 urls, producing 1 keys and 6 values 
2020-07-06 15:50:17  [ nioEventLoopGroup-3-1:44989 ] - [ INFO ]  Reflections took 8 ms to scan 1 urls, producing 1 keys and 6 values 
2020-07-06 15:50:35  [ nioEventLoopGroup-3-1:63091 ] - [ INFO ]  Reflections took 4 ms to scan 1 urls, producing 1 keys and 6 values 
2020-07-06 15:50:36  [ nioEventLoopGroup-3-1:64668 ] - [ INFO ]  Reflections took 7 ms to scan 1 urls, producing 1 keys and 6 values 
2020-07-06 16:02:20  [ main:6 ] - [ INFO ]  Refreshing org.springframework.context.support.ClassPathXmlApplicationContext@5680a178: startup date [Mon Jul 06 16:02:20 CST 2020]; root of context hierarchy
2020-07-06 16:02:20  [ main:46 ] - [ INFO ]  Loading XML bean definitions from class path resource [applicationContext.xml]
2020-07-06 16:02:23  [ main:12 ] - [ INFO ]  Refreshing org.springframework.context.support.ClassPathXmlApplicationContext@5680a178: startup date [Mon Jul 06 16:02:23 CST 2020]; root of context hierarchy
2020-07-06 16:02:23  [ main:62 ] - [ INFO ]  Loading XML bean definitions from class path resource [applicationContext.xml]
2020-07-06 16:02:26  [ nioEventLoopGroup-3-1:5671 ] - [ INFO ]  Reflections took 64 ms to scan 1 urls, producing 1 keys and 6 values 
2020-07-06 16:02:30  [ nioEventLoopGroup-3-1:10062 ] - [ INFO ]  Reflections took 13 ms to scan 1 urls, producing 1 keys and 6 values 
2020-07-06 16:02:35  [ nioEventLoopGroup-3-1:14582 ] - [ INFO ]  Reflections took 9 ms to scan 1 urls, producing 1 keys and 6 values 
2020-07-06 16:02:41  [ nioEventLoopGroup-3-1:20825 ] - [ INFO ]  Reflections took 7 ms to scan 1 urls, producing 1 keys and 6 values 
2020-07-06 16:15:34  [ main:6 ] - [ INFO ]  Refreshing org.springframework.context.support.ClassPathXmlApplicationContext@5680a178: startup date [Mon Jul 06 16:15:34 CST 2020]; root of context hierarchy
2020-07-06 16:15:34  [ main:52 ] - [ INFO ]  Loading XML bean definitions from class path resource [applicationContext.xml]
2020-07-06 16:16:06  [ main:6 ] - [ INFO ]  Refreshing org.springframework.context.support.ClassPathXmlApplicationContext@5680a178: startup date [Mon Jul 06 16:16:06 CST 2020]; root of context hierarchy
2020-07-06 16:16:07  [ main:48 ] - [ INFO ]  Loading XML bean definitions from class path resource [applicationContext.xml]
2020-07-06 16:16:18  [ nioEventLoopGroup-3-1:43375 ] - [ INFO ]  Reflections took 69 ms to scan 1 urls, producing 1 keys and 6 values 
2020-07-06 16:16:31  [ main:8 ] - [ INFO ]  Refreshing org.springframework.context.support.ClassPathXmlApplicationContext@5680a178: startup date [Mon Jul 06 16:16:31 CST 2020]; root of context hierarchy
2020-07-06 16:16:32  [ main:87 ] - [ INFO ]  Loading XML bean definitions from class path resource [applicationContext.xml]
2020-07-06 16:16:38  [ nioEventLoopGroup-3-2:64251 ] - [ INFO ]  Reflections took 10 ms to scan 1 urls, producing 1 keys and 6 values 
2020-07-06 16:16:47  [ nioEventLoopGroup-3-1:73325 ] - [ INFO ]  Reflections took 6 ms to scan 1 urls, producing 1 keys and 6 values 
2020-07-06 16:16:51  [ nioEventLoopGroup-3-2:76552 ] - [ INFO ]  Reflections took 5 ms to scan 1 urls, producing 1 keys and 6 values 
2020-07-06 16:17:03  [ nioEventLoopGroup-3-2:88954 ] - [ INFO ]  Reflections took 5 ms to scan 1 urls, producing 1 keys and 6 values 
2020-07-06 16:33:01  [ main:5 ] - [ INFO ]  Refreshing org.springframework.context.support.ClassPathXmlApplicationContext@5680a178: startup date [Mon Jul 06 16:33:01 CST 2020]; root of context hierarchy
2020-07-06 16:33:01  [ main:43 ] - [ INFO ]  Loading XML bean definitions from class path resource [applicationContext.xml]
2020-07-06 16:33:05  [ main:9 ] - [ INFO ]  Refreshing org.springframework.context.support.ClassPathXmlApplicationContext@5680a178: startup date [Mon Jul 06 16:33:05 CST 2020]; root of context hierarchy
2020-07-06 16:33:05  [ main:70 ] - [ INFO ]  Loading XML bean definitions from class path resource [applicationContext.xml]
2020-07-06 16:33:44  [ nioEventLoopGroup-3-1:43196 ] - [ INFO ]  Reflections took 65 ms to scan 1 urls, producing 1 keys and 6 values 
2020-07-06 16:34:19  [ nioEventLoopGroup-3-1:78330 ] - [ INFO ]  Reflections took 13 ms to scan 1 urls, producing 1 keys and 6 values 
2020-07-06 16:34:23  [ nioEventLoopGroup-3-1:82279 ] - [ INFO ]  Reflections took 6 ms to scan 1 urls, producing 1 keys and 6 values 
2020-07-06 17:22:34  [ main:16 ] - [ INFO ]  Refreshing org.springframework.context.support.ClassPathXmlApplicationContext@5680a178: startup date [Mon Jul 06 17:22:34 CST 2020]; root of context hierarchy
2020-07-06 17:22:34  [ main:111 ] - [ INFO ]  Loading XML bean definitions from class path resource [applicationContext.xml]
2020-07-06 17:22:38  [ main:9 ] - [ INFO ]  Refreshing org.springframework.context.support.ClassPathXmlApplicationContext@5680a178: startup date [Mon Jul 06 17:22:38 CST 2020]; root of context hierarchy
2020-07-06 17:22:38  [ main:54 ] - [ INFO ]  Loading XML bean definitions from class path resource [applicationContext.xml]
2020-07-06 17:22:44  [ nioEventLoopGroup-3-1:10248 ] - [ WARN ]  An exceptionCaught() event was fired, and it reached at the tail of the pipeline. It usually means the last handler in the pipeline did not handle the exception.
java.lang.NumberFormatException: For input string: "m"
	at java.lang.NumberFormatException.forInputString(NumberFormatException.java:65)
	at java.lang.Integer.parseInt(Integer.java:580)
	at java.lang.Integer.parseInt(Integer.java:615)
	at com.game.netty.server.ServerHandler.channelRead0(ServerHandler.java:45)
	at com.game.netty.server.ServerHandler.channelRead0(ServerHandler.java:30)
	at io.netty.channel.SimpleChannelInboundHandler.channelRead(SimpleChannelInboundHandler.java:99)
	at io.netty.channel.AbstractChannelHandlerContext.invokeChannelRead(AbstractChannelHandlerContext.java:379)
	at io.netty.channel.AbstractChannelHandlerContext.invokeChannelRead(AbstractChannelHandlerContext.java:365)
	at io.netty.channel.AbstractChannelHandlerContext.fireChannelRead(AbstractChannelHandlerContext.java:357)
	at io.netty.handler.codec.MessageToMessageDecoder.channelRead(MessageToMessageDecoder.java:103)
	at io.netty.channel.AbstractChannelHandlerContext.invokeChannelRead(AbstractChannelHandlerContext.java:379)
	at io.netty.channel.AbstractChannelHandlerContext.invokeChannelRead(AbstractChannelHandlerContext.java:365)
	at io.netty.channel.AbstractChannelHandlerContext.fireChannelRead(AbstractChannelHandlerContext.java:357)
	at io.netty.handler.codec.ByteToMessageDecoder.fireChannelRead(ByteToMessageDecoder.java:324)
	at io.netty.handler.codec.ByteToMessageDecoder.channelRead(ByteToMessageDecoder.java:296)
	at io.netty.channel.AbstractChannelHandlerContext.invokeChannelRead(AbstractChannelHandlerContext.java:379)
	at io.netty.channel.AbstractChannelHandlerContext.invokeChannelRead(AbstractChannelHandlerContext.java:365)
	at io.netty.channel.AbstractChannelHandlerContext.fireChannelRead(AbstractChannelHandlerContext.java:357)
	at io.netty.channel.DefaultChannelPipeline$HeadContext.channelRead(DefaultChannelPipeline.java:1410)
	at io.netty.channel.AbstractChannelHandlerContext.invokeChannelRead(AbstractChannelHandlerContext.java:379)
	at io.netty.channel.AbstractChannelHandlerContext.invokeChannelRead(AbstractChannelHandlerContext.java:365)
	at io.netty.channel.DefaultChannelPipeline.fireChannelRead(DefaultChannelPipeline.java:919)
	at io.netty.channel.nio.AbstractNioByteChannel$NioByteUnsafe.read(AbstractNioByteChannel.java:163)
	at io.netty.channel.nio.NioEventLoop.processSelectedKey(NioEventLoop.java:714)
	at io.netty.channel.nio.NioEventLoop.processSelectedKeysOptimized(NioEventLoop.java:650)
	at io.netty.channel.nio.NioEventLoop.processSelectedKeys(NioEventLoop.java:576)
	at io.netty.channel.nio.NioEventLoop.run(NioEventLoop.java:493)
	at io.netty.util.concurrent.SingleThreadEventExecutor$4.run(SingleThreadEventExecutor.java:989)
	at io.netty.util.internal.ThreadExecutorMap$2.run(ThreadExecutorMap.java:74)
	at io.netty.util.concurrent.FastThreadLocalRunnable.run(FastThreadLocalRunnable.java:30)
	at java.lang.Thread.run(Thread.java:748)
2020-07-06 17:26:30  [ main:7 ] - [ INFO ]  Refreshing org.springframework.context.support.ClassPathXmlApplicationContext@5680a178: startup date [Mon Jul 06 17:26:30 CST 2020]; root of context hierarchy
2020-07-06 17:26:30  [ main:53 ] - [ INFO ]  Loading XML bean definitions from class path resource [applicationContext.xml]
2020-07-06 17:26:32  [ main:6 ] - [ INFO ]  Refreshing org.springframework.context.support.ClassPathXmlApplicationContext@5680a178: startup date [Mon Jul 06 17:26:32 CST 2020]; root of context hierarchy
2020-07-06 17:26:32  [ main:44 ] - [ INFO ]  Loading XML bean definitions from class path resource [applicationContext.xml]
2020-07-06 17:26:38  [ nioEventLoopGroup-3-1:7789 ] - [ INFO ]  Reflections took 170 ms to scan 1 urls, producing 1 keys and 6 values 
2020-07-06 17:26:48  [ nioEventLoopGroup-3-1:18033 ] - [ INFO ]  Reflections took 13 ms to scan 1 urls, producing 1 keys and 6 values 
2020-07-06 17:26:50  [ nioEventLoopGroup-3-1:19886 ] - [ INFO ]  Reflections took 7 ms to scan 1 urls, producing 1 keys and 6 values 
2020-07-06 18:15:28  [ main:27 ] - [ INFO ]  Refreshing org.springframework.context.support.ClassPathXmlApplicationContext@5680a178: startup date [Mon Jul 06 18:15:28 CST 2020]; root of context hierarchy
2020-07-06 18:15:28  [ main:71 ] - [ INFO ]  Loading XML bean definitions from class path resource [applicationContext.xml]
2020-07-06 18:29:46  [ main:110 ] - [ INFO ]  Refreshing org.springframework.context.support.ClassPathXmlApplicationContext@5680a178: startup date [Mon Jul 06 18:29:46 CST 2020]; root of context hierarchy
2020-07-06 18:29:46  [ main:159 ] - [ INFO ]  Loading XML bean definitions from class path resource [applicationContext.xml]
2020-07-06 18:29:50  [ main:16 ] - [ INFO ]  Refreshing org.springframework.context.support.ClassPathXmlApplicationContext@5680a178: startup date [Mon Jul 06 18:29:50 CST 2020]; root of context hierarchy
2020-07-06 18:29:50  [ main:121 ] - [ INFO ]  Loading XML bean definitions from class path resource [applicationContext.xml]
2020-07-06 18:29:56  [ nioEventLoopGroup-3-1:10100 ] - [ INFO ]  Reflections took 72 ms to scan 1 urls, producing 1 keys and 6 values 
2020-07-06 18:30:00  [ nioEventLoopGroup-3-1:15041 ] - [ INFO ]  Reflections took 9 ms to scan 1 urls, producing 1 keys and 6 values 
2020-07-06 18:34:08  [ main:8 ] - [ INFO ]  Refreshing org.springframework.context.support.ClassPathXmlApplicationContext@5680a178: startup date [Mon Jul 06 18:34:08 CST 2020]; root of context hierarchy
2020-07-06 18:34:08  [ main:66 ] - [ INFO ]  Loading XML bean definitions from class path resource [applicationContext.xml]
2020-07-06 18:34:10  [ main:7 ] - [ INFO ]  Refreshing org.springframework.context.support.ClassPathXmlApplicationContext@5680a178: startup date [Mon Jul 06 18:34:10 CST 2020]; root of context hierarchy
2020-07-06 18:34:10  [ main:49 ] - [ INFO ]  Loading XML bean definitions from class path resource [applicationContext.xml]
2020-07-06 18:34:13  [ nioEventLoopGroup-3-1:5697 ] - [ INFO ]  Reflections took 63 ms to scan 1 urls, producing 1 keys and 6 values 
2020-07-06 18:34:23  [ nioEventLoopGroup-3-1:15521 ] - [ INFO ]  Reflections took 11 ms to scan 1 urls, producing 1 keys and 6 values 
2020-07-06 18:38:14  [ main:9 ] - [ INFO ]  Refreshing org.springframework.context.support.ClassPathXmlApplicationContext@5680a178: startup date [Mon Jul 06 18:38:14 CST 2020]; root of context hierarchy
2020-07-06 18:38:15  [ main:71 ] - [ INFO ]  Loading XML bean definitions from class path resource [applicationContext.xml]
2020-07-06 18:38:17  [ main:6 ] - [ INFO ]  Refreshing org.springframework.context.support.ClassPathXmlApplicationContext@5680a178: startup date [Mon Jul 06 18:38:17 CST 2020]; root of context hierarchy
2020-07-06 18:38:17  [ main:51 ] - [ INFO ]  Loading XML bean definitions from class path resource [applicationContext.xml]
2020-07-06 18:38:27  [ nioEventLoopGroup-3-1:12840 ] - [ INFO ]  Reflections took 73 ms to scan 1 urls, producing 1 keys and 6 values 
2020-07-06 18:38:43  [ nioEventLoopGroup-3-1:28396 ] - [ INFO ]  Reflections took 7 ms to scan 1 urls, producing 1 keys and 6 values 
2020-07-06 18:40:28  [ main:7 ] - [ INFO ]  Refreshing org.springframework.context.support.ClassPathXmlApplicationContext@5680a178: startup date [Mon Jul 06 18:40:28 CST 2020]; root of context hierarchy
2020-07-06 18:40:28  [ main:55 ] - [ INFO ]  Loading XML bean definitions from class path resource [applicationContext.xml]
2020-07-06 18:40:30  [ main:10 ] - [ INFO ]  Refreshing org.springframework.context.support.ClassPathXmlApplicationContext@5680a178: startup date [Mon Jul 06 18:40:30 CST 2020]; root of context hierarchy
2020-07-06 18:40:30  [ main:70 ] - [ INFO ]  Loading XML bean definitions from class path resource [applicationContext.xml]
2020-07-06 18:40:33  [ nioEventLoopGroup-3-1:4979 ] - [ INFO ]  Reflections took 56 ms to scan 1 urls, producing 1 keys and 6 values 
2020-07-06 18:40:35  [ nioEventLoopGroup-3-1:6919 ] - [ INFO ]  Reflections took 11 ms to scan 1 urls, producing 1 keys and 6 values 
2020-07-06 20:03:19  [ main:16 ] - [ INFO ]  Refreshing org.springframework.context.support.ClassPathXmlApplicationContext@5680a178: startup date [Mon Jul 06 20:03:19 CST 2020]; root of context hierarchy
2020-07-06 20:03:19  [ main:67 ] - [ INFO ]  Loading XML bean definitions from class path resource [applicationContext.xml]
2020-07-06 20:03:22  [ main:9 ] - [ INFO ]  Refreshing org.springframework.context.support.ClassPathXmlApplicationContext@5680a178: startup date [Mon Jul 06 20:03:22 CST 2020]; root of context hierarchy
2020-07-06 20:03:22  [ main:57 ] - [ INFO ]  Loading XML bean definitions from class path resource [applicationContext.xml]
2020-07-06 20:03:26  [ nioEventLoopGroup-3-1:6710 ] - [ INFO ]  Reflections took 77 ms to scan 1 urls, producing 1 keys and 6 values 
2020-07-06 20:03:28  [ nioEventLoopGroup-3-1:9134 ] - [ INFO ]  Reflections took 7 ms to scan 1 urls, producing 1 keys and 6 values 
2020-07-06 20:04:28  [ main:7 ] - [ INFO ]  Refreshing org.springframework.context.support.ClassPathXmlApplicationContext@5680a178: startup date [Mon Jul 06 20:04:28 CST 2020]; root of context hierarchy
2020-07-06 20:04:28  [ main:54 ] - [ INFO ]  Loading XML bean definitions from class path resource [applicationContext.xml]
2020-07-06 20:04:30  [ main:9 ] - [ INFO ]  Refreshing org.springframework.context.support.ClassPathXmlApplicationContext@5680a178: startup date [Mon Jul 06 20:04:30 CST 2020]; root of context hierarchy
2020-07-06 20:04:30  [ main:57 ] - [ INFO ]  Loading XML bean definitions from class path resource [applicationContext.xml]
2020-07-06 20:04:33  [ nioEventLoopGroup-3-1:5007 ] - [ INFO ]  Reflections took 59 ms to scan 1 urls, producing 1 keys and 6 values 
2020-07-06 20:04:35  [ nioEventLoopGroup-3-1:6965 ] - [ INFO ]  Reflections took 6 ms to scan 1 urls, producing 1 keys and 6 values 
2020-07-06 20:07:26  [ main:9 ] - [ INFO ]  Refreshing org.springframework.context.support.ClassPathXmlApplicationContext@5680a178: startup date [Mon Jul 06 20:07:26 CST 2020]; root of context hierarchy
2020-07-06 20:07:26  [ main:64 ] - [ INFO ]  Loading XML bean definitions from class path resource [applicationContext.xml]
2020-07-06 20:07:29  [ main:10 ] - [ INFO ]  Refreshing org.springframework.context.support.ClassPathXmlApplicationContext@5680a178: startup date [Mon Jul 06 20:07:29 CST 2020]; root of context hierarchy
2020-07-06 20:07:29  [ main:77 ] - [ INFO ]  Loading XML bean definitions from class path resource [applicationContext.xml]
2020-07-06 20:07:31  [ nioEventLoopGroup-3-1:5232 ] - [ INFO ]  Reflections took 65 ms to scan 1 urls, producing 1 keys and 6 values 
2020-07-06 20:07:33  [ nioEventLoopGroup-3-1:7074 ] - [ INFO ]  Reflections took 7 ms to scan 1 urls, producing 1 keys and 6 values 
2020-07-06 20:19:50  [ main:7 ] - [ INFO ]  Refreshing org.springframework.context.support.ClassPathXmlApplicationContext@5680a178: startup date [Mon Jul 06 20:19:50 CST 2020]; root of context hierarchy
2020-07-06 20:19:50  [ main:50 ] - [ INFO ]  Loading XML bean definitions from class path resource [applicationContext.xml]
2020-07-06 20:19:54  [ main:9 ] - [ INFO ]  Refreshing org.springframework.context.support.ClassPathXmlApplicationContext@5680a178: startup date [Mon Jul 06 20:19:54 CST 2020]; root of context hierarchy
2020-07-06 20:19:54  [ main:66 ] - [ INFO ]  Loading XML bean definitions from class path resource [applicationContext.xml]
2020-07-06 20:19:59  [ nioEventLoopGroup-3-1:9221 ] - [ INFO ]  Reflections took 90 ms to scan 1 urls, producing 1 keys and 6 values 
2020-07-06 20:20:03  [ nioEventLoopGroup-3-1:12892 ] - [ INFO ]  Reflections took 15 ms to scan 1 urls, producing 1 keys and 6 values 
2020-07-06 20:20:08  [ nioEventLoopGroup-3-1:17794 ] - [ INFO ]  Reflections took 9 ms to scan 1 urls, producing 1 keys and 6 values 
2020-07-06 20:20:23  [ nioEventLoopGroup-3-1:33097 ] - [ INFO ]  Reflections took 8 ms to scan 1 urls, producing 1 keys and 6 values 
2020-07-06 20:21:40  [ main:6 ] - [ INFO ]  Refreshing org.springframework.context.support.ClassPathXmlApplicationContext@5680a178: startup date [Mon Jul 06 20:21:40 CST 2020]; root of context hierarchy
2020-07-06 20:21:40  [ main:60 ] - [ INFO ]  Loading XML bean definitions from class path resource [applicationContext.xml]
2020-07-06 20:21:43  [ main:26 ] - [ INFO ]  Refreshing org.springframework.context.support.ClassPathXmlApplicationContext@5680a178: startup date [Mon Jul 06 20:21:43 CST 2020]; root of context hierarchy
2020-07-06 20:21:43  [ main:84 ] - [ INFO ]  Loading XML bean definitions from class path resource [applicationContext.xml]
2020-07-06 20:21:46  [ nioEventLoopGroup-3-1:6558 ] - [ INFO ]  Reflections took 139 ms to scan 1 urls, producing 1 keys and 6 values 
2020-07-06 20:21:49  [ nioEventLoopGroup-3-1:9800 ] - [ INFO ]  Reflections took 10 ms to scan 1 urls, producing 1 keys and 6 values 
2020-07-06 20:21:55  [ nioEventLoopGroup-3-1:15296 ] - [ INFO ]  Reflections took 5 ms to scan 1 urls, producing 1 keys and 6 values 
2020-07-06 20:21:58  [ nioEventLoopGroup-3-1:18661 ] - [ INFO ]  Reflections took 5 ms to scan 1 urls, producing 1 keys and 6 values 
2020-07-06 20:22:00  [ nioEventLoopGroup-3-1:20616 ] - [ INFO ]  Reflections took 4 ms to scan 1 urls, producing 1 keys and 6 values 
2020-07-06 20:22:06  [ nioEventLoopGroup-3-1:26671 ] - [ INFO ]  Reflections took 5 ms to scan 1 urls, producing 1 keys and 6 values 
2020-07-06 21:23:09  [ main:22 ] - [ INFO ]  Refreshing org.springframework.context.support.ClassPathXmlApplicationContext@5680a178: startup date [Mon Jul 06 21:23:09 CST 2020]; root of context hierarchy
2020-07-06 21:23:09  [ main:70 ] - [ INFO ]  Loading XML bean definitions from class path resource [applicationContext.xml]
2020-07-06 21:23:14  [ main:9 ] - [ INFO ]  Refreshing org.springframework.context.support.ClassPathXmlApplicationContext@5680a178: startup date [Mon Jul 06 21:23:14 CST 2020]; root of context hierarchy
2020-07-06 21:23:14  [ main:79 ] - [ INFO ]  Loading XML bean definitions from class path resource [applicationContext.xml]
2020-07-06 21:23:22  [ nioEventLoopGroup-3-1:13886 ] - [ INFO ]  Reflections took 73 ms to scan 1 urls, producing 1 keys and 6 values 
2020-07-06 21:23:28  [ nioEventLoopGroup-3-1:19793 ] - [ INFO ]  Reflections took 13 ms to scan 1 urls, producing 1 keys and 6 values 
2020-07-06 21:24:26  [ main:7 ] - [ INFO ]  Refreshing org.springframework.context.support.ClassPathXmlApplicationContext@5680a178: startup date [Mon Jul 06 21:24:26 CST 2020]; root of context hierarchy
2020-07-06 21:24:26  [ main:46 ] - [ INFO ]  Loading XML bean definitions from class path resource [applicationContext.xml]
2020-07-06 21:24:29  [ main:6 ] - [ INFO ]  Refreshing org.springframework.context.support.ClassPathXmlApplicationContext@5680a178: startup date [Mon Jul 06 21:24:29 CST 2020]; root of context hierarchy
2020-07-06 21:24:29  [ main:47 ] - [ INFO ]  Loading XML bean definitions from class path resource [applicationContext.xml]
2020-07-06 21:24:36  [ nioEventLoopGroup-3-1:9969 ] - [ INFO ]  Reflections took 59 ms to scan 1 urls, producing 1 keys and 6 values 
2020-07-06 21:24:40  [ nioEventLoopGroup-3-1:13811 ] - [ INFO ]  Reflections took 12 ms to scan 1 urls, producing 1 keys and 6 values 
2020-07-06 21:24:59  [ main:9 ] - [ INFO ]  Refreshing org.springframework.context.support.ClassPathXmlApplicationContext@5680a178: startup date [Mon Jul 06 21:24:59 CST 2020]; root of context hierarchy
2020-07-06 21:24:59  [ main:70 ] - [ INFO ]  Loading XML bean definitions from class path resource [applicationContext.xml]
2020-07-06 21:25:02  [ main:8 ] - [ INFO ]  Refreshing org.springframework.context.support.ClassPathXmlApplicationContext@5680a178: startup date [Mon Jul 06 21:25:02 CST 2020]; root of context hierarchy
2020-07-06 21:25:02  [ main:68 ] - [ INFO ]  Loading XML bean definitions from class path resource [applicationContext.xml]
2020-07-06 21:25:09  [ nioEventLoopGroup-3-1:9542 ] - [ INFO ]  Reflections took 59 ms to scan 1 urls, producing 1 keys and 6 values 
2020-07-06 21:25:13  [ nioEventLoopGroup-3-1:13423 ] - [ INFO ]  Reflections took 12 ms to scan 1 urls, producing 1 keys and 6 values 
2020-07-06 21:25:23  [ nioEventLoopGroup-3-1:24068 ] - [ INFO ]  Reflections took 10 ms to scan 1 urls, producing 1 keys and 6 values 
2020-07-06 21:44:53  [ main:7 ] - [ INFO ]  Refreshing org.springframework.context.support.ClassPathXmlApplicationContext@5680a178: startup date [Mon Jul 06 21:44:53 CST 2020]; root of context hierarchy
2020-07-06 21:44:53  [ main:43 ] - [ INFO ]  Loading XML bean definitions from class path resource [applicationContext.xml]
2020-07-06 21:44:58  [ main:5 ] - [ INFO ]  Refreshing org.springframework.context.support.ClassPathXmlApplicationContext@5680a178: startup date [Mon Jul 06 21:44:58 CST 2020]; root of context hierarchy
2020-07-06 21:44:58  [ main:78 ] - [ INFO ]  Loading XML bean definitions from class path resource [applicationContext.xml]
2020-07-06 21:45:03  [ nioEventLoopGroup-3-1:9525 ] - [ INFO ]  Reflections took 80 ms to scan 1 urls, producing 1 keys and 6 values 
2020-07-06 21:45:06  [ nioEventLoopGroup-3-1:13081 ] - [ INFO ]  Reflections took 10 ms to scan 1 urls, producing 1 keys and 6 values 
2020-07-06 21:46:37  [ main:8 ] - [ INFO ]  Refreshing org.springframework.context.support.ClassPathXmlApplicationContext@5680a178: startup date [Mon Jul 06 21:46:37 CST 2020]; root of context hierarchy
2020-07-06 21:46:37  [ main:54 ] - [ INFO ]  Loading XML bean definitions from class path resource [applicationContext.xml]
2020-07-06 21:46:40  [ main:8 ] - [ INFO ]  Refreshing org.springframework.context.support.ClassPathXmlApplicationContext@5680a178: startup date [Mon Jul 06 21:46:40 CST 2020]; root of context hierarchy
2020-07-06 21:46:40  [ main:53 ] - [ INFO ]  Loading XML bean definitions from class path resource [applicationContext.xml]
2020-07-06 21:46:44  [ nioEventLoopGroup-3-1:6758 ] - [ INFO ]  Reflections took 154 ms to scan 1 urls, producing 1 keys and 6 values 
2020-07-06 21:46:47  [ nioEventLoopGroup-3-1:10112 ] - [ INFO ]  Reflections took 16 ms to scan 1 urls, producing 1 keys and 6 values 
2020-07-06 21:47:22  [ nioEventLoopGroup-3-1:45301 ] - [ INFO ]  Reflections took 8 ms to scan 1 urls, producing 1 keys and 6 values 
2020-07-06 21:47:35  [ nioEventLoopGroup-3-1:57789 ] - [ INFO ]  Reflections took 4 ms to scan 1 urls, producing 1 keys and 6 values 
2020-07-06 21:47:54  [ nioEventLoopGroup-3-1:76748 ] - [ INFO ]  Reflections took 5 ms to scan 1 urls, producing 1 keys and 6 values 
2020-07-06 21:48:10  [ nioEventLoopGroup-3-1:92880 ] - [ INFO ]  Reflections took 4 ms to scan 1 urls, producing 1 keys and 6 values 
2020-07-06 21:57:12  [ main:5 ] - [ INFO ]  Refreshing org.springframework.context.support.ClassPathXmlApplicationContext@5680a178: startup date [Mon Jul 06 21:57:12 CST 2020]; root of context hierarchy
2020-07-06 21:57:12  [ main:46 ] - [ INFO ]  Loading XML bean definitions from class path resource [applicationContext.xml]
2020-07-06 21:57:36  [ main:8 ] - [ INFO ]  Refreshing org.springframework.context.support.ClassPathXmlApplicationContext@5680a178: startup date [Mon Jul 06 21:57:36 CST 2020]; root of context hierarchy
2020-07-06 21:57:36  [ main:56 ] - [ INFO ]  Loading XML bean definitions from class path resource [applicationContext.xml]
2020-07-06 21:57:39  [ main:10 ] - [ INFO ]  Refreshing org.springframework.context.support.ClassPathXmlApplicationContext@5680a178: startup date [Mon Jul 06 21:57:39 CST 2020]; root of context hierarchy
2020-07-06 21:57:39  [ main:68 ] - [ INFO ]  Loading XML bean definitions from class path resource [applicationContext.xml]
2020-07-06 21:57:42  [ nioEventLoopGroup-3-1:6198 ] - [ INFO ]  Reflections took 73 ms to scan 1 urls, producing 1 keys and 6 values 
2020-07-06 21:57:58  [ nioEventLoopGroup-3-1:22418 ] - [ INFO ]  Reflections took 10 ms to scan 1 urls, producing 1 keys and 6 values 
2020-07-06 22:00:58  [ main:7 ] - [ INFO ]  Refreshing org.springframework.context.support.ClassPathXmlApplicationContext@5680a178: startup date [Mon Jul 06 22:00:58 CST 2020]; root of context hierarchy
2020-07-06 22:00:58  [ main:59 ] - [ INFO ]  Loading XML bean definitions from class path resource [applicationContext.xml]
2020-07-06 22:01:02  [ main:8 ] - [ INFO ]  Refreshing org.springframework.context.support.ClassPathXmlApplicationContext@5680a178: startup date [Mon Jul 06 22:01:02 CST 2020]; root of context hierarchy
2020-07-06 22:01:02  [ main:73 ] - [ INFO ]  Loading XML bean definitions from class path resource [applicationContext.xml]
2020-07-06 22:01:05  [ nioEventLoopGroup-3-1:6644 ] - [ INFO ]  Reflections took 167 ms to scan 1 urls, producing 1 keys and 6 values 
2020-07-06 22:01:09  [ nioEventLoopGroup-3-1:10527 ] - [ INFO ]  Reflections took 14 ms to scan 1 urls, producing 1 keys and 6 values 
2020-07-06 22:01:12  [ nioEventLoopGroup-3-1:14047 ] - [ INFO ]  Reflections took 8 ms to scan 1 urls, producing 1 keys and 6 values 
2020-07-06 22:29:41  [ main:7 ] - [ INFO ]  Refreshing org.springframework.context.support.ClassPathXmlApplicationContext@5680a178: startup date [Mon Jul 06 22:29:41 CST 2020]; root of context hierarchy
2020-07-06 22:29:41  [ main:58 ] - [ INFO ]  Loading XML bean definitions from class path resource [applicationContext.xml]
2020-07-06 22:29:48  [ main:10 ] - [ INFO ]  Refreshing org.springframework.context.support.ClassPathXmlApplicationContext@5680a178: startup date [Mon Jul 06 22:29:48 CST 2020]; root of context hierarchy
2020-07-06 22:29:48  [ main:116 ] - [ INFO ]  Loading XML bean definitions from class path resource [applicationContext.xml]
2020-07-06 22:29:55  [ nioEventLoopGroup-3-1:13529 ] - [ INFO ]  Reflections took 62 ms to scan 1 urls, producing 1 keys and 6 values 
2020-07-06 22:29:59  [ nioEventLoopGroup-3-1:17303 ] - [ INFO ]  Reflections took 12 ms to scan 1 urls, producing 1 keys and 6 values 
2020-07-06 22:32:43  [ main:11 ] - [ INFO ]  Refreshing org.springframework.context.support.ClassPathXmlApplicationContext@9660f4e: startup date [Mon Jul 06 22:32:43 CST 2020]; root of context hierarchy
2020-07-06 22:32:43  [ main:87 ] - [ INFO ]  Loading XML bean definitions from class path resource [applicationContext.xml]
2020-07-06 22:32:50  [ main:7 ] - [ INFO ]  Refreshing org.springframework.context.support.ClassPathXmlApplicationContext@9660f4e: startup date [Mon Jul 06 22:32:49 CST 2020]; root of context hierarchy
2020-07-06 22:32:50  [ main:63 ] - [ INFO ]  Loading XML bean definitions from class path resource [applicationContext.xml]
2020-07-06 22:33:01  [ nioEventLoopGroup-3-1:18241 ] - [ INFO ]  Reflections took 54 ms to scan 1 urls, producing 1 keys and 6 values 
2020-07-06 22:33:12  [ nioEventLoopGroup-3-1:29271 ] - [ INFO ]  Reflections took 14 ms to scan 1 urls, producing 1 keys and 6 values 
2020-07-06 22:37:10  [ main:7 ] - [ INFO ]  Refreshing org.springframework.context.support.ClassPathXmlApplicationContext@5680a178: startup date [Mon Jul 06 22:37:10 CST 2020]; root of context hierarchy
2020-07-06 22:37:10  [ main:59 ] - [ INFO ]  Loading XML bean definitions from class path resource [applicationContext.xml]
2020-07-06 22:37:13  [ main:10 ] - [ INFO ]  Refreshing org.springframework.context.support.ClassPathXmlApplicationContext@5680a178: startup date [Mon Jul 06 22:37:13 CST 2020]; root of context hierarchy
2020-07-06 22:37:13  [ main:84 ] - [ INFO ]  Loading XML bean definitions from class path resource [applicationContext.xml]
2020-07-06 22:37:16  [ nioEventLoopGroup-3-1:6761 ] - [ INFO ]  Reflections took 79 ms to scan 1 urls, producing 1 keys and 6 values 
2020-07-06 22:37:19  [ nioEventLoopGroup-3-1:9322 ] - [ INFO ]  Reflections took 12 ms to scan 1 urls, producing 1 keys and 6 values 
2020-07-06 22:37:47  [ main:7 ] - [ INFO ]  Refreshing org.springframework.context.support.ClassPathXmlApplicationContext@5680a178: startup date [Mon Jul 06 22:37:47 CST 2020]; root of context hierarchy
2020-07-06 22:37:47  [ main:63 ] - [ INFO ]  Loading XML bean definitions from class path resource [applicationContext.xml]
2020-07-06 22:37:50  [ main:6 ] - [ INFO ]  Refreshing org.springframework.context.support.ClassPathXmlApplicationContext@5680a178: startup date [Mon Jul 06 22:37:50 CST 2020]; root of context hierarchy
2020-07-06 22:37:50  [ main:47 ] - [ INFO ]  Loading XML bean definitions from class path resource [applicationContext.xml]
2020-07-06 22:37:52  [ nioEventLoopGroup-3-1:5066 ] - [ INFO ]  Reflections took 72 ms to scan 1 urls, producing 1 keys and 6 values 
2020-07-06 22:37:56  [ nioEventLoopGroup-3-1:8182 ] - [ INFO ]  Reflections took 12 ms to scan 1 urls, producing 1 keys and 6 values 
2020-07-06 22:40:27  [ main:9 ] - [ INFO ]  Refreshing org.springframework.context.support.ClassPathXmlApplicationContext@5680a178: startup date [Mon Jul 06 22:40:27 CST 2020]; root of context hierarchy
2020-07-06 22:40:27  [ main:53 ] - [ INFO ]  Loading XML bean definitions from class path resource [applicationContext.xml]
2020-07-06 22:40:29  [ main:12 ] - [ INFO ]  Refreshing org.springframework.context.support.ClassPathXmlApplicationContext@5680a178: startup date [Mon Jul 06 22:40:29 CST 2020]; root of context hierarchy
2020-07-06 22:40:30  [ main:95 ] - [ INFO ]  Loading XML bean definitions from class path resource [applicationContext.xml]
2020-07-06 22:40:34  [ nioEventLoopGroup-3-1:6260 ] - [ INFO ]  Reflections took 70 ms to scan 1 urls, producing 1 keys and 6 values 
2020-07-06 22:40:36  [ nioEventLoopGroup-3-1:9076 ] - [ INFO ]  Reflections took 17 ms to scan 1 urls, producing 1 keys and 6 values 
