2020-06-17 09:22:04  [ main:0 ] - [ DEBUG ]  Using SLF4J as the default logging framework
2020-06-17 09:22:04  [ main:7 ] - [ DEBUG ]  -Dio.netty.eventLoopThreads: 16
2020-06-17 09:22:04  [ main:38 ] - [ DEBUG ]  -Dio.netty.threadLocalMap.stringBuilder.initialSize: 1024
2020-06-17 09:22:04  [ main:39 ] - [ DEBUG ]  -Dio.netty.threadLocalMap.stringBuilder.maxSize: 4096
2020-06-17 09:22:04  [ main:46 ] - [ DEBUG ]  -Dio.netty.noKeySetOptimization: false
2020-06-17 09:22:04  [ main:46 ] - [ DEBUG ]  -Dio.netty.selectorAutoRebuildThreshold: 512
2020-06-17 09:22:04  [ main:65 ] - [ DEBUG ]  Platform: Windows
2020-06-17 09:22:04  [ main:67 ] - [ DEBUG ]  -Dio.netty.noUnsafe: false
2020-06-17 09:22:04  [ main:67 ] - [ DEBUG ]  Java version: 8
2020-06-17 09:22:04  [ main:69 ] - [ DEBUG ]  sun.misc.Unsafe.theUnsafe: available
2020-06-17 09:22:04  [ main:70 ] - [ DEBUG ]  sun.misc.Unsafe.copyMemory: available
2020-06-17 09:22:04  [ main:70 ] - [ DEBUG ]  java.nio.Buffer.address: available
2020-06-17 09:22:04  [ main:71 ] - [ DEBUG ]  direct buffer constructor: available
2020-06-17 09:22:04  [ main:71 ] - [ DEBUG ]  java.nio.Bits.unaligned: available, true
2020-06-17 09:22:04  [ main:71 ] - [ DEBUG ]  jdk.internal.misc.Unsafe.allocateUninitializedArray(int): unavailable prior to Java9
2020-06-17 09:22:04  [ main:71 ] - [ DEBUG ]  java.nio.DirectByteBuffer.<init>(long, int): available
2020-06-17 09:22:04  [ main:72 ] - [ DEBUG ]  sun.misc.Unsafe: available
2020-06-17 09:22:04  [ main:72 ] - [ DEBUG ]  -Dio.netty.tmpdir: C:\Users\andy\AppData\Local\Temp (java.io.tmpdir)
2020-06-17 09:22:04  [ main:72 ] - [ DEBUG ]  -Dio.netty.bitMode: 64 (sun.arch.data.model)
2020-06-17 09:22:04  [ main:73 ] - [ DEBUG ]  -Dio.netty.maxDirectMemory: 1875378176 bytes
2020-06-17 09:22:04  [ main:73 ] - [ DEBUG ]  -Dio.netty.uninitializedArrayAllocationThreshold: -1
2020-06-17 09:22:04  [ main:74 ] - [ DEBUG ]  java.nio.ByteBuffer.cleaner(): available
2020-06-17 09:22:04  [ main:74 ] - [ DEBUG ]  -Dio.netty.noPreferDirect: false
2020-06-17 09:22:04  [ main:82 ] - [ DEBUG ]  org.jctools-core.MpscChunkedArrayQueue: available
2020-06-17 09:22:05  [ main:515 ] - [ DEBUG ]  -Dio.netty.processId: 24156 (auto-detected)
2020-06-17 09:22:05  [ main:516 ] - [ DEBUG ]  -Djava.net.preferIPv4Stack: false
2020-06-17 09:22:05  [ main:516 ] - [ DEBUG ]  -Djava.net.preferIPv6Addresses: false
2020-06-17 09:22:05  [ main:824 ] - [ DEBUG ]  Loopback interface: lo (Software Loopback Interface 1, 127.0.0.1)
2020-06-17 09:22:05  [ main:825 ] - [ DEBUG ]  Failed to get SOMAXCONN from sysctl and file \proc\sys\net\core\somaxconn. Default: 200
2020-06-17 09:22:05  [ main:1146 ] - [ DEBUG ]  -Dio.netty.machineId: 98:e7:43:ff:fe:45:b4:5d (auto-detected)
2020-06-17 09:22:05  [ main:1159 ] - [ DEBUG ]  -Dio.netty.leakDetection.level: simple
2020-06-17 09:22:05  [ main:1160 ] - [ DEBUG ]  -Dio.netty.leakDetection.targetRecords: 4
2020-06-17 09:22:05  [ main:1184 ] - [ DEBUG ]  -Dio.netty.allocator.numHeapArenas: 16
2020-06-17 09:22:05  [ main:1184 ] - [ DEBUG ]  -Dio.netty.allocator.numDirectArenas: 16
2020-06-17 09:22:05  [ main:1184 ] - [ DEBUG ]  -Dio.netty.allocator.pageSize: 8192
2020-06-17 09:22:05  [ main:1184 ] - [ DEBUG ]  -Dio.netty.allocator.maxOrder: 11
2020-06-17 09:22:05  [ main:1184 ] - [ DEBUG ]  -Dio.netty.allocator.chunkSize: 16777216
2020-06-17 09:22:05  [ main:1184 ] - [ DEBUG ]  -Dio.netty.allocator.tinyCacheSize: 512
2020-06-17 09:22:05  [ main:1184 ] - [ DEBUG ]  -Dio.netty.allocator.smallCacheSize: 256
2020-06-17 09:22:05  [ main:1184 ] - [ DEBUG ]  -Dio.netty.allocator.normalCacheSize: 64
2020-06-17 09:22:05  [ main:1184 ] - [ DEBUG ]  -Dio.netty.allocator.maxCachedBufferCapacity: 32768
2020-06-17 09:22:05  [ main:1184 ] - [ DEBUG ]  -Dio.netty.allocator.cacheTrimInterval: 8192
2020-06-17 09:22:05  [ main:1184 ] - [ DEBUG ]  -Dio.netty.allocator.cacheTrimIntervalMillis: 0
2020-06-17 09:22:05  [ main:1184 ] - [ DEBUG ]  -Dio.netty.allocator.useCacheForAllThreads: true
2020-06-17 09:22:05  [ main:1184 ] - [ DEBUG ]  -Dio.netty.allocator.maxCachedByteBuffersPerChunk: 1023
2020-06-17 09:22:05  [ main:1191 ] - [ DEBUG ]  -Dio.netty.allocator.type: pooled
2020-06-17 09:22:05  [ main:1191 ] - [ DEBUG ]  -Dio.netty.threadLocalDirectBufferSize: 0
2020-06-17 09:22:05  [ main:1191 ] - [ DEBUG ]  -Dio.netty.maxThreadLocalCharBufferSize: 16384
2020-06-17 09:22:08  [ main:0 ] - [ DEBUG ]  Using SLF4J as the default logging framework
2020-06-17 09:22:08  [ main:7 ] - [ DEBUG ]  -Dio.netty.eventLoopThreads: 16
2020-06-17 09:22:08  [ main:32 ] - [ DEBUG ]  -Dio.netty.threadLocalMap.stringBuilder.initialSize: 1024
2020-06-17 09:22:08  [ main:32 ] - [ DEBUG ]  -Dio.netty.threadLocalMap.stringBuilder.maxSize: 4096
2020-06-17 09:22:08  [ main:41 ] - [ DEBUG ]  -Dio.netty.noKeySetOptimization: false
2020-06-17 09:22:08  [ main:42 ] - [ DEBUG ]  -Dio.netty.selectorAutoRebuildThreshold: 512
2020-06-17 09:22:08  [ main:71 ] - [ DEBUG ]  Platform: Windows
2020-06-17 09:22:08  [ main:74 ] - [ DEBUG ]  -Dio.netty.noUnsafe: false
2020-06-17 09:22:08  [ main:74 ] - [ DEBUG ]  Java version: 8
2020-06-17 09:22:08  [ main:76 ] - [ DEBUG ]  sun.misc.Unsafe.theUnsafe: available
2020-06-17 09:22:08  [ main:78 ] - [ DEBUG ]  sun.misc.Unsafe.copyMemory: available
2020-06-17 09:22:08  [ main:79 ] - [ DEBUG ]  java.nio.Buffer.address: available
2020-06-17 09:22:08  [ main:79 ] - [ DEBUG ]  direct buffer constructor: available
2020-06-17 09:22:08  [ main:80 ] - [ DEBUG ]  java.nio.Bits.unaligned: available, true
2020-06-17 09:22:08  [ main:80 ] - [ DEBUG ]  jdk.internal.misc.Unsafe.allocateUninitializedArray(int): unavailable prior to Java9
2020-06-17 09:22:08  [ main:81 ] - [ DEBUG ]  java.nio.DirectByteBuffer.<init>(long, int): available
2020-06-17 09:22:08  [ main:81 ] - [ DEBUG ]  sun.misc.Unsafe: available
2020-06-17 09:22:08  [ main:81 ] - [ DEBUG ]  -Dio.netty.tmpdir: C:\Users\andy\AppData\Local\Temp (java.io.tmpdir)
2020-06-17 09:22:08  [ main:81 ] - [ DEBUG ]  -Dio.netty.bitMode: 64 (sun.arch.data.model)
2020-06-17 09:22:08  [ main:83 ] - [ DEBUG ]  -Dio.netty.maxDirectMemory: 1875378176 bytes
2020-06-17 09:22:08  [ main:83 ] - [ DEBUG ]  -Dio.netty.uninitializedArrayAllocationThreshold: -1
2020-06-17 09:22:08  [ main:84 ] - [ DEBUG ]  java.nio.ByteBuffer.cleaner(): available
2020-06-17 09:22:08  [ main:84 ] - [ DEBUG ]  -Dio.netty.noPreferDirect: false
2020-06-17 09:22:08  [ main:97 ] - [ DEBUG ]  org.jctools-core.MpscChunkedArrayQueue: available
2020-06-17 09:22:08  [ main:693 ] - [ DEBUG ]  -Dio.netty.processId: 28516 (auto-detected)
2020-06-17 09:22:08  [ main:695 ] - [ DEBUG ]  -Djava.net.preferIPv4Stack: false
2020-06-17 09:22:08  [ main:695 ] - [ DEBUG ]  -Djava.net.preferIPv6Addresses: false
2020-06-17 09:22:09  [ main:1021 ] - [ DEBUG ]  Loopback interface: lo (Software Loopback Interface 1, 127.0.0.1)
2020-06-17 09:22:09  [ main:1022 ] - [ DEBUG ]  Failed to get SOMAXCONN from sysctl and file \proc\sys\net\core\somaxconn. Default: 200
2020-06-17 09:22:09  [ main:1370 ] - [ DEBUG ]  -Dio.netty.machineId: 98:e7:43:ff:fe:45:b4:5d (auto-detected)
2020-06-17 09:22:09  [ main:1388 ] - [ DEBUG ]  -Dio.netty.leakDetection.level: simple
2020-06-17 09:22:09  [ main:1388 ] - [ DEBUG ]  -Dio.netty.leakDetection.targetRecords: 4
2020-06-17 09:22:09  [ main:1411 ] - [ DEBUG ]  -Dio.netty.allocator.numHeapArenas: 16
2020-06-17 09:22:09  [ main:1411 ] - [ DEBUG ]  -Dio.netty.allocator.numDirectArenas: 16
2020-06-17 09:22:09  [ main:1411 ] - [ DEBUG ]  -Dio.netty.allocator.pageSize: 8192
2020-06-17 09:22:09  [ main:1411 ] - [ DEBUG ]  -Dio.netty.allocator.maxOrder: 11
2020-06-17 09:22:09  [ main:1411 ] - [ DEBUG ]  -Dio.netty.allocator.chunkSize: 16777216
2020-06-17 09:22:09  [ main:1411 ] - [ DEBUG ]  -Dio.netty.allocator.tinyCacheSize: 512
2020-06-17 09:22:09  [ main:1411 ] - [ DEBUG ]  -Dio.netty.allocator.smallCacheSize: 256
2020-06-17 09:22:09  [ main:1411 ] - [ DEBUG ]  -Dio.netty.allocator.normalCacheSize: 64
2020-06-17 09:22:09  [ main:1411 ] - [ DEBUG ]  -Dio.netty.allocator.maxCachedBufferCapacity: 32768
2020-06-17 09:22:09  [ main:1411 ] - [ DEBUG ]  -Dio.netty.allocator.cacheTrimInterval: 8192
2020-06-17 09:22:09  [ main:1411 ] - [ DEBUG ]  -Dio.netty.allocator.cacheTrimIntervalMillis: 0
2020-06-17 09:22:09  [ main:1411 ] - [ DEBUG ]  -Dio.netty.allocator.useCacheForAllThreads: true
2020-06-17 09:22:09  [ main:1411 ] - [ DEBUG ]  -Dio.netty.allocator.maxCachedByteBuffersPerChunk: 1023
2020-06-17 09:22:09  [ main:1420 ] - [ DEBUG ]  -Dio.netty.allocator.type: pooled
2020-06-17 09:22:09  [ main:1420 ] - [ DEBUG ]  -Dio.netty.threadLocalDirectBufferSize: 0
2020-06-17 09:22:09  [ main:1420 ] - [ DEBUG ]  -Dio.netty.maxThreadLocalCharBufferSize: 16384
2020-06-17 09:22:14  [ main:0 ] - [ DEBUG ]  Using SLF4J as the default logging framework
2020-06-17 09:22:14  [ main:3 ] - [ DEBUG ]  -Dio.netty.eventLoopThreads: 16
2020-06-17 09:22:14  [ main:29 ] - [ DEBUG ]  -Dio.netty.threadLocalMap.stringBuilder.initialSize: 1024
2020-06-17 09:22:14  [ main:29 ] - [ DEBUG ]  -Dio.netty.threadLocalMap.stringBuilder.maxSize: 4096
2020-06-17 09:22:14  [ main:38 ] - [ DEBUG ]  -Dio.netty.noKeySetOptimization: false
2020-06-17 09:22:14  [ main:38 ] - [ DEBUG ]  -Dio.netty.selectorAutoRebuildThreshold: 512
2020-06-17 09:22:14  [ main:66 ] - [ DEBUG ]  Platform: Windows
2020-06-17 09:22:14  [ main:67 ] - [ DEBUG ]  -Dio.netty.noUnsafe: false
2020-06-17 09:22:14  [ main:67 ] - [ DEBUG ]  Java version: 8
2020-06-17 09:22:14  [ main:68 ] - [ DEBUG ]  sun.misc.Unsafe.theUnsafe: available
2020-06-17 09:22:14  [ main:70 ] - [ DEBUG ]  sun.misc.Unsafe.copyMemory: available
2020-06-17 09:22:14  [ main:70 ] - [ DEBUG ]  java.nio.Buffer.address: available
2020-06-17 09:22:14  [ main:70 ] - [ DEBUG ]  direct buffer constructor: available
2020-06-17 09:22:14  [ main:71 ] - [ DEBUG ]  java.nio.Bits.unaligned: available, true
2020-06-17 09:22:14  [ main:71 ] - [ DEBUG ]  jdk.internal.misc.Unsafe.allocateUninitializedArray(int): unavailable prior to Java9
2020-06-17 09:22:14  [ main:71 ] - [ DEBUG ]  java.nio.DirectByteBuffer.<init>(long, int): available
2020-06-17 09:22:14  [ main:71 ] - [ DEBUG ]  sun.misc.Unsafe: available
2020-06-17 09:22:14  [ main:72 ] - [ DEBUG ]  -Dio.netty.tmpdir: C:\Users\andy\AppData\Local\Temp (java.io.tmpdir)
2020-06-17 09:22:14  [ main:72 ] - [ DEBUG ]  -Dio.netty.bitMode: 64 (sun.arch.data.model)
2020-06-17 09:22:14  [ main:73 ] - [ DEBUG ]  -Dio.netty.maxDirectMemory: 1875378176 bytes
2020-06-17 09:22:14  [ main:73 ] - [ DEBUG ]  -Dio.netty.uninitializedArrayAllocationThreshold: -1
2020-06-17 09:22:14  [ main:74 ] - [ DEBUG ]  java.nio.ByteBuffer.cleaner(): available
2020-06-17 09:22:14  [ main:74 ] - [ DEBUG ]  -Dio.netty.noPreferDirect: false
2020-06-17 09:22:14  [ main:84 ] - [ DEBUG ]  org.jctools-core.MpscChunkedArrayQueue: available
2020-06-17 09:22:14  [ main:608 ] - [ DEBUG ]  -Dio.netty.processId: 28488 (auto-detected)
2020-06-17 09:22:14  [ main:610 ] - [ DEBUG ]  -Djava.net.preferIPv4Stack: false
2020-06-17 09:22:14  [ main:610 ] - [ DEBUG ]  -Djava.net.preferIPv6Addresses: false
2020-06-17 09:22:15  [ main:934 ] - [ DEBUG ]  Loopback interface: lo (Software Loopback Interface 1, 127.0.0.1)
2020-06-17 09:22:15  [ main:935 ] - [ DEBUG ]  Failed to get SOMAXCONN from sysctl and file \proc\sys\net\core\somaxconn. Default: 200
2020-06-17 09:22:15  [ main:1398 ] - [ DEBUG ]  -Dio.netty.machineId: 98:e7:43:ff:fe:45:b4:5d (auto-detected)
2020-06-17 09:22:15  [ main:1412 ] - [ DEBUG ]  -Dio.netty.leakDetection.level: simple
2020-06-17 09:22:15  [ main:1413 ] - [ DEBUG ]  -Dio.netty.leakDetection.targetRecords: 4
2020-06-17 09:22:15  [ main:1443 ] - [ DEBUG ]  -Dio.netty.allocator.numHeapArenas: 16
2020-06-17 09:22:15  [ main:1443 ] - [ DEBUG ]  -Dio.netty.allocator.numDirectArenas: 16
2020-06-17 09:22:15  [ main:1443 ] - [ DEBUG ]  -Dio.netty.allocator.pageSize: 8192
2020-06-17 09:22:15  [ main:1443 ] - [ DEBUG ]  -Dio.netty.allocator.maxOrder: 11
2020-06-17 09:22:15  [ main:1443 ] - [ DEBUG ]  -Dio.netty.allocator.chunkSize: 16777216
2020-06-17 09:22:15  [ main:1443 ] - [ DEBUG ]  -Dio.netty.allocator.tinyCacheSize: 512
2020-06-17 09:22:15  [ main:1443 ] - [ DEBUG ]  -Dio.netty.allocator.smallCacheSize: 256
2020-06-17 09:22:15  [ main:1443 ] - [ DEBUG ]  -Dio.netty.allocator.normalCacheSize: 64
2020-06-17 09:22:15  [ main:1443 ] - [ DEBUG ]  -Dio.netty.allocator.maxCachedBufferCapacity: 32768
2020-06-17 09:22:15  [ main:1443 ] - [ DEBUG ]  -Dio.netty.allocator.cacheTrimInterval: 8192
2020-06-17 09:22:15  [ main:1443 ] - [ DEBUG ]  -Dio.netty.allocator.cacheTrimIntervalMillis: 0
2020-06-17 09:22:15  [ main:1443 ] - [ DEBUG ]  -Dio.netty.allocator.useCacheForAllThreads: true
2020-06-17 09:22:15  [ main:1443 ] - [ DEBUG ]  -Dio.netty.allocator.maxCachedByteBuffersPerChunk: 1023
2020-06-17 09:22:15  [ main:1450 ] - [ DEBUG ]  -Dio.netty.allocator.type: pooled
2020-06-17 09:22:15  [ main:1450 ] - [ DEBUG ]  -Dio.netty.threadLocalDirectBufferSize: 0
2020-06-17 09:22:15  [ main:1450 ] - [ DEBUG ]  -Dio.netty.maxThreadLocalCharBufferSize: 16384
2020-06-17 09:22:15  [ nioEventLoopGroup-3-2:11173 ] - [ DEBUG ]  -Dio.netty.recycler.maxCapacityPerThread: 4096
2020-06-17 09:22:15  [ nioEventLoopGroup-3-2:11173 ] - [ DEBUG ]  -Dio.netty.recycler.maxSharedCapacityFactor: 2
2020-06-17 09:22:15  [ nioEventLoopGroup-3-2:11173 ] - [ DEBUG ]  -Dio.netty.recycler.linkCapacity: 16
2020-06-17 09:22:15  [ nioEventLoopGroup-3-2:11173 ] - [ DEBUG ]  -Dio.netty.recycler.ratio: 8
2020-06-17 09:22:15  [ nioEventLoopGroup-3-1:11186 ] - [ DEBUG ]  -Dio.netty.buffer.checkAccessible: true
2020-06-17 09:22:15  [ nioEventLoopGroup-3-1:11186 ] - [ DEBUG ]  -Dio.netty.buffer.checkBounds: true
2020-06-17 09:22:15  [ nioEventLoopGroup-3-1:11187 ] - [ DEBUG ]  Loaded default ResourceLeakDetector: io.netty.util.ResourceLeakDetector@18f0436b
2020-06-17 09:22:15  [ nioEventLoopGroup-2-1:7504 ] - [ DEBUG ]  -Dio.netty.recycler.maxCapacityPerThread: 4096
2020-06-17 09:22:15  [ nioEventLoopGroup-2-1:7504 ] - [ DEBUG ]  -Dio.netty.recycler.maxSharedCapacityFactor: 2
2020-06-17 09:22:15  [ nioEventLoopGroup-2-1:7504 ] - [ DEBUG ]  -Dio.netty.recycler.linkCapacity: 16
2020-06-17 09:22:15  [ nioEventLoopGroup-2-1:7504 ] - [ DEBUG ]  -Dio.netty.recycler.ratio: 8
2020-06-17 09:22:15  [ nioEventLoopGroup-2-1:7511 ] - [ DEBUG ]  -Dio.netty.buffer.checkAccessible: true
2020-06-17 09:22:15  [ nioEventLoopGroup-2-1:7511 ] - [ DEBUG ]  -Dio.netty.buffer.checkBounds: true
2020-06-17 09:22:15  [ nioEventLoopGroup-2-1:7511 ] - [ DEBUG ]  Loaded default ResourceLeakDetector: io.netty.util.ResourceLeakDetector@2d84aa28
